{"ts":1594233090893458885,"msg":"","group_id":"single","run_id":"34d673cc-c149-11ea-be4e-04d4c45522e8","event":{"type":"message","message":"registering default http handler at: http://[::]:6060/ (pprof: http://[::]:6060/debug/pprof/)"}}
{"ts":1594233090893504644,"msg":"","group_id":"single","run_id":"34d673cc-c149-11ea-be4e-04d4c45522e8","event":{"type":"start","runenv":{"plan":"bitswap-tuning","case":"transfer","params":{"bandwidth_mb":"1024","bstore_delay_ms":"5","file_size":"4194304","jitter_pct":"10","latency_ms":"5","leech_count":"1","parallel_gen_mb":"100","passive_count":"0","request_stagger":"0","run_count":"1","run_timeout_secs":"90","timeout_secs":"300"},"instances":2,"outputs_path":"/outputs","network":"ip+net","group":"single","group_instances":2}}}
{"ts":1594233090998662648,"msg":"","group_id":"single","run_id":"34d673cc-c149-11ea-be4e-04d4c45522e8","event":{"type":"message","message":"I am QmYPvvP4WRJpRKaV1VuzdwvUJLs3p6dv116mbGzgLvPVzu with addrs: [/ip4/127.0.0.1/tcp/40049 /ip4/192.18.0.6/tcp/40049 /ip4/16.0.0.2/tcp/40049]"}}
{"ts":1594233090998884883,"msg":"","group_id":"single","run_id":"34d673cc-c149-11ea-be4e-04d4c45522e8","event":{"type":"message","message":"I am Leech 0 - seq 1 / 2"}}
{"ts":1594233091027806166,"msg":"","group_id":"single","run_id":"34d673cc-c149-11ea-be4e-04d4c45522e8","event":{"type":"message","message":"network initialisation successful"}}
{"ts":1594233091027833137,"msg":"","group_id":"single","run_id":"34d673cc-c149-11ea-be4e-04d4c45522e8","event":{"type":"message","message":"Leech 0 has 5ms latency (10% jitter) and 1024MB bandwidth"}}
{"ts":1594233093029858020,"msg":"","group_id":"single","run_id":"34d673cc-c149-11ea-be4e-04d4c45522e8","event":{"type":"message","message":"Starting run 1 / 1 (4194304 bytes)"}}
{"ts":1594233093034170283,"msg":"","group_id":"single","run_id":"34d673cc-c149-11ea-be4e-04d4c45522e8","event":{"type":"message","message":"Dialed 0 other nodes"}}
{"ts":1594233094035242885,"msg":"","group_id":"single","run_id":"34d673cc-c149-11ea-be4e-04d4c45522e8","event":{"type":"message","message":"Leech fetching data after 0s delay"}}
{"ts":1594233094257871022,"msg":"","group_id":"single","run_id":"34d673cc-c149-11ea-be4e-04d4c45522e8","event":{"type":"message","message":"Leech fetch complete (222.545946ms)"}}
{"ts":1594233094259055615,"msg":"","group_id":"single","run_id":"34d673cc-c149-11ea-be4e-04d4c45522e8","event":{"type":"metric","metric":{"name":"latencyMS:5/bandwidthMB:1024/run:1/seq:1/groupName:single/groupSeq:1/fileSize:4194304/nodeType:Leech/nodeTypeIndex:0/name:time_to_fetch","unit":"ns","dir":-1,"value":222545946}}}
{"ts":1594233094259128463,"msg":"","group_id":"single","run_id":"34d673cc-c149-11ea-be4e-04d4c45522e8","event":{"type":"metric","metric":{"name":"latencyMS:5/bandwidthMB:1024/run:1/seq:1/groupName:single/groupSeq:1/fileSize:4194304/nodeType:Leech/nodeTypeIndex:0/name:msgs_rcvd","unit":"messages","dir":-1,"value":17}}}
{"ts":1594233094259155144,"msg":"","group_id":"single","run_id":"34d673cc-c149-11ea-be4e-04d4c45522e8","event":{"type":"metric","metric":{"name":"latencyMS:5/bandwidthMB:1024/run:1/seq:1/groupName:single/groupSeq:1/fileSize:4194304/nodeType:Leech/nodeTypeIndex:0/name:data_sent","unit":"bytes","dir":-1,"value":0}}}
{"ts":1594233094259179138,"msg":"","group_id":"single","run_id":"34d673cc-c149-11ea-be4e-04d4c45522e8","event":{"type":"metric","metric":{"name":"latencyMS:5/bandwidthMB:1024/run:1/seq:1/groupName:single/groupSeq:1/fileSize:4194304/nodeType:Leech/nodeTypeIndex:0/name:data_rcvd","unit":"bytes","dir":-1,"value":4195337}}}
{"ts":1594233094259224845,"msg":"","group_id":"single","run_id":"34d673cc-c149-11ea-be4e-04d4c45522e8","event":{"type":"metric","metric":{"name":"latencyMS:5/bandwidthMB:1024/run:1/seq:1/groupName:single/groupSeq:1/fileSize:4194304/nodeType:Leech/nodeTypeIndex:0/name:dup_data_rcvd","unit":"bytes","dir":-1,"value":0}}}
{"ts":1594233094259247048,"msg":"","group_id":"single","run_id":"34d673cc-c149-11ea-be4e-04d4c45522e8","event":{"type":"metric","metric":{"name":"latencyMS:5/bandwidthMB:1024/run:1/seq:1/groupName:single/groupSeq:1/fileSize:4194304/nodeType:Leech/nodeTypeIndex:0/name:blks_sent","unit":"blocks","dir":-1,"value":0}}}
{"ts":1594233094259306301,"msg":"","group_id":"single","run_id":"34d673cc-c149-11ea-be4e-04d4c45522e8","event":{"type":"metric","metric":{"name":"latencyMS:5/bandwidthMB:1024/run:1/seq:1/groupName:single/groupSeq:1/fileSize:4194304/nodeType:Leech/nodeTypeIndex:0/name:blks_rcvd","unit":"blocks","dir":-1,"value":17}}}
{"ts":1594233094259338039,"msg":"","group_id":"single","run_id":"34d673cc-c149-11ea-be4e-04d4c45522e8","event":{"type":"metric","metric":{"name":"latencyMS:5/bandwidthMB:1024/run:1/seq:1/groupName:single/groupSeq:1/fileSize:4194304/nodeType:Leech/nodeTypeIndex:0/name:dup_blks_rcvd","unit":"blocks","dir":-1,"value":0}}}
{"ts":1594233095355190119,"msg":"","group_id":"single","run_id":"34d673cc-c149-11ea-be4e-04d4c45522e8","event":{"type":"finish","outcome":"ok"}}
{"ts":1594233095355671150,"msg":"","group_id":"single","run_id":"34d673cc-c149-11ea-be4e-04d4c45522e8","event":{"type":"finish","outcome":"ok"}}
{"ts":1594233095358315774,"msg":"","group_id":"single","run_id":"34d673cc-c149-11ea-be4e-04d4c45522e8","event":{"type":"message","message":"io closed"}}
