{"ts":1593817449530564113,"type":"gauge","name":"runtime.MemStats.Mallocs","measures":{"value":2945}}
{"ts":1593817449530935509,"type":"gauge","name":"runtime.MemStats.PauseTotalNs","measures":{"value":0}}
{"ts":1593817449531000080,"type":"gauge","name":"runtime.MemStats.Sys","measures":{"value":73351424}}
{"ts":1593817449531036179,"type":"timer","name":"runtime.ReadMemStats","measures":{"count":1,"m1":0,"m15":0,"m5":0,"max":212723,"mean":212723,"meanrate":0.1999696837560699,"min":212723,"p50":212723,"p75":212723,"p95":212723,"p99":212723,"p999":212723,"p9999":212723,"stddev":0,"variance":0}}
{"ts":1593817449531638403,"type":"gauge","name":"runtime.MemStats.MSpanSys","measures":{"value":49152}}
{"ts":1593817449531717244,"type":"gauge","name":"runtime.NumGoroutine","measures":{"value":13}}
{"ts":1593817449531781527,"type":"gauge","name":"runtime.NumThread","measures":{"value":7}}
{"ts":1593817449531817352,"type":"gauge","name":"runtime.MemStats.EnableGC","measures":{"value":1}}
{"ts":1593817449531855659,"type":"gauge","name":"runtime.MemStats.HeapAlloc","measures":{"value":655560}}
{"ts":1593817449531889789,"type":"gauge","name":"runtime.MemStats.GCCPUFraction","measures":{"value":0}}
{"ts":1593817449531921481,"type":"gauge","name":"runtime.MemStats.NextGC","measures":{"value":4473924}}
{"ts":1593817449531970250,"type":"gauge","name":"runtime.MemStats.HeapIdle","measures":{"value":64839680}}
{"ts":1593817449531998105,"type":"gauge","name":"runtime.MemStats.HeapInuse","measures":{"value":1843200}}
{"ts":1593817449532035681,"type":"gauge","name":"runtime.MemStats.MCacheInuse","measures":{"value":10416}}
{"ts":1593817449532069997,"type":"gauge","name":"runtime.MemStats.MSpanInuse","measures":{"value":45696}}
{"ts":1593817449532101167,"type":"gauge","name":"runtime.MemStats.StackSys","measures":{"value":425984}}
{"ts":1593817449532127930,"type":"gauge","name":"runtime.MemStats.DebugGC","measures":{"value":0}}
{"ts":1593817449532157233,"type":"gauge","name":"runtime.MemStats.HeapSys","measures":{"value":66682880}}
{"ts":1593817449532182910,"type":"gauge","name":"runtime.MemStats.LastGC","measures":{"value":0}}
{"ts":1593817449532226536,"type":"gauge","name":"runtime.MemStats.Lookups","measures":{"value":0}}
{"ts":1593817449532254573,"type":"histogram","name":"runtime.MemStats.PauseNs","measures":{"count":0,"max":0,"mean":0,"min":0,"p50":0,"p75":0,"p95":0,"p99":0,"p999":0,"p9999":0,"stddev":0,"variance":0}}
{"ts":1593817449532542692,"type":"gauge","name":"runtime.MemStats.BuckHashSys","measures":{"value":1444198}}
{"ts":1593817449532599779,"type":"gauge","name":"runtime.MemStats.Frees","measures":{"value":137}}
{"ts":1593817449532630692,"type":"gauge","name":"runtime.MemStats.HeapReleased","measures":{"value":64806912}}
{"ts":1593817449532775209,"type":"gauge","name":"runtime.NumCgoCall","measures":{"value":5}}
{"ts":1593817449532812836,"type":"gauge","name":"runtime.MemStats.HeapObjects","measures":{"value":2808}}
{"ts":1593817449532853079,"type":"gauge","name":"runtime.MemStats.MCacheSys","measures":{"value":16384}}
{"ts":1593817449532880731,"type":"gauge","name":"runtime.MemStats.StackInuse","measures":{"value":425984}}
{"ts":1593817449532910344,"type":"gauge","name":"runtime.MemStats.Alloc","measures":{"value":655560}}
{"ts":1593817449532935334,"type":"gauge","name":"runtime.MemStats.NumGC","measures":{"value":0}}
{"ts":1593817449532963820,"type":"gauge","name":"runtime.MemStats.TotalAlloc","measures":{"value":655560}}
{"ts":1593817454532628754,"type":"gauge","name":"runtime.MemStats.BuckHashSys","measures":{"value":1444198}}
{"ts":1593817454532705948,"type":"gauge","name":"runtime.MemStats.Frees","measures":{"value":321}}
{"ts":1593817454532753885,"type":"gauge","name":"runtime.MemStats.HeapReleased","measures":{"value":64643072}}
{"ts":1593817454532790895,"type":"gauge","name":"runtime.MemStats.Lookups","measures":{"value":0}}
{"ts":1593817454532824667,"type":"histogram","name":"runtime.MemStats.PauseNs","measures":{"count":0,"max":0,"mean":0,"min":0,"p50":0,"p75":0,"p95":0,"p99":0,"p999":0,"p9999":0,"stddev":0,"variance":0}}
{"ts":1593817454533177740,"type":"gauge","name":"runtime.MemStats.HeapObjects","measures":{"value":4796}}
{"ts":1593817454533220746,"type":"gauge","name":"runtime.MemStats.MCacheSys","measures":{"value":16384}}
{"ts":1593817454533255173,"type":"gauge","name":"runtime.MemStats.StackInuse","measures":{"value":458752}}
{"ts":1593817454533281180,"type":"gauge","name":"runtime.NumCgoCall","measures":{"value":0}}
{"ts":1593817454533317062,"type":"gauge","name":"runtime.MemStats.Alloc","measures":{"value":805880}}
{"ts":1593817454533348706,"type":"gauge","name":"runtime.MemStats.NumGC","measures":{"value":0}}
{"ts":1593817454533372694,"type":"gauge","name":"runtime.MemStats.TotalAlloc","measures":{"value":805880}}
{"ts":1593817454533418501,"type":"gauge","name":"runtime.MemStats.Mallocs","measures":{"value":2309}}
{"ts":1593817454533450373,"type":"gauge","name":"runtime.MemStats.PauseTotalNs","measures":{"value":0}}
{"ts":1593817454533483032,"type":"gauge","name":"runtime.MemStats.Sys","measures":{"value":73351424}}
{"ts":1593817454533510650,"type":"gauge","name":"runtime.MemStats.MSpanSys","measures":{"value":49152}}
{"ts":1593817454533549248,"type":"gauge","name":"runtime.NumGoroutine","measures":{"value":13}}
{"ts":1593817454533583144,"type":"gauge","name":"runtime.NumThread","measures":{"value":7}}
{"ts":1593817454533620682,"type":"timer","name":"runtime.ReadMemStats","measures":{"count":2,"m1":0.015991117074135343,"m15":0.0011080303990206543,"m5":0.0033057092356765017,"max":2304722,"mean":1258722.5,"meanrate":0.19994315292254505,"min":212723,"p50":1258722.5,"p75":2304722,"p95":2304722,"p99":2304722,"p999":2304722,"p9999":2304722,"stddev":1045999.5,"variance":1094114954000.25}}
{"ts":1593817454534165839,"type":"gauge","name":"runtime.MemStats.EnableGC","measures":{"value":1}}
{"ts":1593817454534205445,"type":"gauge","name":"runtime.MemStats.HeapAlloc","measures":{"value":805880}}
{"ts":1593817454534236175,"type":"gauge","name":"runtime.MemStats.GCCPUFraction","measures":{"value":0}}
{"ts":1593817454534261717,"type":"gauge","name":"runtime.MemStats.HeapIdle","measures":{"value":64675840}}
{"ts":1593817454534294484,"type":"gauge","name":"runtime.MemStats.HeapInuse","measures":{"value":1974272}}
{"ts":1593817454534326698,"type":"gauge","name":"runtime.MemStats.MCacheInuse","measures":{"value":10416}}
{"ts":1593817454534358139,"type":"gauge","name":"runtime.MemStats.NextGC","measures":{"value":4473924}}
{"ts":1593817454534388499,"type":"gauge","name":"runtime.MemStats.DebugGC","measures":{"value":0}}
{"ts":1593817454534412536,"type":"gauge","name":"runtime.MemStats.HeapSys","measures":{"value":66650112}}
{"ts":1593817454534437649,"type":"gauge","name":"runtime.MemStats.LastGC","measures":{"value":0}}
{"ts":1593817454534482063,"type":"gauge","name":"runtime.MemStats.MSpanInuse","measures":{"value":45696}}
{"ts":1593817454534516970,"type":"gauge","name":"runtime.MemStats.StackSys","measures":{"value":458752}}
