{"ts":1593200035376289443,"type":"gauge","name":"runtime.MemStats.GCCPUFraction","measures":{"value":0}}
{"ts":1593200035376385747,"type":"gauge","name":"runtime.MemStats.StackInuse","measures":{"value":557056}}
{"ts":1593200035376400227,"type":"gauge","name":"runtime.MemStats.StackSys","measures":{"value":557056}}
{"ts":1593200035376407858,"type":"gauge","name":"runtime.MemStats.HeapIdle","measures":{"value":64274432}}
{"ts":1593200035376415773,"type":"gauge","name":"runtime.MemStats.Lookups","measures":{"value":0}}
{"ts":1593200035376422042,"type":"gauge","name":"runtime.MemStats.NextGC","measures":{"value":4473924}}
{"ts":1593200035376429690,"type":"gauge","name":"runtime.MemStats.MSpanSys","measures":{"value":49152}}
{"ts":1593200035376436072,"type":"gauge","name":"runtime.MemStats.NumGC","measures":{"value":0}}
{"ts":1593200035376449661,"type":"gauge","name":"runtime.MemStats.Sys","measures":{"value":73613568}}
{"ts":1593200035376484112,"type":"gauge","name":"runtime.MemStats.TotalAlloc","measures":{"value":833848}}
{"ts":1593200035376496940,"type":"gauge","name":"runtime.MemStats.BuckHashSys","measures":{"value":1444726}}
{"ts":1593200035376504209,"type":"gauge","name":"runtime.MemStats.EnableGC","measures":{"value":1}}
{"ts":1593200035376511749,"type":"gauge","name":"runtime.MemStats.MSpanInuse","measures":{"value":45696}}
{"ts":1593200035376520047,"type":"gauge","name":"runtime.MemStats.PauseTotalNs","measures":{"value":0}}
{"ts":1593200035376527879,"type":"gauge","name":"runtime.MemStats.HeapSys","measures":{"value":66551808}}
{"ts":1593200035376534239,"type":"gauge","name":"runtime.MemStats.MCacheInuse","measures":{"value":10416}}
{"ts":1593200035376541296,"type":"gauge","name":"runtime.MemStats.MCacheSys","measures":{"value":16384}}
{"ts":1593200035376547345,"type":"gauge","name":"runtime.MemStats.DebugGC","measures":{"value":0}}
{"ts":1593200035376554535,"type":"gauge","name":"runtime.MemStats.Mallocs","measures":{"value":4002}}
{"ts":1593200035376560677,"type":"gauge","name":"runtime.NumGoroutine","measures":{"value":13}}
{"ts":1593200035376567511,"type":"gauge","name":"runtime.MemStats.Frees","measures":{"value":242}}
{"ts":1593200035376573578,"type":"gauge","name":"runtime.MemStats.HeapAlloc","measures":{"value":833848}}
{"ts":1593200035376583085,"type":"gauge","name":"runtime.MemStats.HeapObjects","measures":{"value":3760}}
{"ts":1593200035376596698,"type":"timer","name":"runtime.ReadMemStats","measures":{"count":1,"m1":0,"m15":0,"m5":0,"max":52110,"mean":52110,"meanrate":0.19994929533807354,"min":52110,"p50":52110,"p75":52110,"p95":52110,"p99":52110,"p999":52110,"p9999":52110,"stddev":0,"variance":0}}
{"ts":1593200035376711458,"type":"gauge","name":"runtime.MemStats.Alloc","measures":{"value":833848}}
{"ts":1593200035376721187,"type":"gauge","name":"runtime.MemStats.HeapInuse","measures":{"value":2277376}}
{"ts":1593200035376727534,"type":"gauge","name":"runtime.NumCgoCall","measures":{"value":1}}
{"ts":1593200035376735847,"type":"gauge","name":"runtime.MemStats.LastGC","measures":{"value":0}}
{"ts":1593200035376742202,"type":"histogram","name":"runtime.MemStats.PauseNs","measures":{"count":0,"max":0,"mean":0,"min":0,"p50":0,"p75":0,"p95":0,"p99":0,"p999":0,"p9999":0,"stddev":0,"variance":0}}
{"ts":1593200035376806569,"type":"gauge","name":"runtime.MemStats.HeapReleased","measures":{"value":64143360}}
{"ts":1593200035376815337,"type":"gauge","name":"runtime.NumThread","measures":{"value":11}}
