{"ts":1595023885658389115,"msg":"","group_id":"single","run_id":"77086fbafc6d","event":{"type":"message","message":"registering default http handler at: http://[::]:6060/ (pprof: http://[::]:6060/debug/pprof/)"}}
{"ts":1595023885658614575,"msg":"","group_id":"single","run_id":"77086fbafc6d","event":{"type":"start","runenv":{"plan":"bitswap","case":"transfer","params":{"bandwidth_mb":"1024","bstore_delay_ms":"5","file_size":"4194304","jitter_pct":"10","latency_ms":"5","leech_count":"1","parallel_gen_mb":"100","passive_count":"0","request_stagger":"0","run_count":"1","run_timeout_secs":"90","timeout_secs":"300"},"instances":2,"outputs_path":"/outputs","network":"ip+net","group":"single","group_instances":2}}}
{"ts":1595023885775059928,"msg":"","group_id":"single","run_id":"77086fbafc6d","event":{"type":"message","message":"I am QmdkPdYwoWchWXT17Un5hjpW5FDG7zd5ABmLFWtj2Vmbod with addrs: [/ip4/127.0.0.1/tcp/41945 /ip4/16.1.0.3/tcp/41945 /ip4/192.18.0.7/tcp/41945]"}}
{"ts":1595023885775470558,"msg":"","group_id":"single","run_id":"77086fbafc6d","event":{"type":"message","message":"I am Leech 0 - seq 1 / 2"}}
{"ts":1595023885861642081,"msg":"","group_id":"single","run_id":"77086fbafc6d","event":{"type":"message","message":"network initialisation successful"}}
{"ts":1595023885861682756,"msg":"","group_id":"single","run_id":"77086fbafc6d","event":{"type":"message","message":"Leech 0 has 5ms latency (10% jitter) and 1024MB bandwidth"}}
{"ts":1595023887863881162,"msg":"","group_id":"single","run_id":"77086fbafc6d","event":{"type":"message","message":"Starting run 1 / 1 (4194304 bytes)"}}
{"ts":1595023887954800405,"msg":"","group_id":"single","run_id":"77086fbafc6d","event":{"type":"message","message":"Dialed 1 other nodes"}}
{"ts":1595023888955625750,"msg":"","group_id":"single","run_id":"77086fbafc6d","event":{"type":"message","message":"Leech fetching data after 0s delay"}}
{"ts":1595023889193326692,"msg":"","group_id":"single","run_id":"77086fbafc6d","event":{"type":"message","message":"Leech fetch complete (237.648849ms)"}}
{"ts":1595023889194365899,"msg":"","group_id":"single","run_id":"77086fbafc6d","event":{"type":"metric","metric":{"name":"latencyMS:5/bandwidthMB:1024/run:1/seq:1/groupName:single/groupSeq:1/fileSize:4194304/nodeType:Leech/nodeTypeIndex:0/name:time_to_fetch","unit":"ns","dir":-1,"value":237648849}}}
{"ts":1595023889194448375,"msg":"","group_id":"single","run_id":"77086fbafc6d","event":{"type":"metric","metric":{"name":"latencyMS:5/bandwidthMB:1024/run:1/seq:1/groupName:single/groupSeq:1/fileSize:4194304/nodeType:Leech/nodeTypeIndex:0/name:msgs_rcvd","unit":"messages","dir":-1,"value":17}}}
{"ts":1595023889194474297,"msg":"","group_id":"single","run_id":"77086fbafc6d","event":{"type":"metric","metric":{"name":"latencyMS:5/bandwidthMB:1024/run:1/seq:1/groupName:single/groupSeq:1/fileSize:4194304/nodeType:Leech/nodeTypeIndex:0/name:data_sent","unit":"bytes","dir":-1,"value":0}}}
{"ts":1595023889194495340,"msg":"","group_id":"single","run_id":"77086fbafc6d","event":{"type":"metric","metric":{"name":"latencyMS:5/bandwidthMB:1024/run:1/seq:1/groupName:single/groupSeq:1/fileSize:4194304/nodeType:Leech/nodeTypeIndex:0/name:data_rcvd","unit":"bytes","dir":-1,"value":4195337}}}
{"ts":1595023889194516353,"msg":"","group_id":"single","run_id":"77086fbafc6d","event":{"type":"metric","metric":{"name":"latencyMS:5/bandwidthMB:1024/run:1/seq:1/groupName:single/groupSeq:1/fileSize:4194304/nodeType:Leech/nodeTypeIndex:0/name:dup_data_rcvd","unit":"bytes","dir":-1,"value":0}}}
{"ts":1595023889194536809,"msg":"","group_id":"single","run_id":"77086fbafc6d","event":{"type":"metric","metric":{"name":"latencyMS:5/bandwidthMB:1024/run:1/seq:1/groupName:single/groupSeq:1/fileSize:4194304/nodeType:Leech/nodeTypeIndex:0/name:blks_sent","unit":"blocks","dir":-1,"value":0}}}
{"ts":1595023889194557365,"msg":"","group_id":"single","run_id":"77086fbafc6d","event":{"type":"metric","metric":{"name":"latencyMS:5/bandwidthMB:1024/run:1/seq:1/groupName:single/groupSeq:1/fileSize:4194304/nodeType:Leech/nodeTypeIndex:0/name:blks_rcvd","unit":"blocks","dir":-1,"value":17}}}
{"ts":1595023889194608272,"msg":"","group_id":"single","run_id":"77086fbafc6d","event":{"type":"metric","metric":{"name":"latencyMS:5/bandwidthMB:1024/run:1/seq:1/groupName:single/groupSeq:1/fileSize:4194304/nodeType:Leech/nodeTypeIndex:0/name:dup_blks_rcvd","unit":"blocks","dir":-1,"value":0}}}
{"ts":1595023890290846107,"msg":"","group_id":"single","run_id":"77086fbafc6d","event":{"type":"finish","outcome":"ok"}}
{"ts":1595023890290959898,"msg":"","group_id":"single","run_id":"77086fbafc6d","event":{"type":"finish","outcome":"ok"}}
{"ts":1595023890291077829,"msg":"","group_id":"single","run_id":"77086fbafc6d","event":{"type":"message","message":"io closed"}}
