{"ts":1593817449545123053,"type":"gauge","name":"runtime.MemStats.HeapObjects","measures":{"value":2785}}
{"ts":1593817449545910400,"type":"gauge","name":"runtime.MemStats.NextGC","measures":{"value":4473924}}
{"ts":1593817449545988301,"type":"gauge","name":"runtime.MemStats.TotalAlloc","measures":{"value":654600}}
{"ts":1593817449546262971,"type":"gauge","name":"runtime.MemStats.HeapIdle","measures":{"value":64905216}}
{"ts":1593817449546317552,"type":"gauge","name":"runtime.MemStats.PauseTotalNs","measures":{"value":0}}
{"ts":1593817449546356947,"type":"gauge","name":"runtime.NumGoroutine","measures":{"value":13}}
{"ts":1593817449546384859,"type":"gauge","name":"runtime.MemStats.Alloc","measures":{"value":654600}}
{"ts":1593817449546419574,"type":"gauge","name":"runtime.MemStats.HeapInuse","measures":{"value":1744896}}
{"ts":1593817449546453957,"type":"gauge","name":"runtime.MemStats.LastGC","measures":{"value":0}}
{"ts":1593817449546486819,"type":"gauge","name":"runtime.NumThread","measures":{"value":8}}
{"ts":1593817449546519572,"type":"gauge","name":"runtime.MemStats.BuckHashSys","measures":{"value":3902}}
{"ts":1593817449546546297,"type":"gauge","name":"runtime.MemStats.MCacheInuse","measures":{"value":10416}}
{"ts":1593817449546576635,"type":"gauge","name":"runtime.MemStats.NumGC","measures":{"value":0}}
{"ts":1593817449546602106,"type":"gauge","name":"runtime.NumCgoCall","measures":{"value":5}}
{"ts":1593817449546631641,"type":"gauge","name":"runtime.MemStats.Mallocs","measures":{"value":2916}}
{"ts":1593817449546671419,"type":"histogram","name":"runtime.MemStats.PauseNs","measures":{"count":0,"max":0,"mean":0,"min":0,"p50":0,"p75":0,"p95":0,"p99":0,"p999":0,"p9999":0,"stddev":0,"variance":0}}
{"ts":1593817449547166693,"type":"timer","name":"runtime.ReadMemStats","measures":{"count":1,"m1":0,"m15":0,"m5":0,"max":109000,"mean":109000,"meanrate":0.19996136370525852,"min":109000,"p50":109000,"p75":109000,"p95":109000,"p99":109000,"p999":109000,"p9999":109000,"stddev":0,"variance":0}}
{"ts":1593817449547720787,"type":"gauge","name":"runtime.MemStats.DebugGC","measures":{"value":0}}
{"ts":1593817449547782080,"type":"gauge","name":"runtime.MemStats.HeapAlloc","measures":{"value":654600}}
{"ts":1593817449547820580,"type":"gauge","name":"runtime.MemStats.HeapReleased","measures":{"value":64806912}}
{"ts":1593817449547855816,"type":"gauge","name":"runtime.MemStats.HeapSys","measures":{"value":66650112}}
{"ts":1593817449547882233,"type":"gauge","name":"runtime.MemStats.StackInuse","measures":{"value":458752}}
{"ts":1593817449547915181,"type":"gauge","name":"runtime.MemStats.Sys","measures":{"value":71911432}}
{"ts":1593817449547947740,"type":"gauge","name":"runtime.MemStats.EnableGC","measures":{"value":1}}
{"ts":1593817449547973390,"type":"gauge","name":"runtime.MemStats.Frees","measures":{"value":131}}
{"ts":1593817449547999569,"type":"gauge","name":"runtime.MemStats.MSpanSys","measures":{"value":49152}}
{"ts":1593817449548030273,"type":"gauge","name":"runtime.MemStats.GCCPUFraction","measures":{"value":0}}
{"ts":1593817449548076802,"type":"gauge","name":"runtime.MemStats.Lookups","measures":{"value":0}}
{"ts":1593817449548112595,"type":"gauge","name":"runtime.MemStats.MCacheSys","measures":{"value":16384}}
{"ts":1593817449548138466,"type":"gauge","name":"runtime.MemStats.MSpanInuse","measures":{"value":36992}}
{"ts":1593817449548170270,"type":"gauge","name":"runtime.MemStats.StackSys","measures":{"value":458752}}
{"ts":1593817454545630945,"type":"gauge","name":"runtime.MemStats.StackInuse","measures":{"value":491520}}
{"ts":1593817454545725959,"type":"gauge","name":"runtime.MemStats.Sys","measures":{"value":71911432}}
{"ts":1593817454545770103,"type":"gauge","name":"runtime.MemStats.EnableGC","measures":{"value":1}}
{"ts":1593817454545803553,"type":"gauge","name":"runtime.MemStats.Frees","measures":{"value":320}}
{"ts":1593817454545836569,"type":"gauge","name":"runtime.MemStats.MSpanSys","measures":{"value":49152}}
{"ts":1593817454545863137,"type":"gauge","name":"runtime.MemStats.GCCPUFraction","measures":{"value":0}}
{"ts":1593817454545890773,"type":"gauge","name":"runtime.MemStats.Lookups","measures":{"value":0}}
{"ts":1593817454545950046,"type":"gauge","name":"runtime.MemStats.MCacheSys","measures":{"value":16384}}
{"ts":1593817454545987657,"type":"gauge","name":"runtime.MemStats.MSpanInuse","measures":{"value":36992}}
{"ts":1593817454546019598,"type":"gauge","name":"runtime.MemStats.StackSys","measures":{"value":491520}}
{"ts":1593817454546050625,"type":"gauge","name":"runtime.MemStats.HeapObjects","measures":{"value":4785}}
{"ts":1593817454546089645,"type":"gauge","name":"runtime.MemStats.NextGC","measures":{"value":4473924}}
{"ts":1593817454546122887,"type":"gauge","name":"runtime.MemStats.TotalAlloc","measures":{"value":805712}}
{"ts":1593817454546147788,"type":"gauge","name":"runtime.MemStats.HeapIdle","measures":{"value":64741376}}
{"ts":1593817454546207054,"type":"gauge","name":"runtime.MemStats.PauseTotalNs","measures":{"value":0}}
{"ts":1593817454546315986,"type":"gauge","name":"runtime.NumGoroutine","measures":{"value":13}}
{"ts":1593817454546373125,"type":"gauge","name":"runtime.MemStats.Alloc","measures":{"value":805712}}
{"ts":1593817454546431644,"type":"gauge","name":"runtime.MemStats.HeapInuse","measures":{"value":1875968}}
{"ts":1593817454546472387,"type":"gauge","name":"runtime.MemStats.LastGC","measures":{"value":0}}
{"ts":1593817454546500061,"type":"gauge","name":"runtime.NumThread","measures":{"value":8}}
{"ts":1593817454546570880,"type":"gauge","name":"runtime.MemStats.BuckHashSys","measures":{"value":3902}}
{"ts":1593817454546609512,"type":"gauge","name":"runtime.MemStats.MCacheInuse","measures":{"value":10416}}
{"ts":1593817454546657554,"type":"gauge","name":"runtime.MemStats.NumGC","measures":{"value":0}}
{"ts":1593817454546690096,"type":"gauge","name":"runtime.NumCgoCall","measures":{"value":0}}
{"ts":1593817454546715659,"type":"gauge","name":"runtime.MemStats.Mallocs","measures":{"value":2320}}
{"ts":1593817454546748862,"type":"histogram","name":"runtime.MemStats.PauseNs","measures":{"count":0,"max":0,"mean":0,"min":0,"p50":0,"p75":0,"p95":0,"p99":0,"p999":0,"p9999":0,"stddev":0,"variance":0}}
{"ts":1593817454547150733,"type":"timer","name":"runtime.ReadMemStats","measures":{"count":2,"m1":0.015991117074135343,"m15":0.0011080303990206543,"m5":0.0033057092356765017,"max":869725,"mean":489362.5,"meanrate":0.1999702799770552,"min":109000,"p50":489362.5,"p75":869725,"p95":869725,"p99":869725,"p999":869725,"p9999":869725,"stddev":380362.5,"variance":144675631406.25}}
{"ts":1593817454547804657,"type":"gauge","name":"runtime.MemStats.DebugGC","measures":{"value":0}}
{"ts":1593817454547892556,"type":"gauge","name":"runtime.MemStats.HeapAlloc","measures":{"value":805712}}
{"ts":1593817454547931462,"type":"gauge","name":"runtime.MemStats.HeapReleased","measures":{"value":64667648}}
{"ts":1593817454547992104,"type":"gauge","name":"runtime.MemStats.HeapSys","measures":{"value":66617344}}
