{"ts":1595279582220057512,"msg":"","group_id":"single","run_id":"be8630c8d0c3","event":{"type":"message","message":"registering default http handler at: http://[::]:6060/ (pprof: http://[::]:6060/debug/pprof/)"}}
{"ts":1595279582220083981,"msg":"","group_id":"single","run_id":"be8630c8d0c3","event":{"type":"start","runenv":{"plan":"bitswap","case":"transfer","params":{"bandwidth_mb":"1024","bstore_delay_ms":"5","file_size":"4194304","jitter_pct":"10","latency_ms":"5","leech_count":"1","parallel_gen_mb":"100","passive_count":"0","request_stagger":"0","run_count":"1","run_timeout_secs":"90","timeout_secs":"300"},"instances":2,"outputs_path":"/outputs","network":"ip+net","group":"single","group_instances":2}}}
{"ts":1595279582364444282,"msg":"","group_id":"single","run_id":"be8630c8d0c3","event":{"type":"message","message":"I am QmcSzFg8RbHS55Y4Q4mAuVcL1BnLkYgud6J2yNwSHwpgUG with addrs: [/ip4/127.0.0.1/tcp/35233 /ip4/16.1.0.2/tcp/35233 /ip4/192.18.0.6/tcp/35233]"}}
{"ts":1595279582364789866,"msg":"","group_id":"single","run_id":"be8630c8d0c3","event":{"type":"message","message":"I am Leech 0 - seq 1 / 2"}}
{"ts":1595279582376748037,"msg":"","group_id":"single","run_id":"be8630c8d0c3","event":{"type":"message","message":"network initialisation successful"}}
{"ts":1595279582376775670,"msg":"","group_id":"single","run_id":"be8630c8d0c3","event":{"type":"message","message":"Leech 0 has 5ms latency (10% jitter) and 1024MB bandwidth"}}
{"ts":1595279584377758598,"msg":"","group_id":"single","run_id":"be8630c8d0c3","event":{"type":"message","message":"Starting run 1 / 1 (4194304 bytes)"}}
{"ts":1595279584444794531,"msg":"","group_id":"single","run_id":"be8630c8d0c3","event":{"type":"message","message":"Dialed 1 other nodes"}}
{"ts":1595279585445466250,"msg":"","group_id":"single","run_id":"be8630c8d0c3","event":{"type":"message","message":"Leech fetching data after 0s delay"}}
{"ts":1595279585671773967,"msg":"","group_id":"single","run_id":"be8630c8d0c3","event":{"type":"message","message":"Leech fetch complete (226.275162ms)"}}
{"ts":1595279585671991675,"msg":"","group_id":"single","run_id":"be8630c8d0c3","event":{"type":"metric","metric":{"name":"latencyMS:5/bandwidthMB:1024/run:1/seq:1/groupName:single/groupSeq:1/fileSize:4194304/nodeType:Leech/nodeTypeIndex:0/name:time_to_fetch","unit":"ns","dir":-1,"value":226275162}}}
{"ts":1595279585672011049,"msg":"","group_id":"single","run_id":"be8630c8d0c3","event":{"type":"metric","metric":{"name":"latencyMS:5/bandwidthMB:1024/run:1/seq:1/groupName:single/groupSeq:1/fileSize:4194304/nodeType:Leech/nodeTypeIndex:0/name:msgs_rcvd","unit":"messages","dir":-1,"value":17}}}
{"ts":1595279585672016783,"msg":"","group_id":"single","run_id":"be8630c8d0c3","event":{"type":"metric","metric":{"name":"latencyMS:5/bandwidthMB:1024/run:1/seq:1/groupName:single/groupSeq:1/fileSize:4194304/nodeType:Leech/nodeTypeIndex:0/name:data_sent","unit":"bytes","dir":-1,"value":0}}}
{"ts":1595279585672021674,"msg":"","group_id":"single","run_id":"be8630c8d0c3","event":{"type":"metric","metric":{"name":"latencyMS:5/bandwidthMB:1024/run:1/seq:1/groupName:single/groupSeq:1/fileSize:4194304/nodeType:Leech/nodeTypeIndex:0/name:data_rcvd","unit":"bytes","dir":-1,"value":4195337}}}
{"ts":1595279585672026416,"msg":"","group_id":"single","run_id":"be8630c8d0c3","event":{"type":"metric","metric":{"name":"latencyMS:5/bandwidthMB:1024/run:1/seq:1/groupName:single/groupSeq:1/fileSize:4194304/nodeType:Leech/nodeTypeIndex:0/name:dup_data_rcvd","unit":"bytes","dir":-1,"value":0}}}
{"ts":1595279585672031040,"msg":"","group_id":"single","run_id":"be8630c8d0c3","event":{"type":"metric","metric":{"name":"latencyMS:5/bandwidthMB:1024/run:1/seq:1/groupName:single/groupSeq:1/fileSize:4194304/nodeType:Leech/nodeTypeIndex:0/name:blks_sent","unit":"blocks","dir":-1,"value":0}}}
{"ts":1595279585672035647,"msg":"","group_id":"single","run_id":"be8630c8d0c3","event":{"type":"metric","metric":{"name":"latencyMS:5/bandwidthMB:1024/run:1/seq:1/groupName:single/groupSeq:1/fileSize:4194304/nodeType:Leech/nodeTypeIndex:0/name:blks_rcvd","unit":"blocks","dir":-1,"value":17}}}
{"ts":1595279585672056058,"msg":"","group_id":"single","run_id":"be8630c8d0c3","event":{"type":"metric","metric":{"name":"latencyMS:5/bandwidthMB:1024/run:1/seq:1/groupName:single/groupSeq:1/fileSize:4194304/nodeType:Leech/nodeTypeIndex:0/name:dup_blks_rcvd","unit":"blocks","dir":-1,"value":0}}}
{"ts":1595279586765519118,"msg":"","group_id":"single","run_id":"be8630c8d0c3","event":{"type":"finish","outcome":"ok"}}
{"ts":1595279586765642729,"msg":"","group_id":"single","run_id":"be8630c8d0c3","event":{"type":"finish","outcome":"ok"}}
{"ts":1595279586768161364,"msg":"","group_id":"single","run_id":"be8630c8d0c3","event":{"type":"message","message":"io closed"}}
