{"ts":1594320856198590006,"type":"gauge","name":"runtime.MemStats.StackSys","measures":{"value":458752}}
{"ts":1594320856198985827,"type":"gauge","name":"runtime.MemStats.HeapAlloc","measures":{"value":823856}}
{"ts":1594320856199051700,"type":"gauge","name":"runtime.MemStats.HeapInuse","measures":{"value":2146304}}
{"ts":1594320856199085803,"type":"gauge","name":"runtime.MemStats.Lookups","measures":{"value":0}}
{"ts":1594320856199122658,"type":"timer","name":"runtime.ReadMemStats","measures":{"count":1,"m1":0,"m15":0,"m5":0,"max":180458,"mean":180458,"meanrate":0.19998578161088482,"min":180458,"p50":180458,"p75":180458,"p95":180458,"p99":180458,"p999":180458,"p9999":180458,"stddev":0,"variance":0}}
{"ts":1594320856199798268,"type":"gauge","name":"runtime.MemStats.GCCPUFraction","measures":{"value":0}}
{"ts":1594320856199891230,"type":"gauge","name":"runtime.NumGoroutine","measures":{"value":13}}
{"ts":1594320856199938591,"type":"gauge","name":"runtime.NumThread","measures":{"value":8}}
{"ts":1594320856199978041,"type":"gauge","name":"runtime.MemStats.MSpanInuse","measures":{"value":36992}}
{"ts":1594320856200020071,"type":"gauge","name":"runtime.MemStats.MSpanSys","measures":{"value":49152}}
{"ts":1594320856200050294,"type":"gauge","name":"runtime.MemStats.Alloc","measures":{"value":823856}}
{"ts":1594320856200113956,"type":"gauge","name":"runtime.MemStats.LastGC","measures":{"value":0}}
{"ts":1594320856200150436,"type":"gauge","name":"runtime.MemStats.MCacheSys","measures":{"value":16384}}
{"ts":1594320856200182662,"type":"gauge","name":"runtime.NumCgoCall","measures":{"value":1}}
{"ts":1594320856200210238,"type":"gauge","name":"runtime.MemStats.EnableGC","measures":{"value":1}}
{"ts":1594320856200241859,"type":"gauge","name":"runtime.MemStats.MCacheInuse","measures":{"value":10416}}
{"ts":1594320856200268525,"type":"gauge","name":"runtime.MemStats.NextGC","measures":{"value":4473924}}
{"ts":1594320856200299537,"type":"gauge","name":"runtime.MemStats.NumGC","measures":{"value":0}}
{"ts":1594320856200325069,"type":"gauge","name":"runtime.MemStats.PauseTotalNs","measures":{"value":0}}
{"ts":1594320856200357513,"type":"gauge","name":"runtime.MemStats.Sys","measures":{"value":73089280}}
{"ts":1594320856200385832,"type":"gauge","name":"runtime.MemStats.BuckHashSys","measures":{"value":1444150}}
{"ts":1594320856200417118,"type":"gauge","name":"runtime.MemStats.HeapObjects","measures":{"value":3730}}
{"ts":1594320856200444307,"type":"gauge","name":"runtime.MemStats.Mallocs","measures":{"value":3971}}
{"ts":1594320856200475731,"type":"gauge","name":"runtime.MemStats.DebugGC","measures":{"value":0}}
{"ts":1594320856200501618,"type":"gauge","name":"runtime.MemStats.Frees","measures":{"value":241}}
{"ts":1594320856200533144,"type":"gauge","name":"runtime.MemStats.HeapReleased","measures":{"value":64339968}}
{"ts":1594320856200560509,"type":"histogram","name":"runtime.MemStats.PauseNs","measures":{"count":0,"max":0,"mean":0,"min":0,"p50":0,"p75":0,"p95":0,"p99":0,"p999":0,"p9999":0,"stddev":0,"variance":0}}
{"ts":1594320856200876479,"type":"gauge","name":"runtime.MemStats.StackInuse","measures":{"value":458752}}
{"ts":1594320856200915577,"type":"gauge","name":"runtime.MemStats.HeapIdle","measures":{"value":64503808}}
{"ts":1594320856200944437,"type":"gauge","name":"runtime.MemStats.HeapSys","measures":{"value":66650112}}
{"ts":1594320856200978732,"type":"gauge","name":"runtime.MemStats.TotalAlloc","measures":{"value":823856}}
