{"ts":1593817449539205226,"type":"gauge","name":"runtime.MemStats.TotalAlloc","measures":{"value":652816}}
{"ts":1593817449539549153,"type":"gauge","name":"runtime.MemStats.MCacheSys","measures":{"value":16384}}
{"ts":1593817449539604998,"type":"gauge","name":"runtime.MemStats.PauseTotalNs","measures":{"value":0}}
{"ts":1593817449539637564,"type":"gauge","name":"runtime.MemStats.Lookups","measures":{"value":0}}
{"ts":1593817449539670952,"type":"gauge","name":"runtime.MemStats.MSpanSys","measures":{"value":49152}}
{"ts":1593817449539698974,"type":"histogram","name":"runtime.MemStats.PauseNs","measures":{"count":0,"max":0,"mean":0,"min":0,"p50":0,"p75":0,"p95":0,"p99":0,"p999":0,"p9999":0,"stddev":0,"variance":0}}
{"ts":1593817449539994570,"type":"gauge","name":"runtime.NumCgoCall","measures":{"value":5}}
{"ts":1593817449540957864,"type":"gauge","name":"runtime.NumThread","measures":{"value":7}}
{"ts":1593817449541008708,"type":"gauge","name":"runtime.MemStats.BuckHashSys","measures":{"value":3902}}
{"ts":1593817449541039492,"type":"gauge","name":"runtime.MemStats.HeapSys","measures":{"value":66682880}}
{"ts":1593817449541076804,"type":"gauge","name":"runtime.MemStats.NumGC","measures":{"value":0}}
{"ts":1593817449541104812,"type":"gauge","name":"runtime.MemStats.Frees","measures":{"value":130}}
{"ts":1593817449541135365,"type":"gauge","name":"runtime.MemStats.HeapObjects","measures":{"value":2765}}
{"ts":1593817449541161046,"type":"gauge","name":"runtime.MemStats.Sys","measures":{"value":71649288}}
{"ts":1593817449541191056,"type":"gauge","name":"runtime.MemStats.HeapAlloc","measures":{"value":652816}}
{"ts":1593817449541217296,"type":"gauge","name":"runtime.MemStats.HeapIdle","measures":{"value":64978944}}
{"ts":1593817449541246695,"type":"gauge","name":"runtime.MemStats.HeapReleased","measures":{"value":64880640}}
{"ts":1593817449541272385,"type":"gauge","name":"runtime.MemStats.LastGC","measures":{"value":0}}
{"ts":1593817449541301313,"type":"gauge","name":"runtime.MemStats.StackInuse","measures":{"value":425984}}
{"ts":1593817449541327272,"type":"gauge","name":"runtime.MemStats.StackSys","measures":{"value":425984}}
{"ts":1593817449541356907,"type":"gauge","name":"runtime.MemStats.Alloc","measures":{"value":652816}}
{"ts":1593817449541390345,"type":"gauge","name":"runtime.MemStats.HeapInuse","measures":{"value":1703936}}
{"ts":1593817449541439348,"type":"gauge","name":"runtime.MemStats.MCacheInuse","measures":{"value":10416}}
{"ts":1593817449541487671,"type":"gauge","name":"runtime.MemStats.NextGC","measures":{"value":4473924}}
{"ts":1593817449541520818,"type":"gauge","name":"runtime.MemStats.GCCPUFraction","measures":{"value":0}}
{"ts":1593817449541549913,"type":"timer","name":"runtime.ReadMemStats","measures":{"count":1,"m1":0,"m15":0,"m5":0,"max":314848,"mean":314848,"meanrate":0.19997352874410074,"min":314848,"p50":314848,"p75":314848,"p95":314848,"p99":314848,"p999":314848,"p9999":314848,"stddev":0,"variance":0}}
{"ts":1593817449542169175,"type":"gauge","name":"runtime.MemStats.EnableGC","measures":{"value":1}}
{"ts":1593817449542301905,"type":"gauge","name":"runtime.MemStats.Mallocs","measures":{"value":2895}}
{"ts":1593817449542334528,"type":"gauge","name":"runtime.MemStats.DebugGC","measures":{"value":0}}
{"ts":1593817449542364214,"type":"gauge","name":"runtime.MemStats.MSpanInuse","measures":{"value":45696}}
{"ts":1593817449542390872,"type":"gauge","name":"runtime.NumGoroutine","measures":{"value":13}}
{"ts":1593817454539172664,"type":"gauge","name":"runtime.MemStats.Frees","measures":{"value":320}}
{"ts":1593817454539259601,"type":"gauge","name":"runtime.MemStats.HeapObjects","measures":{"value":4756}}
{"ts":1593817454539302777,"type":"gauge","name":"runtime.MemStats.NumGC","measures":{"value":0}}
{"ts":1593817454539361135,"type":"gauge","name":"runtime.MemStats.HeapAlloc","measures":{"value":802448}}
{"ts":1593817454539405887,"type":"gauge","name":"runtime.MemStats.HeapIdle","measures":{"value":64847872}}
{"ts":1593817454539442598,"type":"gauge","name":"runtime.MemStats.Sys","measures":{"value":71649288}}
{"ts":1593817454539476395,"type":"gauge","name":"runtime.MemStats.LastGC","measures":{"value":0}}
{"ts":1593817454539532851,"type":"gauge","name":"runtime.MemStats.StackInuse","measures":{"value":458752}}
{"ts":1593817454539582976,"type":"gauge","name":"runtime.MemStats.StackSys","measures":{"value":458752}}
{"ts":1593817454539619189,"type":"gauge","name":"runtime.MemStats.Alloc","measures":{"value":802448}}
{"ts":1593817454539664480,"type":"gauge","name":"runtime.MemStats.HeapInuse","measures":{"value":1802240}}
{"ts":1593817454539693672,"type":"gauge","name":"runtime.MemStats.HeapReleased","measures":{"value":64749568}}
{"ts":1593817454539718713,"type":"gauge","name":"runtime.MemStats.NextGC","measures":{"value":4473924}}
{"ts":1593817454539748567,"type":"gauge","name":"runtime.MemStats.GCCPUFraction","measures":{"value":0}}
{"ts":1593817454539774479,"type":"timer","name":"runtime.ReadMemStats","measures":{"count":2,"m1":0.015991117074135343,"m15":0.0011080303990206543,"m5":0.0033057092356765017,"max":314848,"mean":313572.5,"meanrate":0.19998713740728466,"min":312297,"p50":313572.5,"p75":314848,"p95":314848,"p99":314848,"p999":314848,"p9999":314848,"stddev":1275.5,"variance":1626900.25}}
{"ts":1593817454540263317,"type":"gauge","name":"runtime.MemStats.EnableGC","measures":{"value":1}}
{"ts":1593817454540303415,"type":"gauge","name":"runtime.MemStats.Mallocs","measures":{"value":2311}}
{"ts":1593817454540330538,"type":"gauge","name":"runtime.MemStats.MCacheInuse","measures":{"value":10416}}
{"ts":1593817454540360602,"type":"gauge","name":"runtime.MemStats.DebugGC","measures":{"value":0}}
{"ts":1593817454540385629,"type":"gauge","name":"runtime.MemStats.MSpanInuse","measures":{"value":45696}}
{"ts":1593817454540458256,"type":"gauge","name":"runtime.NumGoroutine","measures":{"value":13}}
{"ts":1593817454540518356,"type":"gauge","name":"runtime.MemStats.MCacheSys","measures":{"value":16384}}
{"ts":1593817454540558365,"type":"gauge","name":"runtime.MemStats.PauseTotalNs","measures":{"value":0}}
{"ts":1593817454540599131,"type":"gauge","name":"runtime.MemStats.TotalAlloc","measures":{"value":802448}}
{"ts":1593817454540632944,"type":"gauge","name":"runtime.MemStats.MSpanSys","measures":{"value":49152}}
{"ts":1593817454540664707,"type":"histogram","name":"runtime.MemStats.PauseNs","measures":{"count":0,"max":0,"mean":0,"min":0,"p50":0,"p75":0,"p95":0,"p99":0,"p999":0,"p9999":0,"stddev":0,"variance":0}}
{"ts":1593817454540959605,"type":"gauge","name":"runtime.NumCgoCall","measures":{"value":0}}
{"ts":1593817454541006752,"type":"gauge","name":"runtime.NumThread","measures":{"value":7}}
{"ts":1593817454541157471,"type":"gauge","name":"runtime.MemStats.BuckHashSys","measures":{"value":3902}}
{"ts":1593817454541212593,"type":"gauge","name":"runtime.MemStats.HeapSys","measures":{"value":66650112}}
{"ts":1593817454541243608,"type":"gauge","name":"runtime.MemStats.Lookups","measures":{"value":0}}
