{"ts":1595625245287976540,"msg":"","group_id":"single","run_id":"68a52862271e","event":{"type":"message","message":"registering default http handler at: http://[::]:6060/ (pprof: http://[::]:6060/debug/pprof/)"}}
{"ts":1595625245288014908,"msg":"","group_id":"single","run_id":"68a52862271e","event":{"type":"start","runenv":{"plan":"bitswap","case":"transfer","params":{"bandwidth_mb":"1024","bstore_delay_ms":"5","file_size":"4194304","jitter_pct":"10","latency_ms":"5","leech_count":"1","parallel_gen_mb":"100","passive_count":"0","request_stagger":"0","run_count":"1","run_timeout_secs":"90","timeout_secs":"300"},"instances":2,"outputs_path":"/outputs","network":"ip+net","group":"single","group_instances":2}}}
{"ts":1595625245503093015,"msg":"","group_id":"single","run_id":"68a52862271e","event":{"type":"message","message":"I am QmQRKLScP88q92YoAu5JDQHv9A458f8xp8yWr7kZVsAPoY with addrs: [/ip4/127.0.0.1/tcp/36221 /ip4/192.18.0.6/tcp/36221 /ip4/16.1.0.3/tcp/36221]"}}
{"ts":1595625245503349860,"msg":"","group_id":"single","run_id":"68a52862271e","event":{"type":"message","message":"I am Seed 0 - seq 2 / 2"}}
{"ts":1595625245504141742,"msg":"","group_id":"single","run_id":"68a52862271e","event":{"type":"message","message":"network initialisation successful"}}
{"ts":1595625245504245567,"msg":"","group_id":"single","run_id":"68a52862271e","event":{"type":"message","message":"Seed 0 has 5ms latency (10% jitter) and 1024MB bandwidth"}}
{"ts":1595625246505437439,"msg":"","group_id":"single","run_id":"68a52862271e","event":{"type":"message","message":"Starting run 1 / 1 (4194304 bytes)"}}
{"ts":1595625246506367275,"msg":"","group_id":"single","run_id":"68a52862271e","event":{"type":"message","message":"Generating seed data of 4194304 bytes"}}
{"ts":1595625246750488228,"msg":"","group_id":"single","run_id":"68a52862271e","event":{"type":"message","message":"Done generating seed data of 4194304 bytes (244.107073ms)"}}
{"ts":1595625247752617631,"msg":"","group_id":"single","run_id":"68a52862271e","event":{"type":"message","message":"Dialed 0 other nodes"}}
{"ts":1595625249754078169,"msg":"","group_id":"single","run_id":"68a52862271e","event":{"type":"metric","metric":{"name":"latencyMS:5/bandwidthMB:1024/run:1/seq:2/groupName:single/groupSeq:2/fileSize:4194304/nodeType:Seed/nodeTypeIndex:0/name:msgs_rcvd","unit":"messages","dir":-1,"value":19}}}
{"ts":1595625249754132089,"msg":"","group_id":"single","run_id":"68a52862271e","event":{"type":"metric","metric":{"name":"latencyMS:5/bandwidthMB:1024/run:1/seq:2/groupName:single/groupSeq:2/fileSize:4194304/nodeType:Seed/nodeTypeIndex:0/name:data_sent","unit":"bytes","dir":-1,"value":4195337}}}
{"ts":1595625249754143383,"msg":"","group_id":"single","run_id":"68a52862271e","event":{"type":"metric","metric":{"name":"latencyMS:5/bandwidthMB:1024/run:1/seq:2/groupName:single/groupSeq:2/fileSize:4194304/nodeType:Seed/nodeTypeIndex:0/name:data_rcvd","unit":"bytes","dir":-1,"value":0}}}
{"ts":1595625249754148658,"msg":"","group_id":"single","run_id":"68a52862271e","event":{"type":"metric","metric":{"name":"latencyMS:5/bandwidthMB:1024/run:1/seq:2/groupName:single/groupSeq:2/fileSize:4194304/nodeType:Seed/nodeTypeIndex:0/name:dup_data_rcvd","unit":"bytes","dir":-1,"value":0}}}
{"ts":1595625249754153500,"msg":"","group_id":"single","run_id":"68a52862271e","event":{"type":"metric","metric":{"name":"latencyMS:5/bandwidthMB:1024/run:1/seq:2/groupName:single/groupSeq:2/fileSize:4194304/nodeType:Seed/nodeTypeIndex:0/name:blks_sent","unit":"blocks","dir":-1,"value":17}}}
{"ts":1595625249754162170,"msg":"","group_id":"single","run_id":"68a52862271e","event":{"type":"metric","metric":{"name":"latencyMS:5/bandwidthMB:1024/run:1/seq:2/groupName:single/groupSeq:2/fileSize:4194304/nodeType:Seed/nodeTypeIndex:0/name:blks_rcvd","unit":"blocks","dir":-1,"value":0}}}
{"ts":1595625249754166969,"msg":"","group_id":"single","run_id":"68a52862271e","event":{"type":"metric","metric":{"name":"latencyMS:5/bandwidthMB:1024/run:1/seq:2/groupName:single/groupSeq:2/fileSize:4194304/nodeType:Seed/nodeTypeIndex:0/name:dup_blks_rcvd","unit":"blocks","dir":-1,"value":0}}}
{"ts":1595625249849395065,"msg":"","group_id":"single","run_id":"68a52862271e","event":{"type":"finish","outcome":"ok"}}
{"ts":1595625249849783133,"msg":"","group_id":"single","run_id":"68a52862271e","event":{"type":"finish","outcome":"ok"}}
{"ts":1595625249863069529,"msg":"","group_id":"single","run_id":"68a52862271e","event":{"type":"message","message":"io closed"}}
