{"ts":1593817449536695166,"type":"gauge","name":"runtime.MemStats.BuckHashSys","measures":{"value":3902}}
{"ts":1593817449537040474,"type":"gauge","name":"runtime.MemStats.HeapReleased","measures":{"value":64716800}}
{"ts":1593817449537114819,"type":"gauge","name":"runtime.MemStats.TotalAlloc","measures":{"value":657088}}
{"ts":1593817449537151846,"type":"gauge","name":"runtime.MemStats.Frees","measures":{"value":131}}
{"ts":1593817449537208586,"type":"gauge","name":"runtime.MemStats.HeapAlloc","measures":{"value":657088}}
{"ts":1593817449537387589,"type":"gauge","name":"runtime.MemStats.MCacheSys","measures":{"value":16384}}
{"ts":1593817449537439602,"type":"gauge","name":"runtime.MemStats.StackInuse","measures":{"value":491520}}
{"ts":1593817449537495118,"type":"gauge","name":"runtime.MemStats.Sys","measures":{"value":71649288}}
{"ts":1593817449537541153,"type":"gauge","name":"runtime.NumGoroutine","measures":{"value":13}}
{"ts":1593817449537580197,"type":"gauge","name":"runtime.MemStats.Alloc","measures":{"value":657088}}
{"ts":1593817449537640574,"type":"gauge","name":"runtime.MemStats.DebugGC","measures":{"value":0}}
{"ts":1593817449537768675,"type":"gauge","name":"runtime.MemStats.EnableGC","measures":{"value":1}}
{"ts":1593817449537824857,"type":"gauge","name":"runtime.MemStats.GCCPUFraction","measures":{"value":0}}
{"ts":1593817449537869817,"type":"gauge","name":"runtime.MemStats.HeapIdle","measures":{"value":64782336}}
{"ts":1593817449537906754,"type":"gauge","name":"runtime.MemStats.LastGC","measures":{"value":0}}
{"ts":1593817449537933778,"type":"gauge","name":"runtime.MemStats.Mallocs","measures":{"value":2903}}
{"ts":1593817449537964368,"type":"gauge","name":"runtime.MemStats.MCacheInuse","measures":{"value":10416}}
{"ts":1593817449537990382,"type":"gauge","name":"runtime.MemStats.NumGC","measures":{"value":0}}
{"ts":1593817449538021104,"type":"gauge","name":"runtime.MemStats.PauseTotalNs","measures":{"value":0}}
{"ts":1593817449538046554,"type":"timer","name":"runtime.ReadMemStats","measures":{"count":1,"m1":0,"m15":0,"m5":0,"max":142726,"mean":142726,"meanrate":0.1999837099269405,"min":142726,"p50":142726,"p75":142726,"p95":142726,"p99":142726,"p999":142726,"p9999":142726,"stddev":0,"variance":0}}
{"ts":1593817449538500642,"type":"gauge","name":"runtime.MemStats.HeapInuse","measures":{"value":1835008}}
{"ts":1593817449538540921,"type":"gauge","name":"runtime.MemStats.Lookups","measures":{"value":0}}
{"ts":1593817449538567629,"type":"gauge","name":"runtime.NumCgoCall","measures":{"value":5}}
{"ts":1593817449538597497,"type":"gauge","name":"runtime.NumThread","measures":{"value":9}}
{"ts":1593817449538622055,"type":"histogram","name":"runtime.MemStats.PauseNs","measures":{"count":0,"max":0,"mean":0,"min":0,"p50":0,"p75":0,"p95":0,"p99":0,"p999":0,"p9999":0,"stddev":0,"variance":0}}
{"ts":1593817449538900669,"type":"gauge","name":"runtime.MemStats.StackSys","measures":{"value":491520}}
{"ts":1593817449538936431,"type":"gauge","name":"runtime.MemStats.MSpanInuse","measures":{"value":45696}}
{"ts":1593817449538963237,"type":"gauge","name":"runtime.MemStats.HeapObjects","measures":{"value":2772}}
{"ts":1593817449538993104,"type":"gauge","name":"runtime.MemStats.HeapSys","measures":{"value":66617344}}
{"ts":1593817449539018463,"type":"gauge","name":"runtime.MemStats.MSpanSys","measures":{"value":49152}}
{"ts":1593817449539047361,"type":"gauge","name":"runtime.MemStats.NextGC","measures":{"value":4473924}}
{"ts":1593817454536675550,"type":"gauge","name":"runtime.MemStats.BuckHashSys","measures":{"value":3902}}
{"ts":1593817454536783476,"type":"gauge","name":"runtime.MemStats.HeapReleased","measures":{"value":64561152}}
{"ts":1593817454536833067,"type":"gauge","name":"runtime.MemStats.TotalAlloc","measures":{"value":808256}}
{"ts":1593817454536864904,"type":"gauge","name":"runtime.NumGoroutine","measures":{"value":13}}
{"ts":1593817454536914019,"type":"gauge","name":"runtime.MemStats.Frees","measures":{"value":321}}
{"ts":1593817454537015368,"type":"gauge","name":"runtime.MemStats.HeapAlloc","measures":{"value":808256}}
{"ts":1593817454537126737,"type":"gauge","name":"runtime.MemStats.MCacheSys","measures":{"value":16384}}
{"ts":1593817454537175977,"type":"gauge","name":"runtime.MemStats.StackInuse","measures":{"value":524288}}
{"ts":1593817454537205064,"type":"gauge","name":"runtime.MemStats.Sys","measures":{"value":71649288}}
{"ts":1593817454537238388,"type":"gauge","name":"runtime.MemStats.Alloc","measures":{"value":808256}}
{"ts":1593817454537271949,"type":"gauge","name":"runtime.MemStats.DebugGC","measures":{"value":0}}
{"ts":1593817454537297973,"type":"gauge","name":"runtime.MemStats.EnableGC","measures":{"value":1}}
{"ts":1593817454537328297,"type":"gauge","name":"runtime.MemStats.GCCPUFraction","measures":{"value":0}}
{"ts":1593817454537354489,"type":"gauge","name":"runtime.MemStats.PauseTotalNs","measures":{"value":0}}
{"ts":1593817454537378949,"type":"timer","name":"runtime.ReadMemStats","measures":{"count":2,"m1":0.015991117074135343,"m15":0.0011080303990206543,"m5":0.0033057092356765017,"max":142726,"mean":128117.5,"meanrate":0.199991632750069,"min":113509,"p50":128117.5,"p75":142726,"p95":142726,"p99":142726,"p999":142726,"p9999":142726,"stddev":14608.5,"variance":213408272.25}}
{"ts":1593817454537965737,"type":"gauge","name":"runtime.MemStats.HeapIdle","measures":{"value":64561152}}
{"ts":1593817454538056154,"type":"gauge","name":"runtime.MemStats.LastGC","measures":{"value":0}}
{"ts":1593817454538099598,"type":"gauge","name":"runtime.MemStats.Mallocs","measures":{"value":2322}}
{"ts":1593817454538127940,"type":"gauge","name":"runtime.MemStats.MCacheInuse","measures":{"value":10416}}
{"ts":1593817454538176462,"type":"gauge","name":"runtime.MemStats.NumGC","measures":{"value":0}}
{"ts":1593817454538206606,"type":"gauge","name":"runtime.MemStats.HeapInuse","measures":{"value":2023424}}
{"ts":1593817454538254430,"type":"gauge","name":"runtime.MemStats.Lookups","measures":{"value":0}}
{"ts":1593817454538343638,"type":"gauge","name":"runtime.NumCgoCall","measures":{"value":0}}
{"ts":1593817454538400788,"type":"gauge","name":"runtime.NumThread","measures":{"value":9}}
{"ts":1593817454538434163,"type":"histogram","name":"runtime.MemStats.PauseNs","measures":{"count":0,"max":0,"mean":0,"min":0,"p50":0,"p75":0,"p95":0,"p99":0,"p999":0,"p9999":0,"stddev":0,"variance":0}}
{"ts":1593817454538800782,"type":"gauge","name":"runtime.MemStats.StackSys","measures":{"value":524288}}
{"ts":1593817454538837228,"type":"gauge","name":"runtime.MemStats.MSpanInuse","measures":{"value":45696}}
{"ts":1593817454538884857,"type":"gauge","name":"runtime.MemStats.HeapObjects","measures":{"value":4773}}
{"ts":1593817454538964987,"type":"gauge","name":"runtime.MemStats.HeapSys","measures":{"value":66584576}}
{"ts":1593817454539020299,"type":"gauge","name":"runtime.MemStats.MSpanSys","measures":{"value":49152}}
{"ts":1593817454539059511,"type":"gauge","name":"runtime.MemStats.NextGC","measures":{"value":4473924}}
