{"ts":1593817449540724129,"type":"gauge","name":"runtime.MemStats.NextGC","measures":{"value":4473924}}
{"ts":1593817449541044389,"type":"gauge","name":"runtime.MemStats.NumGC","measures":{"value":0}}
{"ts":1593817449541098277,"type":"gauge","name":"runtime.MemStats.Alloc","measures":{"value":658232}}
{"ts":1593817449541128826,"type":"gauge","name":"runtime.NumCgoCall","measures":{"value":5}}
{"ts":1593817449541161927,"type":"gauge","name":"runtime.MemStats.HeapInuse","measures":{"value":1957888}}
{"ts":1593817449541189359,"type":"gauge","name":"runtime.MemStats.HeapSys","measures":{"value":66617344}}
{"ts":1593817449541220375,"type":"gauge","name":"runtime.MemStats.LastGC","measures":{"value":0}}
{"ts":1593817449541246267,"type":"gauge","name":"runtime.NumGoroutine","measures":{"value":13}}
{"ts":1593817449541277195,"type":"gauge","name":"runtime.MemStats.Frees","measures":{"value":130}}
{"ts":1593817449541302247,"type":"gauge","name":"runtime.MemStats.MCacheInuse","measures":{"value":10416}}
{"ts":1593817449541333338,"type":"gauge","name":"runtime.MemStats.TotalAlloc","measures":{"value":658232}}
{"ts":1593817449541358604,"type":"gauge","name":"runtime.MemStats.Lookups","measures":{"value":0}}
{"ts":1593817449541386838,"type":"gauge","name":"runtime.MemStats.MCacheSys","measures":{"value":16384}}
{"ts":1593817449541411716,"type":"gauge","name":"runtime.MemStats.GCCPUFraction","measures":{"value":0}}
{"ts":1593817449541442421,"type":"gauge","name":"runtime.MemStats.PauseTotalNs","measures":{"value":0}}
{"ts":1593817449541466808,"type":"gauge","name":"runtime.MemStats.Sys","measures":{"value":71911432}}
{"ts":1593817449541495630,"type":"gauge","name":"runtime.NumThread","measures":{"value":9}}
{"ts":1593817449541528255,"type":"gauge","name":"runtime.MemStats.HeapReleased","measures":{"value":64561152}}
{"ts":1593817449541560229,"type":"gauge","name":"runtime.MemStats.MSpanInuse","measures":{"value":36992}}
{"ts":1593817449541592135,"type":"gauge","name":"runtime.MemStats.StackSys","measures":{"value":491520}}
{"ts":1593817449541621421,"type":"gauge","name":"runtime.MemStats.DebugGC","measures":{"value":0}}
{"ts":1593817449541645704,"type":"gauge","name":"runtime.MemStats.EnableGC","measures":{"value":1}}
{"ts":1593817449541679125,"type":"gauge","name":"runtime.MemStats.HeapIdle","measures":{"value":64659456}}
{"ts":1593817449541715204,"type":"gauge","name":"runtime.MemStats.Mallocs","measures":{"value":2919}}
{"ts":1593817449541745081,"type":"gauge","name":"runtime.MemStats.BuckHashSys","measures":{"value":3902}}
{"ts":1593817449541769035,"type":"gauge","name":"runtime.MemStats.HeapObjects","measures":{"value":2789}}
{"ts":1593817449541796485,"type":"gauge","name":"runtime.MemStats.MSpanSys","measures":{"value":49152}}
{"ts":1593817449541820716,"type":"histogram","name":"runtime.MemStats.PauseNs","measures":{"count":0,"max":0,"mean":0,"min":0,"p50":0,"p75":0,"p95":0,"p99":0,"p999":0,"p9999":0,"stddev":0,"variance":0}}
{"ts":1593817449542124464,"type":"gauge","name":"runtime.MemStats.StackInuse","measures":{"value":491520}}
{"ts":1593817449542178658,"type":"timer","name":"runtime.ReadMemStats","measures":{"count":1,"m1":0,"m15":0,"m5":0,"max":3059036,"mean":3059036,"meanrate":0.1998665038056859,"min":3059036,"p50":3059036,"p75":3059036,"p95":3059036,"p99":3059036,"p999":3059036,"p9999":3059036,"stddev":0,"variance":0}}
{"ts":1593817449542585618,"type":"gauge","name":"runtime.MemStats.HeapAlloc","measures":{"value":658232}}
{"ts":1593817454537695968,"type":"timer","name":"runtime.ReadMemStats","measures":{"count":2,"m1":0.015991117074135343,"m15":0.0011080303990206543,"m5":0.0033057092356765017,"max":3059036,"mean":1592907.5,"meanrate":0.19999326010713842,"min":126779,"p50":1592907.5,"p75":3059036,"p95":3059036,"p99":3059036,"p999":3059036,"p9999":3059036,"stddev":1466128.5,"variance":2149532778512.25}}
{"ts":1593817454538319100,"type":"gauge","name":"runtime.MemStats.HeapAlloc","measures":{"value":809416}}
{"ts":1593817454538368946,"type":"gauge","name":"runtime.MemStats.HeapObjects","measures":{"value":4789}}
{"ts":1593817454538405548,"type":"gauge","name":"runtime.MemStats.MSpanSys","measures":{"value":49152}}
{"ts":1593817454538457097,"type":"histogram","name":"runtime.MemStats.PauseNs","measures":{"count":0,"max":0,"mean":0,"min":0,"p50":0,"p75":0,"p95":0,"p99":0,"p999":0,"p9999":0,"stddev":0,"variance":0}}
{"ts":1593817454538743580,"type":"gauge","name":"runtime.MemStats.StackInuse","measures":{"value":524288}}
{"ts":1593817454538780754,"type":"gauge","name":"runtime.MemStats.Alloc","measures":{"value":809416}}
{"ts":1593817454538806402,"type":"gauge","name":"runtime.MemStats.NextGC","measures":{"value":4473924}}
{"ts":1593817454538836366,"type":"gauge","name":"runtime.MemStats.NumGC","measures":{"value":0}}
{"ts":1593817454538861826,"type":"gauge","name":"runtime.MemStats.HeapInuse","measures":{"value":2080768}}
{"ts":1593817454538890593,"type":"gauge","name":"runtime.NumCgoCall","measures":{"value":0}}
{"ts":1593817454538914926,"type":"gauge","name":"runtime.MemStats.Frees","measures":{"value":321}}
{"ts":1593817454538944554,"type":"gauge","name":"runtime.MemStats.HeapSys","measures":{"value":66584576}}
{"ts":1593817454538969978,"type":"gauge","name":"runtime.MemStats.LastGC","measures":{"value":0}}
{"ts":1593817454538998662,"type":"gauge","name":"runtime.NumGoroutine","measures":{"value":13}}
{"ts":1593817454539022588,"type":"gauge","name":"runtime.MemStats.Lookups","measures":{"value":0}}
{"ts":1593817454539050606,"type":"gauge","name":"runtime.MemStats.MCacheInuse","measures":{"value":10416}}
{"ts":1593817454539096322,"type":"gauge","name":"runtime.MemStats.TotalAlloc","measures":{"value":809416}}
{"ts":1593817454539130260,"type":"gauge","name":"runtime.NumThread","measures":{"value":9}}
{"ts":1593817454539154684,"type":"gauge","name":"runtime.MemStats.HeapReleased","measures":{"value":64405504}}
{"ts":1593817454539190945,"type":"gauge","name":"runtime.MemStats.MCacheSys","measures":{"value":16384}}
{"ts":1593817454539219541,"type":"gauge","name":"runtime.MemStats.GCCPUFraction","measures":{"value":0}}
{"ts":1593817454539249625,"type":"gauge","name":"runtime.MemStats.PauseTotalNs","measures":{"value":0}}
{"ts":1593817454539274059,"type":"gauge","name":"runtime.MemStats.Sys","measures":{"value":71911432}}
{"ts":1593817454539302697,"type":"gauge","name":"runtime.MemStats.DebugGC","measures":{"value":0}}
{"ts":1593817454539327780,"type":"gauge","name":"runtime.MemStats.MSpanInuse","measures":{"value":36992}}
{"ts":1593817454539356233,"type":"gauge","name":"runtime.MemStats.StackSys","measures":{"value":524288}}
{"ts":1593817454539380569,"type":"gauge","name":"runtime.MemStats.BuckHashSys","measures":{"value":3902}}
{"ts":1593817454539409969,"type":"gauge","name":"runtime.MemStats.EnableGC","measures":{"value":1}}
{"ts":1593817454539434650,"type":"gauge","name":"runtime.MemStats.HeapIdle","measures":{"value":64503808}}
{"ts":1593817454539463020,"type":"gauge","name":"runtime.MemStats.Mallocs","measures":{"value":2321}}
