{"ts":1595023885658815815,"msg":"","group_id":"single","run_id":"77086fbafc6d","event":{"type":"message","message":"registering default http handler at: http://[::]:6060/ (pprof: http://[::]:6060/debug/pprof/)"}}
{"ts":1595023885658837458,"msg":"","group_id":"single","run_id":"77086fbafc6d","event":{"type":"start","runenv":{"plan":"bitswap","case":"transfer","params":{"bandwidth_mb":"1024","bstore_delay_ms":"5","file_size":"4194304","jitter_pct":"10","latency_ms":"5","leech_count":"1","parallel_gen_mb":"100","passive_count":"0","request_stagger":"0","run_count":"1","run_timeout_secs":"90","timeout_secs":"300"},"instances":2,"outputs_path":"/outputs","network":"ip+net","group":"single","group_instances":2}}}
{"ts":1595023885861175223,"msg":"","group_id":"single","run_id":"77086fbafc6d","event":{"type":"message","message":"I am Qmc932s7qMoVX1qTnX8ZAdSBCMhjwrS7rNHf65HbeT24Pb with addrs: [/ip4/127.0.0.1/tcp/43503 /ip4/16.1.0.2/tcp/43503 /ip4/192.18.0.6/tcp/43503]"}}
{"ts":1595023885861414953,"msg":"","group_id":"single","run_id":"77086fbafc6d","event":{"type":"message","message":"I am Seed 0 - seq 2 / 2"}}
{"ts":1595023885861934683,"msg":"","group_id":"single","run_id":"77086fbafc6d","event":{"type":"message","message":"network initialisation successful"}}
{"ts":1595023885861952297,"msg":"","group_id":"single","run_id":"77086fbafc6d","event":{"type":"message","message":"Seed 0 has 5ms latency (10% jitter) and 1024MB bandwidth"}}
{"ts":1595023886877904831,"msg":"","group_id":"single","run_id":"77086fbafc6d","event":{"type":"message","message":"Starting run 1 / 1 (4194304 bytes)"}}
{"ts":1595023886880365340,"msg":"","group_id":"single","run_id":"77086fbafc6d","event":{"type":"message","message":"Generating seed data of 4194304 bytes"}}
{"ts":1595023887137891460,"msg":"","group_id":"single","run_id":"77086fbafc6d","event":{"type":"message","message":"Done generating seed data of 4194304 bytes (257.500793ms)"}}
{"ts":1595023888139829879,"msg":"","group_id":"single","run_id":"77086fbafc6d","event":{"type":"message","message":"Dialed 0 other nodes"}}
{"ts":1595023890141824375,"msg":"","group_id":"single","run_id":"77086fbafc6d","event":{"type":"metric","metric":{"name":"latencyMS:5/bandwidthMB:1024/run:1/seq:2/groupName:single/groupSeq:2/fileSize:4194304/nodeType:Seed/nodeTypeIndex:0/name:msgs_rcvd","unit":"messages","dir":-1,"value":19}}}
{"ts":1595023890141911971,"msg":"","group_id":"single","run_id":"77086fbafc6d","event":{"type":"metric","metric":{"name":"latencyMS:5/bandwidthMB:1024/run:1/seq:2/groupName:single/groupSeq:2/fileSize:4194304/nodeType:Seed/nodeTypeIndex:0/name:data_sent","unit":"bytes","dir":-1,"value":4195337}}}
{"ts":1595023890141937125,"msg":"","group_id":"single","run_id":"77086fbafc6d","event":{"type":"metric","metric":{"name":"latencyMS:5/bandwidthMB:1024/run:1/seq:2/groupName:single/groupSeq:2/fileSize:4194304/nodeType:Seed/nodeTypeIndex:0/name:data_rcvd","unit":"bytes","dir":-1,"value":0}}}
{"ts":1595023890141957661,"msg":"","group_id":"single","run_id":"77086fbafc6d","event":{"type":"metric","metric":{"name":"latencyMS:5/bandwidthMB:1024/run:1/seq:2/groupName:single/groupSeq:2/fileSize:4194304/nodeType:Seed/nodeTypeIndex:0/name:dup_data_rcvd","unit":"bytes","dir":-1,"value":0}}}
{"ts":1595023890141979190,"msg":"","group_id":"single","run_id":"77086fbafc6d","event":{"type":"metric","metric":{"name":"latencyMS:5/bandwidthMB:1024/run:1/seq:2/groupName:single/groupSeq:2/fileSize:4194304/nodeType:Seed/nodeTypeIndex:0/name:blks_sent","unit":"blocks","dir":-1,"value":17}}}
{"ts":1595023890141999479,"msg":"","group_id":"single","run_id":"77086fbafc6d","event":{"type":"metric","metric":{"name":"latencyMS:5/bandwidthMB:1024/run:1/seq:2/groupName:single/groupSeq:2/fileSize:4194304/nodeType:Seed/nodeTypeIndex:0/name:blks_rcvd","unit":"blocks","dir":-1,"value":0}}}
{"ts":1595023890142030687,"msg":"","group_id":"single","run_id":"77086fbafc6d","event":{"type":"metric","metric":{"name":"latencyMS:5/bandwidthMB:1024/run:1/seq:2/groupName:single/groupSeq:2/fileSize:4194304/nodeType:Seed/nodeTypeIndex:0/name:dup_blks_rcvd","unit":"blocks","dir":-1,"value":0}}}
{"ts":1595023890238297162,"msg":"","group_id":"single","run_id":"77086fbafc6d","event":{"type":"finish","outcome":"ok"}}
{"ts":1595023890238678329,"msg":"","group_id":"single","run_id":"77086fbafc6d","event":{"type":"finish","outcome":"ok"}}
{"ts":1595023890241310369,"msg":"","group_id":"single","run_id":"77086fbafc6d","event":{"type":"message","message":"io closed"}}
