{"ts":1594233090906703562,"msg":"","group_id":"single","run_id":"34d673cc-c149-11ea-be4e-04d4c45522e8","event":{"type":"message","message":"registering default http handler at: http://[::]:6060/ (pprof: http://[::]:6060/debug/pprof/)"}}
{"ts":1594233090906736779,"msg":"","group_id":"single","run_id":"34d673cc-c149-11ea-be4e-04d4c45522e8","event":{"type":"start","runenv":{"plan":"bitswap-tuning","case":"transfer","params":{"bandwidth_mb":"1024","bstore_delay_ms":"5","file_size":"4194304","jitter_pct":"10","latency_ms":"5","leech_count":"1","parallel_gen_mb":"100","passive_count":"0","request_stagger":"0","run_count":"1","run_timeout_secs":"90","timeout_secs":"300"},"instances":2,"outputs_path":"/outputs","network":"ip+net","group":"single","group_instances":2}}}
{"ts":1594233091027364143,"msg":"","group_id":"single","run_id":"34d673cc-c149-11ea-be4e-04d4c45522e8","event":{"type":"message","message":"I am QmaogdZpdkgfojZK1Nd48uktsvgSBbAmQRwBruYjvrgphe with addrs: [/ip4/127.0.0.1/tcp/40451 /ip4/192.18.0.7/tcp/40451 /ip4/16.0.0.3/tcp/40451]"}}
{"ts":1594233091027593782,"msg":"","group_id":"single","run_id":"34d673cc-c149-11ea-be4e-04d4c45522e8","event":{"type":"message","message":"I am Seed 0 - seq 2 / 2"}}
{"ts":1594233091028226959,"msg":"","group_id":"single","run_id":"34d673cc-c149-11ea-be4e-04d4c45522e8","event":{"type":"message","message":"network initialisation successful"}}
{"ts":1594233091028301666,"msg":"","group_id":"single","run_id":"34d673cc-c149-11ea-be4e-04d4c45522e8","event":{"type":"message","message":"Seed 0 has 5ms latency (10% jitter) and 1024MB bandwidth"}}
{"ts":1594233092030336788,"msg":"","group_id":"single","run_id":"34d673cc-c149-11ea-be4e-04d4c45522e8","event":{"type":"message","message":"Starting run 1 / 1 (4194304 bytes)"}}
{"ts":1594233092032722923,"msg":"","group_id":"single","run_id":"34d673cc-c149-11ea-be4e-04d4c45522e8","event":{"type":"message","message":"Generating seed data of 4194304 bytes"}}
{"ts":1594233092297157145,"msg":"","group_id":"single","run_id":"34d673cc-c149-11ea-be4e-04d4c45522e8","event":{"type":"message","message":"Done generating seed data of 4194304 bytes (264.414087ms)"}}
{"ts":1594233093374118284,"msg":"","group_id":"single","run_id":"34d673cc-c149-11ea-be4e-04d4c45522e8","event":{"type":"message","message":"Dialed 1 other nodes"}}
{"ts":1594233094375263810,"msg":"","group_id":"single","run_id":"34d673cc-c149-11ea-be4e-04d4c45522e8","event":{"type":"metric","metric":{"name":"latencyMS:5/bandwidthMB:1024/run:1/seq:2/groupName:single/groupSeq:2/fileSize:4194304/nodeType:Seed/nodeTypeIndex:0/name:msgs_rcvd","unit":"messages","dir":-1,"value":19}}}
{"ts":1594233094375350779,"msg":"","group_id":"single","run_id":"34d673cc-c149-11ea-be4e-04d4c45522e8","event":{"type":"metric","metric":{"name":"latencyMS:5/bandwidthMB:1024/run:1/seq:2/groupName:single/groupSeq:2/fileSize:4194304/nodeType:Seed/nodeTypeIndex:0/name:data_sent","unit":"bytes","dir":-1,"value":4195337}}}
{"ts":1594233094375375625,"msg":"","group_id":"single","run_id":"34d673cc-c149-11ea-be4e-04d4c45522e8","event":{"type":"metric","metric":{"name":"latencyMS:5/bandwidthMB:1024/run:1/seq:2/groupName:single/groupSeq:2/fileSize:4194304/nodeType:Seed/nodeTypeIndex:0/name:data_rcvd","unit":"bytes","dir":-1,"value":0}}}
{"ts":1594233094375396254,"msg":"","group_id":"single","run_id":"34d673cc-c149-11ea-be4e-04d4c45522e8","event":{"type":"metric","metric":{"name":"latencyMS:5/bandwidthMB:1024/run:1/seq:2/groupName:single/groupSeq:2/fileSize:4194304/nodeType:Seed/nodeTypeIndex:0/name:dup_data_rcvd","unit":"bytes","dir":-1,"value":0}}}
{"ts":1594233094375433852,"msg":"","group_id":"single","run_id":"34d673cc-c149-11ea-be4e-04d4c45522e8","event":{"type":"metric","metric":{"name":"latencyMS:5/bandwidthMB:1024/run:1/seq:2/groupName:single/groupSeq:2/fileSize:4194304/nodeType:Seed/nodeTypeIndex:0/name:blks_sent","unit":"blocks","dir":-1,"value":17}}}
{"ts":1594233094375469040,"msg":"","group_id":"single","run_id":"34d673cc-c149-11ea-be4e-04d4c45522e8","event":{"type":"metric","metric":{"name":"latencyMS:5/bandwidthMB:1024/run:1/seq:2/groupName:single/groupSeq:2/fileSize:4194304/nodeType:Seed/nodeTypeIndex:0/name:blks_rcvd","unit":"blocks","dir":-1,"value":0}}}
{"ts":1594233094375577755,"msg":"","group_id":"single","run_id":"34d673cc-c149-11ea-be4e-04d4c45522e8","event":{"type":"metric","metric":{"name":"latencyMS:5/bandwidthMB:1024/run:1/seq:2/groupName:single/groupSeq:2/fileSize:4194304/nodeType:Seed/nodeTypeIndex:0/name:dup_blks_rcvd","unit":"blocks","dir":-1,"value":0}}}
{"ts":1594233094472419944,"msg":"","group_id":"single","run_id":"34d673cc-c149-11ea-be4e-04d4c45522e8","event":{"type":"finish","outcome":"ok"}}
{"ts":1594233094472797501,"msg":"","group_id":"single","run_id":"34d673cc-c149-11ea-be4e-04d4c45522e8","event":{"type":"finish","outcome":"ok"}}
{"ts":1594233094486141464,"msg":"","group_id":"single","run_id":"34d673cc-c149-11ea-be4e-04d4c45522e8","event":{"type":"message","message":"io closed"}}
