{"ts":1594242916926900066,"msg":"","group_id":"single","run_id":"1568e7a0-c160-11ea-be4e-04d4c45522e8","event":{"type":"message","message":"registering default http handler at: http://[::]:6060/ (pprof: http://[::]:6060/debug/pprof/)"}}
{"ts":1594242916926942240,"msg":"","group_id":"single","run_id":"1568e7a0-c160-11ea-be4e-04d4c45522e8","event":{"type":"start","runenv":{"plan":"bitswap-tuning","case":"transfer","params":{"bandwidth_mb":"1024","bstore_delay_ms":"5","file_size":"4194304","jitter_pct":"10","latency_ms":"5","leech_count":"1","parallel_gen_mb":"100","passive_count":"0","request_stagger":"0","run_count":"1","run_timeout_secs":"90","timeout_secs":"300"},"instances":4,"outputs_path":"/outputs","network":"ip+net","group":"single","group_instances":4}}}
{"ts":1594242917036296682,"msg":"","group_id":"single","run_id":"1568e7a0-c160-11ea-be4e-04d4c45522e8","event":{"type":"message","message":"I am QmRFLqq9uzafQDuhxunq21yHKuUE8NFMaQ9N5e87JkfEUc with addrs: [/ip4/127.0.0.1/tcp/33179 /ip4/192.18.0.6/tcp/33179 /ip4/16.0.0.4/tcp/33179]"}}
{"ts":1594242917036789730,"msg":"","group_id":"single","run_id":"1568e7a0-c160-11ea-be4e-04d4c45522e8","event":{"type":"message","message":"I am Leech 0 - seq 1 / 4"}}
{"ts":1594242917389214760,"msg":"","group_id":"single","run_id":"1568e7a0-c160-11ea-be4e-04d4c45522e8","event":{"type":"message","message":"network initialisation successful"}}
{"ts":1594242917389319357,"msg":"","group_id":"single","run_id":"1568e7a0-c160-11ea-be4e-04d4c45522e8","event":{"type":"message","message":"Leech 0 has 5ms latency (10% jitter) and 1024MB bandwidth"}}
{"ts":1594242919390796471,"msg":"","group_id":"single","run_id":"1568e7a0-c160-11ea-be4e-04d4c45522e8","event":{"type":"message","message":"Starting run 1 / 1 (4194304 bytes)"}}
{"ts":1594242921658042074,"msg":"","group_id":"single","run_id":"1568e7a0-c160-11ea-be4e-04d4c45522e8","event":{"type":"message","message":"Dialed 0 other nodes"}}
{"ts":1594242922659106280,"msg":"","group_id":"single","run_id":"1568e7a0-c160-11ea-be4e-04d4c45522e8","event":{"type":"message","message":"Leech fetching data after 0s delay"}}
{"ts":1594242922897051651,"msg":"","group_id":"single","run_id":"1568e7a0-c160-11ea-be4e-04d4c45522e8","event":{"type":"message","message":"Leech fetch complete (237.844126ms)"}}
{"ts":1594242922897991809,"msg":"","group_id":"single","run_id":"1568e7a0-c160-11ea-be4e-04d4c45522e8","event":{"type":"metric","metric":{"name":"latencyMS:5/bandwidthMB:1024/run:1/seq:1/groupName:single/groupSeq:1/fileSize:4194304/nodeType:Leech/nodeTypeIndex:0/name:time_to_fetch","unit":"ns","dir":-1,"value":237844126}}}
{"ts":1594242922898064333,"msg":"","group_id":"single","run_id":"1568e7a0-c160-11ea-be4e-04d4c45522e8","event":{"type":"metric","metric":{"name":"latencyMS:5/bandwidthMB:1024/run:1/seq:1/groupName:single/groupSeq:1/fileSize:4194304/nodeType:Leech/nodeTypeIndex:0/name:msgs_rcvd","unit":"messages","dir":-1,"value":19}}}
{"ts":1594242922898091356,"msg":"","group_id":"single","run_id":"1568e7a0-c160-11ea-be4e-04d4c45522e8","event":{"type":"metric","metric":{"name":"latencyMS:5/bandwidthMB:1024/run:1/seq:1/groupName:single/groupSeq:1/fileSize:4194304/nodeType:Leech/nodeTypeIndex:0/name:data_sent","unit":"bytes","dir":-1,"value":0}}}
{"ts":1594242922898114967,"msg":"","group_id":"single","run_id":"1568e7a0-c160-11ea-be4e-04d4c45522e8","event":{"type":"metric","metric":{"name":"latencyMS:5/bandwidthMB:1024/run:1/seq:1/groupName:single/groupSeq:1/fileSize:4194304/nodeType:Leech/nodeTypeIndex:0/name:data_rcvd","unit":"bytes","dir":-1,"value":4196955}}}
{"ts":1594242922898146426,"msg":"","group_id":"single","run_id":"1568e7a0-c160-11ea-be4e-04d4c45522e8","event":{"type":"metric","metric":{"name":"latencyMS:5/bandwidthMB:1024/run:1/seq:1/groupName:single/groupSeq:1/fileSize:4194304/nodeType:Leech/nodeTypeIndex:0/name:dup_data_rcvd","unit":"bytes","dir":-1,"value":0}}}
{"ts":1594242922898168642,"msg":"","group_id":"single","run_id":"1568e7a0-c160-11ea-be4e-04d4c45522e8","event":{"type":"metric","metric":{"name":"latencyMS:5/bandwidthMB:1024/run:1/seq:1/groupName:single/groupSeq:1/fileSize:4194304/nodeType:Leech/nodeTypeIndex:0/name:blks_sent","unit":"blocks","dir":-1,"value":0}}}
{"ts":1594242922898250383,"msg":"","group_id":"single","run_id":"1568e7a0-c160-11ea-be4e-04d4c45522e8","event":{"type":"metric","metric":{"name":"latencyMS:5/bandwidthMB:1024/run:1/seq:1/groupName:single/groupSeq:1/fileSize:4194304/nodeType:Leech/nodeTypeIndex:0/name:blks_rcvd","unit":"blocks","dir":-1,"value":19}}}
{"ts":1594242922898281665,"msg":"","group_id":"single","run_id":"1568e7a0-c160-11ea-be4e-04d4c45522e8","event":{"type":"metric","metric":{"name":"latencyMS:5/bandwidthMB:1024/run:1/seq:1/groupName:single/groupSeq:1/fileSize:4194304/nodeType:Leech/nodeTypeIndex:0/name:dup_blks_rcvd","unit":"blocks","dir":-1,"value":0}}}
{"ts":1594242923994074321,"msg":"","group_id":"single","run_id":"1568e7a0-c160-11ea-be4e-04d4c45522e8","event":{"type":"finish","outcome":"ok"}}
{"ts":1594242923994235564,"msg":"","group_id":"single","run_id":"1568e7a0-c160-11ea-be4e-04d4c45522e8","event":{"type":"finish","outcome":"ok"}}
{"ts":1594242923994360666,"msg":"","group_id":"single","run_id":"1568e7a0-c160-11ea-be4e-04d4c45522e8","event":{"type":"message","message":"io closed"}}
