{"ts":1594319852804359826,"type":"gauge","name":"runtime.MemStats.Alloc","measures":{"value":852672}}
{"ts":1594319852804713477,"type":"gauge","name":"runtime.MemStats.HeapInuse","measures":{"value":2195456}}
{"ts":1594319852804790507,"type":"timer","name":"runtime.ReadMemStats","measures":{"count":1,"m1":0,"m15":0,"m5":0,"max":175126,"mean":175126,"meanrate":0.19998831416283383,"min":175126,"p50":175126,"p75":175126,"p95":175126,"p99":175126,"p999":175126,"p9999":175126,"stddev":0,"variance":0}}
{"ts":1594319852805269922,"type":"gauge","name":"runtime.MemStats.Sys","measures":{"value":73613568}}
{"ts":1594319852805307424,"type":"gauge","name":"runtime.NumCgoCall","measures":{"value":1}}
{"ts":1594319852805336270,"type":"gauge","name":"runtime.NumGoroutine","measures":{"value":14}}
{"ts":1594319852805367574,"type":"gauge","name":"runtime.MemStats.Frees","measures":{"value":258}}
{"ts":1594319852805395047,"type":"gauge","name":"runtime.MemStats.MSpanInuse","measures":{"value":54400}}
{"ts":1594319852805430504,"type":"histogram","name":"runtime.MemStats.PauseNs","measures":{"count":0,"max":0,"mean":0,"min":0,"p50":0,"p75":0,"p95":0,"p99":0,"p999":0,"p9999":0,"stddev":0,"variance":0}}
{"ts":1594319852805843020,"type":"gauge","name":"runtime.MemStats.PauseTotalNs","measures":{"value":0}}
{"ts":1594319852805925760,"type":"gauge","name":"runtime.MemStats.LastGC","measures":{"value":0}}
{"ts":1594319852805967047,"type":"gauge","name":"runtime.MemStats.HeapIdle","measures":{"value":64323584}}
{"ts":1594319852806004133,"type":"gauge","name":"runtime.MemStats.NextGC","measures":{"value":4473924}}
{"ts":1594319852806051693,"type":"gauge","name":"runtime.MemStats.NumGC","measures":{"value":0}}
{"ts":1594319852806085293,"type":"gauge","name":"runtime.MemStats.StackSys","measures":{"value":589824}}
{"ts":1594319852806112135,"type":"gauge","name":"runtime.NumThread","measures":{"value":9}}
{"ts":1594319852806163289,"type":"gauge","name":"runtime.MemStats.DebugGC","measures":{"value":0}}
{"ts":1594319852806195920,"type":"gauge","name":"runtime.MemStats.EnableGC","measures":{"value":1}}
{"ts":1594319852806221506,"type":"gauge","name":"runtime.MemStats.HeapObjects","measures":{"value":4069}}
{"ts":1594319852806252604,"type":"gauge","name":"runtime.MemStats.MCacheInuse","measures":{"value":10416}}
{"ts":1594319852806287387,"type":"gauge","name":"runtime.MemStats.HeapSys","measures":{"value":66519040}}
{"ts":1594319852806319845,"type":"gauge","name":"runtime.MemStats.MCacheSys","measures":{"value":16384}}
{"ts":1594319852806346214,"type":"gauge","name":"runtime.MemStats.GCCPUFraction","measures":{"value":0}}
{"ts":1594319852806379791,"type":"gauge","name":"runtime.MemStats.StackInuse","measures":{"value":589824}}
{"ts":1594319852806412224,"type":"gauge","name":"runtime.MemStats.HeapReleased","measures":{"value":64192512}}
{"ts":1594319852806444774,"type":"gauge","name":"runtime.MemStats.Lookups","measures":{"value":0}}
{"ts":1594319852806480999,"type":"gauge","name":"runtime.MemStats.Mallocs","measures":{"value":4327}}
{"ts":1594319852806514649,"type":"gauge","name":"runtime.MemStats.BuckHashSys","measures":{"value":1444446}}
{"ts":1594319852806546822,"type":"gauge","name":"runtime.MemStats.HeapAlloc","measures":{"value":852672}}
{"ts":1594319852806572742,"type":"gauge","name":"runtime.MemStats.MSpanSys","measures":{"value":65536}}
{"ts":1594319852806606169,"type":"gauge","name":"runtime.MemStats.TotalAlloc","measures":{"value":852672}}
