{"ts":1595625245302432634,"msg":"","group_id":"single","run_id":"68a52862271e","event":{"type":"message","message":"registering default http handler at: http://[::]:6060/ (pprof: http://[::]:6060/debug/pprof/)"}}
{"ts":1595625245302462764,"msg":"","group_id":"single","run_id":"68a52862271e","event":{"type":"start","runenv":{"plan":"bitswap","case":"transfer","params":{"bandwidth_mb":"1024","bstore_delay_ms":"5","file_size":"4194304","jitter_pct":"10","latency_ms":"5","leech_count":"1","parallel_gen_mb":"100","passive_count":"0","request_stagger":"0","run_count":"1","run_timeout_secs":"90","timeout_secs":"300"},"instances":2,"outputs_path":"/outputs","network":"ip+net","group":"single","group_instances":2}}}
{"ts":1595625245473638080,"msg":"","group_id":"single","run_id":"68a52862271e","event":{"type":"message","message":"I am QmRkaGv6ttqfKHxG19AHD2gW7cWP4CrZ1QjmfVeip7nNYm with addrs: [/ip4/127.0.0.1/tcp/32969 /ip4/16.1.0.2/tcp/32969 /ip4/192.18.0.7/tcp/32969]"}}
{"ts":1595625245473840610,"msg":"","group_id":"single","run_id":"68a52862271e","event":{"type":"message","message":"I am Leech 0 - seq 1 / 2"}}
{"ts":1595625245503666684,"msg":"","group_id":"single","run_id":"68a52862271e","event":{"type":"message","message":"network initialisation successful"}}
{"ts":1595625245503717456,"msg":"","group_id":"single","run_id":"68a52862271e","event":{"type":"message","message":"Leech 0 has 5ms latency (10% jitter) and 1024MB bandwidth"}}
{"ts":1595625247505086928,"msg":"","group_id":"single","run_id":"68a52862271e","event":{"type":"message","message":"Starting run 1 / 1 (4194304 bytes)"}}
{"ts":1595625247585143407,"msg":"","group_id":"single","run_id":"68a52862271e","event":{"type":"message","message":"Dialed 1 other nodes"}}
{"ts":1595625248586315148,"msg":"","group_id":"single","run_id":"68a52862271e","event":{"type":"message","message":"Leech fetching data after 0s delay"}}
{"ts":1595625248803674469,"msg":"","group_id":"single","run_id":"68a52862271e","event":{"type":"message","message":"Leech fetch complete (217.234955ms)"}}
{"ts":1595625248804624007,"msg":"","group_id":"single","run_id":"68a52862271e","event":{"type":"metric","metric":{"name":"latencyMS:5/bandwidthMB:1024/run:1/seq:1/groupName:single/groupSeq:1/fileSize:4194304/nodeType:Leech/nodeTypeIndex:0/name:time_to_fetch","unit":"ns","dir":-1,"value":217234955}}}
{"ts":1595625248804708333,"msg":"","group_id":"single","run_id":"68a52862271e","event":{"type":"metric","metric":{"name":"latencyMS:5/bandwidthMB:1024/run:1/seq:1/groupName:single/groupSeq:1/fileSize:4194304/nodeType:Leech/nodeTypeIndex:0/name:msgs_rcvd","unit":"messages","dir":-1,"value":17}}}
{"ts":1595625248804734468,"msg":"","group_id":"single","run_id":"68a52862271e","event":{"type":"metric","metric":{"name":"latencyMS:5/bandwidthMB:1024/run:1/seq:1/groupName:single/groupSeq:1/fileSize:4194304/nodeType:Leech/nodeTypeIndex:0/name:data_sent","unit":"bytes","dir":-1,"value":0}}}
{"ts":1595625248804757968,"msg":"","group_id":"single","run_id":"68a52862271e","event":{"type":"metric","metric":{"name":"latencyMS:5/bandwidthMB:1024/run:1/seq:1/groupName:single/groupSeq:1/fileSize:4194304/nodeType:Leech/nodeTypeIndex:0/name:data_rcvd","unit":"bytes","dir":-1,"value":4195337}}}
{"ts":1595625248804797938,"msg":"","group_id":"single","run_id":"68a52862271e","event":{"type":"metric","metric":{"name":"latencyMS:5/bandwidthMB:1024/run:1/seq:1/groupName:single/groupSeq:1/fileSize:4194304/nodeType:Leech/nodeTypeIndex:0/name:dup_data_rcvd","unit":"bytes","dir":-1,"value":0}}}
{"ts":1595625248804819432,"msg":"","group_id":"single","run_id":"68a52862271e","event":{"type":"metric","metric":{"name":"latencyMS:5/bandwidthMB:1024/run:1/seq:1/groupName:single/groupSeq:1/fileSize:4194304/nodeType:Leech/nodeTypeIndex:0/name:blks_sent","unit":"blocks","dir":-1,"value":0}}}
{"ts":1595625248804839912,"msg":"","group_id":"single","run_id":"68a52862271e","event":{"type":"metric","metric":{"name":"latencyMS:5/bandwidthMB:1024/run:1/seq:1/groupName:single/groupSeq:1/fileSize:4194304/nodeType:Leech/nodeTypeIndex:0/name:blks_rcvd","unit":"blocks","dir":-1,"value":17}}}
{"ts":1595625248805051131,"msg":"","group_id":"single","run_id":"68a52862271e","event":{"type":"metric","metric":{"name":"latencyMS:5/bandwidthMB:1024/run:1/seq:1/groupName:single/groupSeq:1/fileSize:4194304/nodeType:Leech/nodeTypeIndex:0/name:dup_blks_rcvd","unit":"blocks","dir":-1,"value":0}}}
{"ts":1595625249901435912,"msg":"","group_id":"single","run_id":"68a52862271e","event":{"type":"finish","outcome":"ok"}}
{"ts":1595625249901758427,"msg":"","group_id":"single","run_id":"68a52862271e","event":{"type":"finish","outcome":"ok"}}
{"ts":1595625249901905855,"msg":"","group_id":"single","run_id":"68a52862271e","event":{"type":"message","message":"io closed"}}
