{"ts":1594320856198135644,"type":"gauge","name":"runtime.MemStats.Alloc","measures":{"value":821624}}
{"ts":1594320856198524065,"type":"gauge","name":"runtime.MemStats.Frees","measures":{"value":238}}
{"ts":1594320856198583687,"type":"gauge","name":"runtime.MemStats.HeapSys","measures":{"value":66617344}}
{"ts":1594320856198617347,"type":"gauge","name":"runtime.MemStats.MSpanSys","measures":{"value":65536}}
{"ts":1594320856198653525,"type":"gauge","name":"runtime.MemStats.LastGC","measures":{"value":0}}
{"ts":1594320856198682262,"type":"gauge","name":"runtime.MemStats.Mallocs","measures":{"value":3898}}
{"ts":1594320856198740858,"type":"gauge","name":"runtime.MemStats.Sys","measures":{"value":73613568}}
{"ts":1594320856198896275,"type":"gauge","name":"runtime.NumThread","measures":{"value":9}}
{"ts":1594320856198955442,"type":"gauge","name":"runtime.MemStats.EnableGC","measures":{"value":1}}
{"ts":1594320856198996879,"type":"gauge","name":"runtime.MemStats.HeapInuse","measures":{"value":2129920}}
{"ts":1594320856199035916,"type":"gauge","name":"runtime.MemStats.PauseTotalNs","measures":{"value":0}}
{"ts":1594320856199072210,"type":"gauge","name":"runtime.MemStats.StackInuse","measures":{"value":491520}}
{"ts":1594320856199107908,"type":"gauge","name":"runtime.MemStats.TotalAlloc","measures":{"value":821624}}
{"ts":1594320856199136325,"type":"timer","name":"runtime.ReadMemStats","measures":{"count":1,"m1":0,"m15":0,"m5":0,"max":145827,"mean":145827,"meanrate":0.1999828227954085,"min":145827,"p50":145827,"p75":145827,"p95":145827,"p99":145827,"p999":145827,"p9999":145827,"stddev":0,"variance":0}}
{"ts":1594320856199940065,"type":"gauge","name":"runtime.NumGoroutine","measures":{"value":13}}
{"ts":1594320856200043456,"type":"gauge","name":"runtime.MemStats.BuckHashSys","measures":{"value":1444142}}
{"ts":1594320856200156984,"type":"gauge","name":"runtime.MemStats.DebugGC","measures":{"value":0}}
{"ts":1594320856200199477,"type":"gauge","name":"runtime.MemStats.HeapAlloc","measures":{"value":821624}}
{"ts":1594320856200227471,"type":"gauge","name":"runtime.MemStats.HeapObjects","measures":{"value":3660}}
{"ts":1594320856200264517,"type":"gauge","name":"runtime.MemStats.MCacheSys","measures":{"value":16384}}
{"ts":1594320856200349582,"type":"gauge","name":"runtime.MemStats.NumGC","measures":{"value":0}}
{"ts":1594320856200392040,"type":"gauge","name":"runtime.MemStats.MSpanInuse","measures":{"value":54400}}
{"ts":1594320856200421454,"type":"gauge","name":"runtime.MemStats.StackSys","measures":{"value":491520}}
{"ts":1594320856200456141,"type":"gauge","name":"runtime.MemStats.GCCPUFraction","measures":{"value":0}}
{"ts":1594320856200494610,"type":"gauge","name":"runtime.MemStats.HeapIdle","measures":{"value":64487424}}
{"ts":1594320856200522845,"type":"gauge","name":"runtime.MemStats.HeapReleased","measures":{"value":64356352}}
{"ts":1594320856200557652,"type":"gauge","name":"runtime.MemStats.MCacheInuse","measures":{"value":10416}}
{"ts":1594320856200592777,"type":"histogram","name":"runtime.MemStats.PauseNs","measures":{"count":0,"max":0,"mean":0,"min":0,"p50":0,"p75":0,"p95":0,"p99":0,"p999":0,"p9999":0,"stddev":0,"variance":0}}
{"ts":1594320856200932095,"type":"gauge","name":"runtime.NumCgoCall","measures":{"value":1}}
{"ts":1594320856200980094,"type":"gauge","name":"runtime.MemStats.Lookups","measures":{"value":0}}
{"ts":1594320856201008398,"type":"gauge","name":"runtime.MemStats.NextGC","measures":{"value":4473924}}
