{"ts":1594320561834692424,"type":"gauge","name":"runtime.MemStats.TotalAlloc","measures":{"value":846552}}
{"ts":1594320561835096260,"type":"gauge","name":"runtime.MemStats.NumGC","measures":{"value":0}}
{"ts":1594320561835157721,"type":"gauge","name":"runtime.MemStats.PauseTotalNs","measures":{"value":0}}
{"ts":1594320561835190024,"type":"gauge","name":"runtime.MemStats.StackSys","measures":{"value":524288}}
{"ts":1594320561835239306,"type":"gauge","name":"runtime.MemStats.HeapIdle","measures":{"value":64159744}}
{"ts":1594320561835271407,"type":"gauge","name":"runtime.MemStats.HeapSys","measures":{"value":66584576}}
{"ts":1594320561835303948,"type":"gauge","name":"runtime.MemStats.EnableGC","measures":{"value":1}}
{"ts":1594320561835330934,"type":"gauge","name":"runtime.MemStats.Frees","measures":{"value":250}}
{"ts":1594320561835376733,"type":"gauge","name":"runtime.MemStats.LastGC","measures":{"value":0}}
{"ts":1594320561835512374,"type":"gauge","name":"runtime.MemStats.MSpanSys","measures":{"value":65536}}
{"ts":1594320561835565846,"type":"gauge","name":"runtime.MemStats.NextGC","measures":{"value":4473924}}
{"ts":1594320561835598517,"type":"gauge","name":"runtime.MemStats.GCCPUFraction","measures":{"value":0}}
{"ts":1594320561835661097,"type":"gauge","name":"runtime.MemStats.Alloc","measures":{"value":846552}}
{"ts":1594320561835689999,"type":"gauge","name":"runtime.MemStats.BuckHashSys","measures":{"value":1444310}}
{"ts":1594320561835724143,"type":"gauge","name":"runtime.NumGoroutine","measures":{"value":14}}
{"ts":1594320561835751016,"type":"timer","name":"runtime.ReadMemStats","measures":{"count":1,"m1":0,"m15":0,"m5":0,"max":186358,"mean":186358,"meanrate":0.19997853258449702,"min":186358,"p50":186358,"p75":186358,"p95":186358,"p99":186358,"p999":186358,"p9999":186358,"stddev":0,"variance":0}}
{"ts":1594320561836397626,"type":"gauge","name":"runtime.MemStats.Sys","measures":{"value":73875712}}
{"ts":1594320561836501578,"type":"gauge","name":"runtime.NumCgoCall","measures":{"value":1}}
{"ts":1594320561836547325,"type":"gauge","name":"runtime.NumThread","measures":{"value":9}}
{"ts":1594320561836575963,"type":"gauge","name":"runtime.MemStats.MCacheInuse","measures":{"value":10416}}
{"ts":1594320561836608313,"type":"gauge","name":"runtime.MemStats.MSpanInuse","measures":{"value":54400}}
{"ts":1594320561836647269,"type":"histogram","name":"runtime.MemStats.PauseNs","measures":{"count":0,"max":0,"mean":0,"min":0,"p50":0,"p75":0,"p95":0,"p99":0,"p999":0,"p9999":0,"stddev":0,"variance":0}}
{"ts":1594320561837022686,"type":"gauge","name":"runtime.MemStats.StackInuse","measures":{"value":524288}}
{"ts":1594320561837111534,"type":"gauge","name":"runtime.MemStats.DebugGC","measures":{"value":0}}
{"ts":1594320561837172169,"type":"gauge","name":"runtime.MemStats.Mallocs","measures":{"value":4231}}
{"ts":1594320561837212284,"type":"gauge","name":"runtime.MemStats.HeapInuse","measures":{"value":2424832}}
{"ts":1594320561837252220,"type":"gauge","name":"runtime.MemStats.Lookups","measures":{"value":0}}
{"ts":1594320561837287326,"type":"gauge","name":"runtime.MemStats.HeapReleased","measures":{"value":64028672}}
{"ts":1594320561837315284,"type":"gauge","name":"runtime.MemStats.MCacheSys","measures":{"value":16384}}
{"ts":1594320561837355101,"type":"gauge","name":"runtime.MemStats.HeapAlloc","measures":{"value":846552}}
{"ts":1594320561837423814,"type":"gauge","name":"runtime.MemStats.HeapObjects","measures":{"value":3981}}
