{"ts":1594320556834295839,"msg":"","group_id":"single","run_id":"0f50e264c748","event":{"type":"message","message":"registering default http handler at: http://[::]:6060/ (pprof: http://[::]:6060/debug/pprof/)"}}
{"ts":1594320556834331441,"msg":"","group_id":"single","run_id":"0f50e264c748","event":{"type":"start","runenv":{"plan":"network","case":"ping-pong","run":"0f50e264c748","params":{},"instances":2,"outputs_path":"/outputs","network":"16.1.0.0/16","group":"single","group_instances":2}}}
{"ts":1594320556834418715,"msg":"","group_id":"single","run_id":"0f50e264c748","event":{"type":"message","message":"before sync.MustBoundClient"}}
{"ts":1594320556835185158,"msg":"","group_id":"single","run_id":"0f50e264c748","event":{"type":"message","message":"before netclient.MustWaitNetworkInitialized"}}
{"ts":1594320557835186579,"msg":"","group_id":"single","run_id":"0f50e264c748","event":{"type":"message","message":"failed to send batch to InfluxDB; attempt 0; err: {\"error\":\"database not found: \\\"testground\\\"\"}\n"}}
{"ts":1594320557835408298,"msg":"","group_id":"single","run_id":"0f50e264c748","event":{"type":"message","message":"network initialisation successful"}}
{"ts":1594320557835517485,"msg":"","group_id":"single","run_id":"0f50e264c748","event":{"type":"message","message":"before netclient.MustConfigureNetwork"}}
{"ts":1594320558423528957,"msg":"","group_id":"single","run_id":"0f50e264c748","event":{"type":"message","message":"failed to send batch to InfluxDB; attempt 1; err: {\"error\":\"database not found: \\\"testground\\\"\"}\n"}}
{"ts":1594320559474064199,"msg":"","group_id":"single","run_id":"0f50e264c748","event":{"type":"message","message":"failed to send batch to InfluxDB; attempt 2; err: {\"error\":\"database not found: \\\"testground\\\"\"}\n"}}
{"ts":1594320559837848423,"msg":"","group_id":"single","run_id":"0f50e264c748","event":{"type":"message","message":"I am 1"}}
{"ts":1594320559838002930,"msg":"","group_id":"single","run_id":"0f50e264c748","event":{"type":"message","message":"before reconfiguring network"}}
{"ts":1594320561349802064,"msg":"","group_id":"single","run_id":"0f50e264c748","event":{"type":"message","message":"waiting until ready"}}
{"ts":1594320561349921518,"msg":"","group_id":"single","run_id":"0f50e264c748","event":{"type":"message","message":"writing my id"}}
{"ts":1594320561349956834,"msg":"","group_id":"single","run_id":"0f50e264c748","event":{"type":"message","message":"reading their id"}}
{"ts":1594320561508346097,"msg":"","group_id":"single","run_id":"0f50e264c748","event":{"type":"message","message":"failed to send batch to InfluxDB; attempt 3; err: {\"error\":\"database not found: \\\"testground\\\"\"}\n"}}
{"ts":1594320561550316370,"msg":"","group_id":"single","run_id":"0f50e264c748","event":{"type":"message","message":"returning their id"}}
{"ts":1594320561550415567,"msg":"","group_id":"single","run_id":"0f50e264c748","event":{"type":"message","message":"reading my id"}}
{"ts":1594320561550439981,"msg":"","group_id":"single","run_id":"0f50e264c748","event":{"type":"message","message":"done"}}
{"ts":1594320561550475610,"msg":"","group_id":"single","run_id":"0f50e264c748","event":{"type":"message","message":"ping RTT was 200.535287ms [200ms, 215ms]"}}
{"ts":1594320563552747322,"msg":"","group_id":"single","run_id":"0f50e264c748","event":{"type":"message","message":"ping pong"}}
{"ts":1594320563552820579,"msg":"","group_id":"single","run_id":"0f50e264c748","event":{"type":"message","message":"waiting until ready"}}
{"ts":1594320563552885046,"msg":"","group_id":"single","run_id":"0f50e264c748","event":{"type":"message","message":"writing my id"}}
{"ts":1594320563552949505,"msg":"","group_id":"single","run_id":"0f50e264c748","event":{"type":"message","message":"reading their id"}}
{"ts":1594320563573273266,"msg":"","group_id":"single","run_id":"0f50e264c748","event":{"type":"message","message":"returning their id"}}
{"ts":1594320563573369895,"msg":"","group_id":"single","run_id":"0f50e264c748","event":{"type":"message","message":"reading my id"}}
{"ts":1594320563573394736,"msg":"","group_id":"single","run_id":"0f50e264c748","event":{"type":"message","message":"done"}}
{"ts":1594320563573506611,"msg":"","group_id":"single","run_id":"0f50e264c748","event":{"type":"message","message":"ping RTT was 20.606183ms [20ms, 35ms]"}}
{"ts":1594320564574893020,"msg":"","group_id":"single","run_id":"0f50e264c748","event":{"type":"finish","outcome":"ok"}}
{"ts":1594320564588280738,"msg":"","group_id":"single","run_id":"0f50e264c748","event":{"type":"message","message":"io closed"}}
{"ts":1594320565541163480,"msg":"","group_id":"single","run_id":"0f50e264c748","event":{"type":"message","message":"failed to send batch to InfluxDB; attempt 4; err: {\"error\":\"database not found: \\\"testground\\\"\"}\n"}}
{"ts":1594320565541274785,"msg":"","group_id":"single","run_id":"0f50e264c748","event":{"type":"message","message":"influxdb: failed to upload 1 points; err: All attempts fail:\n#1: {\"error\":\"database not found: \\\"testground\\\"\"}\n\n#2: {\"error\":\"database not found: \\\"testground\\\"\"}\n\n#3: {\"error\":\"database not found: \\\"testground\\\"\"}\n\n#4: {\"error\":\"database not found: \\\"testground\\\"\"}\n\n#5: {\"error\":\"database not found: \\\"testground\\\"\"}\n"}}
{"ts":1594320565542832450,"msg":"","group_id":"single","run_id":"0f50e264c748","event":{"type":"message","message":"failed to send batch to InfluxDB; attempt 0; err: {\"error\":\"database not found: \\\"testground\\\"\"}\n"}}
{"ts":1594320566123891266,"msg":"","group_id":"single","run_id":"0f50e264c748","event":{"type":"message","message":"failed to send batch to InfluxDB; attempt 1; err: {\"error\":\"database not found: \\\"testground\\\"\"}\n"}}
{"ts":1594320567185761023,"msg":"","group_id":"single","run_id":"0f50e264c748","event":{"type":"message","message":"failed to send batch to InfluxDB; attempt 2; err: {\"error\":\"database not found: \\\"testground\\\"\"}\n"}}
{"ts":1594320569250056333,"msg":"","group_id":"single","run_id":"0f50e264c748","event":{"type":"message","message":"failed to send batch to InfluxDB; attempt 3; err: {\"error\":\"database not found: \\\"testground\\\"\"}\n"}}
{"ts":1594320573336232325,"msg":"","group_id":"single","run_id":"0f50e264c748","event":{"type":"message","message":"failed to send batch to InfluxDB; attempt 4; err: {\"error\":\"database not found: \\\"testground\\\"\"}\n"}}
{"ts":1594320573336336450,"msg":"","group_id":"single","run_id":"0f50e264c748","event":{"type":"message","message":"influxdb: failed to upload 59 points; err: All attempts fail:\n#1: {\"error\":\"database not found: \\\"testground\\\"\"}\n\n#2: {\"error\":\"database not found: \\\"testground\\\"\"}\n\n#3: {\"error\":\"database not found: \\\"testground\\\"\"}\n\n#4: {\"error\":\"database not found: \\\"testground\\\"\"}\n\n#5: {\"error\":\"database not found: \\\"testground\\\"\"}\n"}}
