{"ts":1594320561844761403,"type":"gauge","name":"runtime.MemStats.StackInuse","measures":{"value":589824}}
{"ts":1594320561845099363,"type":"gauge","name":"runtime.MemStats.Sys","measures":{"value":71911432}}
{"ts":1594320561845159543,"type":"gauge","name":"runtime.MemStats.Frees","measures":{"value":258}}
{"ts":1594320561845191813,"type":"gauge","name":"runtime.MemStats.HeapReleased","measures":{"value":64159744}}
{"ts":1594320561845250209,"type":"gauge","name":"runtime.MemStats.LastGC","measures":{"value":0}}
{"ts":1594320561845407823,"type":"gauge","name":"runtime.MemStats.NumGC","measures":{"value":0}}
{"ts":1594320561845463648,"type":"gauge","name":"runtime.NumGoroutine","measures":{"value":14}}
{"ts":1594320561845502778,"type":"gauge","name":"runtime.MemStats.HeapAlloc","measures":{"value":852096}}
{"ts":1594320561845540050,"type":"gauge","name":"runtime.MemStats.HeapInuse","measures":{"value":2260992}}
{"ts":1594320561845577973,"type":"gauge","name":"runtime.MemStats.Lookups","measures":{"value":0}}
{"ts":1594320561845623024,"type":"gauge","name":"runtime.MemStats.MCacheSys","measures":{"value":16384}}
{"ts":1594320561845764487,"type":"gauge","name":"runtime.MemStats.NextGC","measures":{"value":4473924}}
{"ts":1594320561845829695,"type":"gauge","name":"runtime.MemStats.HeapIdle","measures":{"value":64258048}}
{"ts":1594320561845920026,"type":"gauge","name":"runtime.MemStats.MCacheInuse","measures":{"value":10416}}
{"ts":1594320561845967294,"type":"gauge","name":"runtime.MemStats.GCCPUFraction","measures":{"value":0}}
{"ts":1594320561846009804,"type":"gauge","name":"runtime.NumCgoCall","measures":{"value":1}}
{"ts":1594320561846048306,"type":"gauge","name":"runtime.MemStats.HeapObjects","measures":{"value":4050}}
{"ts":1594320561846084547,"type":"gauge","name":"runtime.MemStats.HeapSys","measures":{"value":66519040}}
{"ts":1594320561846124502,"type":"gauge","name":"runtime.MemStats.TotalAlloc","measures":{"value":852096}}
{"ts":1594320561846220919,"type":"gauge","name":"runtime.MemStats.Alloc","measures":{"value":852096}}
{"ts":1594320561846270029,"type":"gauge","name":"runtime.MemStats.Mallocs","measures":{"value":4308}}
{"ts":1594320561846308884,"type":"gauge","name":"runtime.MemStats.PauseTotalNs","measures":{"value":0}}
{"ts":1594320561846344702,"type":"gauge","name":"runtime.MemStats.BuckHashSys","measures":{"value":3902}}
{"ts":1594320561846372532,"type":"gauge","name":"runtime.MemStats.DebugGC","measures":{"value":0}}
{"ts":1594320561846400104,"type":"gauge","name":"runtime.MemStats.EnableGC","measures":{"value":1}}
{"ts":1594320561846440945,"type":"histogram","name":"runtime.MemStats.PauseNs","measures":{"count":0,"max":0,"mean":0,"min":0,"p50":0,"p75":0,"p95":0,"p99":0,"p999":0,"p9999":0,"stddev":0,"variance":0}}
{"ts":1594320561846923670,"type":"gauge","name":"runtime.MemStats.StackSys","measures":{"value":589824}}
{"ts":1594320561846972990,"type":"gauge","name":"runtime.NumThread","measures":{"value":9}}
{"ts":1594320561847008529,"type":"timer","name":"runtime.ReadMemStats","measures":{"count":1,"m1":0,"m15":0,"m5":0,"max":196785,"mean":196785,"meanrate":0.19998170255413578,"min":196785,"p50":196785,"p75":196785,"p95":196785,"p99":196785,"p999":196785,"p9999":196785,"stddev":0,"variance":0}}
{"ts":1594320561847758453,"type":"gauge","name":"runtime.MemStats.MSpanInuse","measures":{"value":45696}}
{"ts":1594320561847819124,"type":"gauge","name":"runtime.MemStats.MSpanSys","measures":{"value":49152}}
