{"ts":1594319852729540140,"type":"gauge","name":"runtime.MemStats.MSpanSys","measures":{"value":65536}}
{"ts":1594319852729875329,"type":"gauge","name":"runtime.MemStats.Sys","measures":{"value":73351424}}
{"ts":1594319852729937273,"type":"timer","name":"runtime.ReadMemStats","measures":{"count":1,"m1":0,"m15":0,"m5":0,"max":181611,"mean":181611,"meanrate":0.19998285255030124,"min":181611,"p50":181611,"p75":181611,"p95":181611,"p99":181611,"p999":181611,"p9999":181611,"stddev":0,"variance":0}}
{"ts":1594319852730462216,"type":"gauge","name":"runtime.MemStats.EnableGC","measures":{"value":1}}
{"ts":1594319852730513455,"type":"gauge","name":"runtime.MemStats.Mallocs","measures":{"value":4228}}
{"ts":1594319852730552763,"type":"gauge","name":"runtime.MemStats.HeapSys","measures":{"value":66617344}}
{"ts":1594319852730591388,"type":"gauge","name":"runtime.MemStats.MCacheInuse","measures":{"value":10416}}
{"ts":1594319852730734995,"type":"gauge","name":"runtime.MemStats.PauseTotalNs","measures":{"value":0}}
{"ts":1594319852730788423,"type":"gauge","name":"runtime.NumGoroutine","measures":{"value":14}}
{"ts":1594319852730830191,"type":"gauge","name":"runtime.MemStats.DebugGC","measures":{"value":0}}
{"ts":1594319852730869120,"type":"gauge","name":"runtime.MemStats.HeapObjects","measures":{"value":3976}}
{"ts":1594319852730910021,"type":"gauge","name":"runtime.MemStats.HeapInuse","measures":{"value":2244608}}
{"ts":1594319852730948089,"type":"histogram","name":"runtime.MemStats.PauseNs","measures":{"count":0,"max":0,"mean":0,"min":0,"p50":0,"p75":0,"p95":0,"p99":0,"p999":0,"p9999":0,"stddev":0,"variance":0}}
{"ts":1594319852731289929,"type":"gauge","name":"runtime.MemStats.StackSys","measures":{"value":491520}}
{"ts":1594319852731326980,"type":"gauge","name":"runtime.MemStats.TotalAlloc","measures":{"value":844648}}
{"ts":1594319852731357806,"type":"gauge","name":"runtime.MemStats.Frees","measures":{"value":252}}
{"ts":1594319852731395246,"type":"gauge","name":"runtime.MemStats.HeapIdle","measures":{"value":64372736}}
{"ts":1594319852731426062,"type":"gauge","name":"runtime.MemStats.Lookups","measures":{"value":0}}
{"ts":1594319852731460855,"type":"gauge","name":"runtime.MemStats.HeapAlloc","measures":{"value":844648}}
{"ts":1594319852731489740,"type":"gauge","name":"runtime.MemStats.LastGC","measures":{"value":0}}
{"ts":1594319852731523194,"type":"gauge","name":"runtime.NumThread","measures":{"value":8}}
{"ts":1594319852731552379,"type":"gauge","name":"runtime.MemStats.Alloc","measures":{"value":844648}}
{"ts":1594319852731580480,"type":"gauge","name":"runtime.MemStats.BuckHashSys","measures":{"value":1444102}}
{"ts":1594319852731630246,"type":"gauge","name":"runtime.NumCgoCall","measures":{"value":1}}
{"ts":1594319852731660605,"type":"gauge","name":"runtime.MemStats.NextGC","measures":{"value":4473924}}
{"ts":1594319852731692507,"type":"gauge","name":"runtime.MemStats.GCCPUFraction","measures":{"value":0}}
{"ts":1594319852731721121,"type":"gauge","name":"runtime.MemStats.NumGC","measures":{"value":0}}
{"ts":1594319852731760031,"type":"gauge","name":"runtime.MemStats.StackInuse","measures":{"value":491520}}
{"ts":1594319852731921753,"type":"gauge","name":"runtime.MemStats.HeapReleased","measures":{"value":64274432}}
{"ts":1594319852731976861,"type":"gauge","name":"runtime.MemStats.MCacheSys","measures":{"value":16384}}
{"ts":1594319852732015320,"type":"gauge","name":"runtime.MemStats.MSpanInuse","measures":{"value":54400}}
