{"ts":1594319958086913206,"type":"gauge","name":"runtime.MemStats.Alloc","measures":{"value":847976}}
{"ts":1594319958087274433,"type":"timer","name":"runtime.ReadMemStats","measures":{"count":1,"m1":0,"m15":0,"m5":0,"max":198354,"mean":198354,"meanrate":0.19998622026947027,"min":198354,"p50":198354,"p75":198354,"p95":198354,"p99":198354,"p999":198354,"p9999":198354,"stddev":0,"variance":0}}
{"ts":1594319958087934036,"type":"gauge","name":"runtime.MemStats.LastGC","measures":{"value":0}}
{"ts":1594319958088023604,"type":"gauge","name":"runtime.MemStats.StackInuse","measures":{"value":491520}}
{"ts":1594319958088070112,"type":"gauge","name":"runtime.MemStats.BuckHashSys","measures":{"value":1444206}}
{"ts":1594319958088100744,"type":"gauge","name":"runtime.MemStats.HeapInuse","measures":{"value":2326528}}
{"ts":1594319958088136569,"type":"gauge","name":"runtime.MemStats.NumGC","measures":{"value":0}}
{"ts":1594319958088172525,"type":"gauge","name":"runtime.MemStats.GCCPUFraction","measures":{"value":0}}
{"ts":1594319958088204544,"type":"gauge","name":"runtime.MemStats.Frees","measures":{"value":255}}
{"ts":1594319958088240286,"type":"gauge","name":"runtime.MemStats.NextGC","measures":{"value":4473924}}
{"ts":1594319958088275226,"type":"gauge","name":"runtime.MemStats.StackSys","measures":{"value":491520}}
{"ts":1594319958088303081,"type":"gauge","name":"runtime.NumCgoCall","measures":{"value":1}}
{"ts":1594319958088329852,"type":"gauge","name":"runtime.NumGoroutine","measures":{"value":14}}
{"ts":1594319958088361259,"type":"gauge","name":"runtime.MemStats.HeapReleased","measures":{"value":64159744}}
{"ts":1594319958088388551,"type":"gauge","name":"runtime.MemStats.Mallocs","measures":{"value":4303}}
{"ts":1594319958088416025,"type":"gauge","name":"runtime.MemStats.MSpanInuse","measures":{"value":45696}}
{"ts":1594319958088442783,"type":"gauge","name":"runtime.MemStats.MSpanSys","measures":{"value":49152}}
{"ts":1594319958088476919,"type":"gauge","name":"runtime.MemStats.Sys","measures":{"value":73351424}}
{"ts":1594319958088503919,"type":"gauge","name":"runtime.MemStats.TotalAlloc","measures":{"value":847976}}
{"ts":1594319958088538586,"type":"gauge","name":"runtime.MemStats.DebugGC","measures":{"value":0}}
{"ts":1594319958088575814,"type":"gauge","name":"runtime.MemStats.MCacheInuse","measures":{"value":10416}}
{"ts":1594319958088602714,"type":"gauge","name":"runtime.MemStats.Lookups","measures":{"value":0}}
{"ts":1594319958088634507,"type":"gauge","name":"runtime.MemStats.MCacheSys","measures":{"value":16384}}
{"ts":1594319958088663695,"type":"histogram","name":"runtime.MemStats.PauseNs","measures":{"count":0,"max":0,"mean":0,"min":0,"p50":0,"p75":0,"p95":0,"p99":0,"p999":0,"p9999":0,"stddev":0,"variance":0}}
{"ts":1594319958089062586,"type":"gauge","name":"runtime.MemStats.PauseTotalNs","measures":{"value":0}}
{"ts":1594319958089150106,"type":"gauge","name":"runtime.MemStats.EnableGC","measures":{"value":1}}
{"ts":1594319958089194648,"type":"gauge","name":"runtime.MemStats.HeapSys","measures":{"value":66617344}}
{"ts":1594319958089224704,"type":"gauge","name":"runtime.MemStats.HeapIdle","measures":{"value":64290816}}
{"ts":1594319958089252609,"type":"gauge","name":"runtime.MemStats.HeapObjects","measures":{"value":4048}}
{"ts":1594319958089280621,"type":"gauge","name":"runtime.MemStats.HeapAlloc","measures":{"value":847976}}
{"ts":1594319958089313226,"type":"gauge","name":"runtime.NumThread","measures":{"value":9}}
