{"ts":1594319953086745505,"msg":"","group_id":"single","run_id":"137b7c536fee","event":{"type":"message","message":"registering default http handler at: http://[::]:6060/ (pprof: http://[::]:6060/debug/pprof/)"}}
{"ts":1594319953086783079,"msg":"","group_id":"single","run_id":"137b7c536fee","event":{"type":"start","runenv":{"plan":"network","case":"ping-pong","run":"137b7c536fee","params":{},"instances":2,"outputs_path":"/outputs","network":"16.1.0.0/16","group":"single","group_instances":2}}}
{"ts":1594319953086859059,"msg":"","group_id":"single","run_id":"137b7c536fee","event":{"type":"message","message":"before sync.MustBoundClient"}}
{"ts":1594319953087487171,"msg":"","group_id":"single","run_id":"137b7c536fee","event":{"type":"message","message":"before netclient.MustWaitNetworkInitialized"}}
{"ts":1594319954088186068,"msg":"","group_id":"single","run_id":"137b7c536fee","event":{"type":"message","message":"network initialisation successful"}}
{"ts":1594319954088611583,"msg":"","group_id":"single","run_id":"137b7c536fee","event":{"type":"message","message":"before netclient.MustConfigureNetwork"}}
{"ts":1594319954091370415,"msg":"","group_id":"single","run_id":"137b7c536fee","event":{"type":"message","message":"failed to send batch to InfluxDB; attempt 0; err: {\"error\":\"database not found: \\\"testground\\\"\"}\n"}}
{"ts":1594319954679524218,"msg":"","group_id":"single","run_id":"137b7c536fee","event":{"type":"message","message":"failed to send batch to InfluxDB; attempt 1; err: {\"error\":\"database not found: \\\"testground\\\"\"}\n"}}
{"ts":1594319955091506940,"msg":"","group_id":"single","run_id":"137b7c536fee","event":{"type":"message","message":"I am 2"}}
{"ts":1594319955091593545,"msg":"","group_id":"single","run_id":"137b7c536fee","event":{"type":"message","message":"before reconfiguring network"}}
{"ts":1594319955729784300,"msg":"","group_id":"single","run_id":"137b7c536fee","event":{"type":"message","message":"failed to send batch to InfluxDB; attempt 2; err: {\"error\":\"database not found: \\\"testground\\\"\"}\n"}}
{"ts":1594319957493571185,"msg":"","group_id":"single","run_id":"137b7c536fee","event":{"type":"message","message":"waiting until ready"}}
{"ts":1594319957693991710,"msg":"","group_id":"single","run_id":"137b7c536fee","event":{"type":"message","message":"writing my id"}}
{"ts":1594319957694084311,"msg":"","group_id":"single","run_id":"137b7c536fee","event":{"type":"message","message":"reading their id"}}
{"ts":1594319957694109008,"msg":"","group_id":"single","run_id":"137b7c536fee","event":{"type":"message","message":"returning their id"}}
{"ts":1594319957694139946,"msg":"","group_id":"single","run_id":"137b7c536fee","event":{"type":"message","message":"reading my id"}}
{"ts":1594319957764029809,"msg":"","group_id":"single","run_id":"137b7c536fee","event":{"type":"message","message":"failed to send batch to InfluxDB; attempt 3; err: {\"error\":\"database not found: \\\"testground\\\"\"}\n"}}
{"ts":1594319957894474368,"msg":"","group_id":"single","run_id":"137b7c536fee","event":{"type":"message","message":"done"}}
{"ts":1594319957894562029,"msg":"","group_id":"single","run_id":"137b7c536fee","event":{"type":"message","message":"ping RTT was 200.556463ms [200ms, 215ms]"}}
{"ts":1594319958896765683,"msg":"","group_id":"single","run_id":"137b7c536fee","event":{"type":"message","message":"ping pong"}}
{"ts":1594319958896859631,"msg":"","group_id":"single","run_id":"137b7c536fee","event":{"type":"message","message":"waiting until ready"}}
{"ts":1594319959806719073,"msg":"","group_id":"single","run_id":"137b7c536fee","event":{"type":"message","message":"writing my id"}}
{"ts":1594319959806749894,"msg":"","group_id":"single","run_id":"137b7c536fee","event":{"type":"message","message":"reading their id"}}
{"ts":1594319959806757629,"msg":"","group_id":"single","run_id":"137b7c536fee","event":{"type":"message","message":"returning their id"}}
{"ts":1594319959806770311,"msg":"","group_id":"single","run_id":"137b7c536fee","event":{"type":"message","message":"reading my id"}}
{"ts":1594319959826875204,"msg":"","group_id":"single","run_id":"137b7c536fee","event":{"type":"message","message":"done"}}
{"ts":1594319959826905371,"msg":"","group_id":"single","run_id":"137b7c536fee","event":{"type":"message","message":"ping RTT was 20.184741ms [20ms, 35ms]"}}
{"ts":1594319959827175178,"msg":"","group_id":"single","run_id":"137b7c536fee","event":{"type":"finish","outcome":"ok"}}
{"ts":1594319959840359972,"msg":"","group_id":"single","run_id":"137b7c536fee","event":{"type":"message","message":"io closed"}}
{"ts":1594319961796372737,"msg":"","group_id":"single","run_id":"137b7c536fee","event":{"type":"message","message":"failed to send batch to InfluxDB; attempt 4; err: {\"error\":\"database not found: \\\"testground\\\"\"}\n"}}
{"ts":1594319961796415970,"msg":"","group_id":"single","run_id":"137b7c536fee","event":{"type":"message","message":"influxdb: failed to upload 1 points; err: All attempts fail:\n#1: {\"error\":\"database not found: \\\"testground\\\"\"}\n\n#2: {\"error\":\"database not found: \\\"testground\\\"\"}\n\n#3: {\"error\":\"database not found: \\\"testground\\\"\"}\n\n#4: {\"error\":\"database not found: \\\"testground\\\"\"}\n\n#5: {\"error\":\"database not found: \\\"testground\\\"\"}\n"}}
{"ts":1594319961797041481,"msg":"","group_id":"single","run_id":"137b7c536fee","event":{"type":"message","message":"failed to send batch to InfluxDB; attempt 0; err: {\"error\":\"database not found: \\\"testground\\\"\"}\n"}}
{"ts":1594319962378977577,"msg":"","group_id":"single","run_id":"137b7c536fee","event":{"type":"message","message":"failed to send batch to InfluxDB; attempt 1; err: {\"error\":\"database not found: \\\"testground\\\"\"}\n"}}
{"ts":1594319963440728502,"msg":"","group_id":"single","run_id":"137b7c536fee","event":{"type":"message","message":"failed to send batch to InfluxDB; attempt 2; err: {\"error\":\"database not found: \\\"testground\\\"\"}\n"}}
{"ts":1594319965505734748,"msg":"","group_id":"single","run_id":"137b7c536fee","event":{"type":"message","message":"failed to send batch to InfluxDB; attempt 3; err: {\"error\":\"database not found: \\\"testground\\\"\"}\n"}}
{"ts":1594319969591601607,"msg":"","group_id":"single","run_id":"137b7c536fee","event":{"type":"message","message":"failed to send batch to InfluxDB; attempt 4; err: {\"error\":\"database not found: \\\"testground\\\"\"}\n"}}
{"ts":1594319969591703268,"msg":"","group_id":"single","run_id":"137b7c536fee","event":{"type":"message","message":"influxdb: failed to upload 59 points; err: All attempts fail:\n#1: {\"error\":\"database not found: \\\"testground\\\"\"}\n\n#2: {\"error\":\"database not found: \\\"testground\\\"\"}\n\n#3: {\"error\":\"database not found: \\\"testground\\\"\"}\n\n#4: {\"error\":\"database not found: \\\"testground\\\"\"}\n\n#5: {\"error\":\"database not found: \\\"testground\\\"\"}\n"}}
