{"ts":1593817449530578736,"type":"gauge","name":"runtime.MemStats.Lookups","measures":{"value":0}}
{"ts":1593817449530948493,"type":"gauge","name":"runtime.MemStats.MSpanInuse","measures":{"value":54400}}
{"ts":1593817449531007190,"type":"gauge","name":"runtime.MemStats.StackInuse","measures":{"value":557056}}
{"ts":1593817449531047541,"type":"gauge","name":"runtime.MemStats.Sys","measures":{"value":73613568}}
{"ts":1593817449531082847,"type":"gauge","name":"runtime.NumGoroutine","measures":{"value":13}}
{"ts":1593817449531109978,"type":"gauge","name":"runtime.MemStats.BuckHashSys","measures":{"value":1444430}}
{"ts":1593817449531156358,"type":"gauge","name":"runtime.MemStats.HeapIdle","measures":{"value":64659456}}
{"ts":1593817449531326018,"type":"gauge","name":"runtime.MemStats.HeapReleased","measures":{"value":64593920}}
{"ts":1593817449531381478,"type":"gauge","name":"runtime.MemStats.PauseTotalNs","measures":{"value":0}}
{"ts":1593817449531412668,"type":"gauge","name":"runtime.MemStats.Mallocs","measures":{"value":2906}}
{"ts":1593817449531447186,"type":"gauge","name":"runtime.NumCgoCall","measures":{"value":5}}
{"ts":1593817449531474536,"type":"gauge","name":"runtime.MemStats.NextGC","measures":{"value":4473924}}
{"ts":1593817449531507073,"type":"gauge","name":"runtime.MemStats.DebugGC","measures":{"value":0}}
{"ts":1593817449531533163,"type":"gauge","name":"runtime.MemStats.HeapObjects","measures":{"value":2776}}
{"ts":1593817449531563969,"type":"gauge","name":"runtime.MemStats.HeapSys","measures":{"value":66551808}}
{"ts":1593817449531590551,"type":"gauge","name":"runtime.MemStats.MSpanSys","measures":{"value":65536}}
{"ts":1593817449531621722,"type":"gauge","name":"runtime.NumThread","measures":{"value":10}}
{"ts":1593817449531647684,"type":"gauge","name":"runtime.MemStats.Frees","measures":{"value":130}}
{"ts":1593817449531680527,"type":"gauge","name":"runtime.MemStats.MCacheInuse","measures":{"value":10416}}
{"ts":1593817449531707438,"type":"gauge","name":"runtime.MemStats.NumGC","measures":{"value":0}}
{"ts":1593817449531733036,"type":"gauge","name":"runtime.MemStats.StackSys","measures":{"value":557056}}
{"ts":1593817449531759093,"type":"gauge","name":"runtime.MemStats.HeapAlloc","measures":{"value":657040}}
{"ts":1593817449531801478,"type":"gauge","name":"runtime.MemStats.HeapInuse","measures":{"value":1892352}}
{"ts":1593817449531838557,"type":"gauge","name":"runtime.MemStats.LastGC","measures":{"value":0}}
{"ts":1593817449531872774,"type":"gauge","name":"runtime.MemStats.GCCPUFraction","measures":{"value":0}}
{"ts":1593817449531906770,"type":"gauge","name":"runtime.MemStats.MCacheSys","measures":{"value":16384}}
{"ts":1593817449531933338,"type":"gauge","name":"runtime.MemStats.TotalAlloc","measures":{"value":657040}}
{"ts":1593817449531959402,"type":"gauge","name":"runtime.MemStats.Alloc","measures":{"value":657040}}
{"ts":1593817449531994552,"type":"gauge","name":"runtime.MemStats.EnableGC","measures":{"value":1}}
{"ts":1593817449532027078,"type":"histogram","name":"runtime.MemStats.PauseNs","measures":{"count":0,"max":0,"mean":0,"min":0,"p50":0,"p75":0,"p95":0,"p99":0,"p999":0,"p9999":0,"stddev":0,"variance":0}}
{"ts":1593817449532447584,"type":"timer","name":"runtime.ReadMemStats","measures":{"count":1,"m1":0,"m15":0,"m5":0,"max":258104,"mean":258104,"meanrate":0.19996974709688306,"min":258104,"p50":258104,"p75":258104,"p95":258104,"p99":258104,"p999":258104,"p9999":258104,"stddev":0,"variance":0}}
{"ts":1593817454530394174,"type":"gauge","name":"runtime.MemStats.Mallocs","measures":{"value":2327}}
{"ts":1593817454530565737,"type":"gauge","name":"runtime.NumCgoCall","measures":{"value":0}}
{"ts":1593817454530629154,"type":"gauge","name":"runtime.MemStats.MSpanSys","measures":{"value":65536}}
{"ts":1593817454530744995,"type":"gauge","name":"runtime.MemStats.NextGC","measures":{"value":4473924}}
{"ts":1593817454530796502,"type":"gauge","name":"runtime.MemStats.DebugGC","measures":{"value":0}}
{"ts":1593817454530838390,"type":"gauge","name":"runtime.MemStats.HeapObjects","measures":{"value":4783}}
{"ts":1593817454530894189,"type":"gauge","name":"runtime.MemStats.HeapSys","measures":{"value":66519040}}
{"ts":1593817454530950662,"type":"gauge","name":"runtime.MemStats.StackSys","measures":{"value":589824}}
{"ts":1593817454530989831,"type":"gauge","name":"runtime.NumThread","measures":{"value":10}}
{"ts":1593817454531047507,"type":"gauge","name":"runtime.MemStats.Frees","measures":{"value":320}}
{"ts":1593817454531086731,"type":"gauge","name":"runtime.MemStats.MCacheInuse","measures":{"value":10416}}
{"ts":1593817454531115445,"type":"gauge","name":"runtime.MemStats.NumGC","measures":{"value":0}}
{"ts":1593817454531146021,"type":"gauge","name":"runtime.MemStats.GCCPUFraction","measures":{"value":0}}
{"ts":1593817454531180148,"type":"gauge","name":"runtime.MemStats.HeapAlloc","measures":{"value":809424}}
{"ts":1593817454531212954,"type":"gauge","name":"runtime.MemStats.HeapInuse","measures":{"value":2080768}}
{"ts":1593817454531239089,"type":"gauge","name":"runtime.MemStats.LastGC","measures":{"value":0}}
{"ts":1593817454531269732,"type":"gauge","name":"runtime.MemStats.MCacheSys","measures":{"value":16384}}
{"ts":1593817454531294653,"type":"gauge","name":"runtime.MemStats.TotalAlloc","measures":{"value":809424}}
{"ts":1593817454531324053,"type":"timer","name":"runtime.ReadMemStats","measures":{"count":2,"m1":0.015991117074135343,"m15":0.0011080303990206543,"m5":0.0033057092356765017,"max":258104,"mean":184192,"meanrate":0.19998841609097362,"min":110280,"p50":184192,"p75":258104,"p95":258104,"p99":258104,"p999":258104,"p9999":258104,"stddev":73912,"variance":5462983744}}
{"ts":1593817454531916929,"type":"gauge","name":"runtime.MemStats.Alloc","measures":{"value":809424}}
{"ts":1593817454531994732,"type":"gauge","name":"runtime.MemStats.EnableGC","measures":{"value":1}}
{"ts":1593817454532033985,"type":"histogram","name":"runtime.MemStats.PauseNs","measures":{"count":0,"max":0,"mean":0,"min":0,"p50":0,"p75":0,"p95":0,"p99":0,"p999":0,"p9999":0,"stddev":0,"variance":0}}
{"ts":1593817454532326600,"type":"gauge","name":"runtime.MemStats.Sys","measures":{"value":73613568}}
{"ts":1593817454532377508,"type":"gauge","name":"runtime.MemStats.Lookups","measures":{"value":0}}
{"ts":1593817454532420301,"type":"gauge","name":"runtime.MemStats.MSpanInuse","measures":{"value":54400}}
{"ts":1593817454532562192,"type":"gauge","name":"runtime.MemStats.StackInuse","measures":{"value":589824}}
{"ts":1593817454532606257,"type":"gauge","name":"runtime.MemStats.PauseTotalNs","measures":{"value":0}}
{"ts":1593817454532641614,"type":"gauge","name":"runtime.NumGoroutine","measures":{"value":13}}
{"ts":1593817454532704465,"type":"gauge","name":"runtime.MemStats.BuckHashSys","measures":{"value":1444430}}
{"ts":1593817454532743080,"type":"gauge","name":"runtime.MemStats.HeapIdle","measures":{"value":64438272}}
{"ts":1593817454532770196,"type":"gauge","name":"runtime.MemStats.HeapReleased","measures":{"value":64372736}}
