{"ts":1593817449530519901,"type":"gauge","name":"runtime.MemStats.PauseTotalNs","measures":{"value":0}}
{"ts":1593817449530941285,"type":"gauge","name":"runtime.MemStats.Sys","measures":{"value":71649288}}
{"ts":1593817449531000462,"type":"gauge","name":"runtime.NumGoroutine","measures":{"value":13}}
{"ts":1593817449531035667,"type":"gauge","name":"runtime.NumThread","measures":{"value":8}}
{"ts":1593817449531069794,"type":"gauge","name":"runtime.MemStats.HeapObjects","measures":{"value":2829}}
{"ts":1593817449531106417,"type":"gauge","name":"runtime.MemStats.MSpanInuse","measures":{"value":45696}}
{"ts":1593817449531141926,"type":"histogram","name":"runtime.MemStats.PauseNs","measures":{"count":0,"max":0,"mean":0,"min":0,"p50":0,"p75":0,"p95":0,"p99":0,"p999":0,"p9999":0,"stddev":0,"variance":0}}
{"ts":1593817449531457563,"type":"gauge","name":"runtime.MemStats.Alloc","measures":{"value":656480}}
{"ts":1593817449531507140,"type":"gauge","name":"runtime.MemStats.HeapIdle","measures":{"value":65110016}}
{"ts":1593817449531543642,"type":"gauge","name":"runtime.MemStats.NumGC","measures":{"value":0}}
{"ts":1593817449531576225,"type":"gauge","name":"runtime.MemStats.StackInuse","measures":{"value":393216}}
{"ts":1593817449531610281,"type":"gauge","name":"runtime.MemStats.TotalAlloc","measures":{"value":656480}}
{"ts":1593817449531641573,"type":"gauge","name":"runtime.MemStats.Frees","measures":{"value":131}}
{"ts":1593817449531667198,"type":"gauge","name":"runtime.MemStats.LastGC","measures":{"value":0}}
{"ts":1593817449531692184,"type":"gauge","name":"runtime.MemStats.Lookups","measures":{"value":0}}
{"ts":1593817449531721411,"type":"gauge","name":"runtime.MemStats.MCacheInuse","measures":{"value":10416}}
{"ts":1593817449531746636,"type":"gauge","name":"runtime.NumCgoCall","measures":{"value":9}}
{"ts":1593817449531777119,"type":"gauge","name":"runtime.MemStats.StackSys","measures":{"value":393216}}
{"ts":1593817449531807402,"type":"gauge","name":"runtime.MemStats.Mallocs","measures":{"value":2960}}
{"ts":1593817449531839379,"type":"gauge","name":"runtime.MemStats.MSpanSys","measures":{"value":49152}}
{"ts":1593817449531878333,"type":"gauge","name":"runtime.MemStats.GCCPUFraction","measures":{"value":0}}
{"ts":1593817449531913672,"type":"gauge","name":"runtime.MemStats.NextGC","measures":{"value":4473924}}
{"ts":1593817449531968391,"type":"timer","name":"runtime.ReadMemStats","measures":{"count":1,"m1":0,"m15":0,"m5":0,"max":102003,"mean":102003,"meanrate":0.19997624694137406,"min":102003,"p50":102003,"p75":102003,"p95":102003,"p99":102003,"p999":102003,"p9999":102003,"stddev":0,"variance":0}}
{"ts":1593817449532568470,"type":"gauge","name":"runtime.MemStats.DebugGC","measures":{"value":0}}
{"ts":1593817449532660231,"type":"gauge","name":"runtime.MemStats.HeapInuse","measures":{"value":1605632}}
{"ts":1593817449532699328,"type":"gauge","name":"runtime.MemStats.MCacheSys","measures":{"value":16384}}
{"ts":1593817449532726771,"type":"gauge","name":"runtime.MemStats.BuckHashSys","measures":{"value":3902}}
{"ts":1593817449532768268,"type":"gauge","name":"runtime.MemStats.EnableGC","measures":{"value":1}}
{"ts":1593817449532801883,"type":"gauge","name":"runtime.MemStats.HeapReleased","measures":{"value":65011712}}
{"ts":1593817449532828544,"type":"gauge","name":"runtime.MemStats.HeapAlloc","measures":{"value":656480}}
{"ts":1593817449532853851,"type":"gauge","name":"runtime.MemStats.HeapSys","measures":{"value":66715648}}
{"ts":1593817454530501470,"type":"gauge","name":"runtime.MemStats.MCacheInuse","measures":{"value":10416}}
{"ts":1593817454530676627,"type":"gauge","name":"runtime.NumCgoCall","measures":{"value":0}}
{"ts":1593817454530727147,"type":"gauge","name":"runtime.MemStats.Mallocs","measures":{"value":2331}}
{"ts":1593817454530761078,"type":"gauge","name":"runtime.MemStats.MSpanSys","measures":{"value":49152}}
{"ts":1593817454530794646,"type":"gauge","name":"runtime.MemStats.GCCPUFraction","measures":{"value":0}}
{"ts":1593817454530822919,"type":"gauge","name":"runtime.MemStats.StackSys","measures":{"value":425984}}
{"ts":1593817454530854501,"type":"gauge","name":"runtime.MemStats.DebugGC","measures":{"value":0}}
{"ts":1593817454530904876,"type":"gauge","name":"runtime.MemStats.HeapInuse","measures":{"value":1884160}}
{"ts":1593817454530951567,"type":"gauge","name":"runtime.MemStats.MCacheSys","measures":{"value":16384}}
{"ts":1593817454530981037,"type":"gauge","name":"runtime.MemStats.NextGC","measures":{"value":4473924}}
{"ts":1593817454531006734,"type":"timer","name":"runtime.ReadMemStats","measures":{"count":2,"m1":0.015991117074135343,"m15":0.0011080303990206543,"m5":0.0033057092356765017,"max":138450,"mean":120226.5,"meanrate":0.19998821385460705,"min":102003,"p50":120226.5,"p75":138450,"p95":138450,"p99":138450,"p999":138450,"p9999":138450,"stddev":18223.5,"variance":332095952.25}}
{"ts":1593817454531494021,"type":"gauge","name":"runtime.MemStats.BuckHashSys","measures":{"value":3902}}
{"ts":1593817454531533287,"type":"gauge","name":"runtime.MemStats.EnableGC","measures":{"value":1}}
{"ts":1593817454531559670,"type":"gauge","name":"runtime.MemStats.HeapReleased","measures":{"value":64643072}}
{"ts":1593817454531591154,"type":"gauge","name":"runtime.MemStats.HeapAlloc","measures":{"value":809776}}
{"ts":1593817454531616502,"type":"gauge","name":"runtime.MemStats.HeapSys","measures":{"value":66682880}}
{"ts":1593817454531654945,"type":"gauge","name":"runtime.MemStats.HeapObjects","measures":{"value":4840}}
{"ts":1593817454531686496,"type":"gauge","name":"runtime.MemStats.MSpanInuse","measures":{"value":45696}}
{"ts":1593817454531717829,"type":"histogram","name":"runtime.MemStats.PauseNs","measures":{"count":0,"max":0,"mean":0,"min":0,"p50":0,"p75":0,"p95":0,"p99":0,"p999":0,"p9999":0,"stddev":0,"variance":0}}
{"ts":1593817454531998278,"type":"gauge","name":"runtime.MemStats.PauseTotalNs","measures":{"value":0}}
{"ts":1593817454532028506,"type":"gauge","name":"runtime.MemStats.Sys","measures":{"value":71649288}}
{"ts":1593817454532164446,"type":"gauge","name":"runtime.NumGoroutine","measures":{"value":13}}
{"ts":1593817454532206087,"type":"gauge","name":"runtime.NumThread","measures":{"value":8}}
{"ts":1593817454532236245,"type":"gauge","name":"runtime.MemStats.Alloc","measures":{"value":809776}}
{"ts":1593817454532262186,"type":"gauge","name":"runtime.MemStats.HeapIdle","measures":{"value":64798720}}
{"ts":1593817454532291173,"type":"gauge","name":"runtime.MemStats.NumGC","measures":{"value":0}}
{"ts":1593817454532315426,"type":"gauge","name":"runtime.MemStats.Frees","measures":{"value":320}}
{"ts":1593817454532344522,"type":"gauge","name":"runtime.MemStats.LastGC","measures":{"value":0}}
{"ts":1593817454532369389,"type":"gauge","name":"runtime.MemStats.Lookups","measures":{"value":0}}
{"ts":1593817454532407497,"type":"gauge","name":"runtime.MemStats.StackInuse","measures":{"value":425984}}
{"ts":1593817454532451301,"type":"gauge","name":"runtime.MemStats.TotalAlloc","measures":{"value":809776}}
