{"ts":1594242917257995982,"msg":"","group_id":"single","run_id":"1568e7a0-c160-11ea-be4e-04d4c45522e8","event":{"type":"message","message":"registering default http handler at: http://[::]:6060/ (pprof: http://[::]:6060/debug/pprof/)"}}
{"ts":1594242917258034706,"msg":"","group_id":"single","run_id":"1568e7a0-c160-11ea-be4e-04d4c45522e8","event":{"type":"start","runenv":{"plan":"bitswap-tuning","case":"transfer","params":{"bandwidth_mb":"1024","bstore_delay_ms":"5","file_size":"4194304","jitter_pct":"10","latency_ms":"5","leech_count":"1","parallel_gen_mb":"100","passive_count":"0","request_stagger":"0","run_count":"1","run_timeout_secs":"90","timeout_secs":"300"},"instances":4,"outputs_path":"/outputs","network":"ip+net","group":"single","group_instances":4}}}
{"ts":1594242917331937064,"msg":"","group_id":"single","run_id":"1568e7a0-c160-11ea-be4e-04d4c45522e8","event":{"type":"message","message":"I am Qma2ESXaeP78DKjGpRKtXvZioQWfAwkF3QRErqFGyw8w8N with addrs: [/ip4/127.0.0.1/tcp/46481 /ip4/16.0.0.3/tcp/46481 /ip4/192.18.0.9/tcp/46481]"}}
{"ts":1594242917332329825,"msg":"","group_id":"single","run_id":"1568e7a0-c160-11ea-be4e-04d4c45522e8","event":{"type":"message","message":"I am Seed 1 - seq 3 / 4"}}
{"ts":1594242917389212056,"msg":"","group_id":"single","run_id":"1568e7a0-c160-11ea-be4e-04d4c45522e8","event":{"type":"message","message":"network initialisation successful"}}
{"ts":1594242917389243736,"msg":"","group_id":"single","run_id":"1568e7a0-c160-11ea-be4e-04d4c45522e8","event":{"type":"message","message":"Seed 1 has 5ms latency (10% jitter) and 1024MB bandwidth"}}
{"ts":1594242919396204713,"msg":"","group_id":"single","run_id":"1568e7a0-c160-11ea-be4e-04d4c45522e8","event":{"type":"message","message":"Starting run 1 / 1 (4194304 bytes)"}}
{"ts":1594242920399350008,"msg":"","group_id":"single","run_id":"1568e7a0-c160-11ea-be4e-04d4c45522e8","event":{"type":"message","message":"Generating seed data of 4194304 bytes"}}
{"ts":1594242920677161721,"msg":"","group_id":"single","run_id":"1568e7a0-c160-11ea-be4e-04d4c45522e8","event":{"type":"message","message":"Done generating seed data of 4194304 bytes (277.795542ms)"}}
{"ts":1594242921755796713,"msg":"","group_id":"single","run_id":"1568e7a0-c160-11ea-be4e-04d4c45522e8","event":{"type":"message","message":"Dialed 3 other nodes"}}
{"ts":1594242923756921646,"msg":"","group_id":"single","run_id":"1568e7a0-c160-11ea-be4e-04d4c45522e8","event":{"type":"metric","metric":{"name":"latencyMS:5/bandwidthMB:1024/run:1/seq:3/groupName:single/groupSeq:3/fileSize:4194304/nodeType:Seed/nodeTypeIndex:1/name:msgs_rcvd","unit":"messages","dir":-1,"value":2}}}
{"ts":1594242923757000986,"msg":"","group_id":"single","run_id":"1568e7a0-c160-11ea-be4e-04d4c45522e8","event":{"type":"metric","metric":{"name":"latencyMS:5/bandwidthMB:1024/run:1/seq:3/groupName:single/groupSeq:3/fileSize:4194304/nodeType:Seed/nodeTypeIndex:1/name:data_sent","unit":"bytes","dir":-1,"value":809}}}
{"ts":1594242923757026413,"msg":"","group_id":"single","run_id":"1568e7a0-c160-11ea-be4e-04d4c45522e8","event":{"type":"metric","metric":{"name":"latencyMS:5/bandwidthMB:1024/run:1/seq:3/groupName:single/groupSeq:3/fileSize:4194304/nodeType:Seed/nodeTypeIndex:1/name:data_rcvd","unit":"bytes","dir":-1,"value":0}}}
{"ts":1594242923757047649,"msg":"","group_id":"single","run_id":"1568e7a0-c160-11ea-be4e-04d4c45522e8","event":{"type":"metric","metric":{"name":"latencyMS:5/bandwidthMB:1024/run:1/seq:3/groupName:single/groupSeq:3/fileSize:4194304/nodeType:Seed/nodeTypeIndex:1/name:dup_data_rcvd","unit":"bytes","dir":-1,"value":0}}}
{"ts":1594242923757069205,"msg":"","group_id":"single","run_id":"1568e7a0-c160-11ea-be4e-04d4c45522e8","event":{"type":"metric","metric":{"name":"latencyMS:5/bandwidthMB:1024/run:1/seq:3/groupName:single/groupSeq:3/fileSize:4194304/nodeType:Seed/nodeTypeIndex:1/name:blks_sent","unit":"blocks","dir":-1,"value":1}}}
{"ts":1594242923757090353,"msg":"","group_id":"single","run_id":"1568e7a0-c160-11ea-be4e-04d4c45522e8","event":{"type":"metric","metric":{"name":"latencyMS:5/bandwidthMB:1024/run:1/seq:3/groupName:single/groupSeq:3/fileSize:4194304/nodeType:Seed/nodeTypeIndex:1/name:blks_rcvd","unit":"blocks","dir":-1,"value":0}}}
{"ts":1594242923757156038,"msg":"","group_id":"single","run_id":"1568e7a0-c160-11ea-be4e-04d4c45522e8","event":{"type":"metric","metric":{"name":"latencyMS:5/bandwidthMB:1024/run:1/seq:3/groupName:single/groupSeq:3/fileSize:4194304/nodeType:Seed/nodeTypeIndex:1/name:dup_blks_rcvd","unit":"blocks","dir":-1,"value":0}}}
{"ts":1594242923851840587,"msg":"","group_id":"single","run_id":"1568e7a0-c160-11ea-be4e-04d4c45522e8","event":{"type":"finish","outcome":"ok"}}
{"ts":1594242923851930064,"msg":"","group_id":"single","run_id":"1568e7a0-c160-11ea-be4e-04d4c45522e8","event":{"type":"finish","outcome":"ok"}}
{"ts":1594242923865223333,"msg":"","group_id":"single","run_id":"1568e7a0-c160-11ea-be4e-04d4c45522e8","event":{"type":"message","message":"io closed"}}
