{"ts":1594242917276851542,"msg":"","group_id":"single","run_id":"1568e7a0-c160-11ea-be4e-04d4c45522e8","event":{"type":"message","message":"registering default http handler at: http://[::]:6060/ (pprof: http://[::]:6060/debug/pprof/)"}}
{"ts":1594242917276891445,"msg":"","group_id":"single","run_id":"1568e7a0-c160-11ea-be4e-04d4c45522e8","event":{"type":"start","runenv":{"plan":"bitswap-tuning","case":"transfer","params":{"bandwidth_mb":"1024","bstore_delay_ms":"5","file_size":"4194304","jitter_pct":"10","latency_ms":"5","leech_count":"1","parallel_gen_mb":"100","passive_count":"0","request_stagger":"0","run_count":"1","run_timeout_secs":"90","timeout_secs":"300"},"instances":4,"outputs_path":"/outputs","network":"ip+net","group":"single","group_instances":4}}}
{"ts":1594242917388646561,"msg":"","group_id":"single","run_id":"1568e7a0-c160-11ea-be4e-04d4c45522e8","event":{"type":"message","message":"I am QmY28uayB13Wop3jsZJawmCsAJadrsHpjgXmFNpvWubL5i with addrs: [/ip4/127.0.0.1/tcp/35077 /ip4/16.0.0.2/tcp/35077 /ip4/192.18.0.8/tcp/35077]"}}
{"ts":1594242917388958464,"msg":"","group_id":"single","run_id":"1568e7a0-c160-11ea-be4e-04d4c45522e8","event":{"type":"message","message":"I am Seed 2 - seq 4 / 4"}}
{"ts":1594242917390567460,"msg":"","group_id":"single","run_id":"1568e7a0-c160-11ea-be4e-04d4c45522e8","event":{"type":"message","message":"network initialisation successful"}}
{"ts":1594242917390627747,"msg":"","group_id":"single","run_id":"1568e7a0-c160-11ea-be4e-04d4c45522e8","event":{"type":"message","message":"Seed 2 has 5ms latency (10% jitter) and 1024MB bandwidth"}}
{"ts":1594242918391541083,"msg":"","group_id":"single","run_id":"1568e7a0-c160-11ea-be4e-04d4c45522e8","event":{"type":"message","message":"Starting run 1 / 1 (4194304 bytes)"}}
{"ts":1594242921393032595,"msg":"","group_id":"single","run_id":"1568e7a0-c160-11ea-be4e-04d4c45522e8","event":{"type":"message","message":"Generating seed data of 4194304 bytes"}}
{"ts":1594242921654056490,"msg":"","group_id":"single","run_id":"1568e7a0-c160-11ea-be4e-04d4c45522e8","event":{"type":"message","message":"Done generating seed data of 4194304 bytes (261.035591ms)"}}
{"ts":1594242921734549122,"msg":"","group_id":"single","run_id":"1568e7a0-c160-11ea-be4e-04d4c45522e8","event":{"type":"message","message":"Dialed 2 other nodes"}}
{"ts":1594242923736516972,"msg":"","group_id":"single","run_id":"1568e7a0-c160-11ea-be4e-04d4c45522e8","event":{"type":"metric","metric":{"name":"latencyMS:5/bandwidthMB:1024/run:1/seq:4/groupName:single/groupSeq:4/fileSize:4194304/nodeType:Seed/nodeTypeIndex:2/name:msgs_rcvd","unit":"messages","dir":-1,"value":2}}}
{"ts":1594242923736608830,"msg":"","group_id":"single","run_id":"1568e7a0-c160-11ea-be4e-04d4c45522e8","event":{"type":"metric","metric":{"name":"latencyMS:5/bandwidthMB:1024/run:1/seq:4/groupName:single/groupSeq:4/fileSize:4194304/nodeType:Seed/nodeTypeIndex:2/name:data_sent","unit":"bytes","dir":-1,"value":809}}}
{"ts":1594242923736634148,"msg":"","group_id":"single","run_id":"1568e7a0-c160-11ea-be4e-04d4c45522e8","event":{"type":"metric","metric":{"name":"latencyMS:5/bandwidthMB:1024/run:1/seq:4/groupName:single/groupSeq:4/fileSize:4194304/nodeType:Seed/nodeTypeIndex:2/name:data_rcvd","unit":"bytes","dir":-1,"value":0}}}
{"ts":1594242923736655698,"msg":"","group_id":"single","run_id":"1568e7a0-c160-11ea-be4e-04d4c45522e8","event":{"type":"metric","metric":{"name":"latencyMS:5/bandwidthMB:1024/run:1/seq:4/groupName:single/groupSeq:4/fileSize:4194304/nodeType:Seed/nodeTypeIndex:2/name:dup_data_rcvd","unit":"bytes","dir":-1,"value":0}}}
{"ts":1594242923736677411,"msg":"","group_id":"single","run_id":"1568e7a0-c160-11ea-be4e-04d4c45522e8","event":{"type":"metric","metric":{"name":"latencyMS:5/bandwidthMB:1024/run:1/seq:4/groupName:single/groupSeq:4/fileSize:4194304/nodeType:Seed/nodeTypeIndex:2/name:blks_sent","unit":"blocks","dir":-1,"value":1}}}
{"ts":1594242923736698739,"msg":"","group_id":"single","run_id":"1568e7a0-c160-11ea-be4e-04d4c45522e8","event":{"type":"metric","metric":{"name":"latencyMS:5/bandwidthMB:1024/run:1/seq:4/groupName:single/groupSeq:4/fileSize:4194304/nodeType:Seed/nodeTypeIndex:2/name:blks_rcvd","unit":"blocks","dir":-1,"value":0}}}
{"ts":1594242923736772593,"msg":"","group_id":"single","run_id":"1568e7a0-c160-11ea-be4e-04d4c45522e8","event":{"type":"metric","metric":{"name":"latencyMS:5/bandwidthMB:1024/run:1/seq:4/groupName:single/groupSeq:4/fileSize:4194304/nodeType:Seed/nodeTypeIndex:2/name:dup_blks_rcvd","unit":"blocks","dir":-1,"value":0}}}
{"ts":1594242924832646572,"msg":"","group_id":"single","run_id":"1568e7a0-c160-11ea-be4e-04d4c45522e8","event":{"type":"finish","outcome":"ok"}}
{"ts":1594242924832743944,"msg":"","group_id":"single","run_id":"1568e7a0-c160-11ea-be4e-04d4c45522e8","event":{"type":"finish","outcome":"ok"}}
{"ts":1594242924833219603,"msg":"","group_id":"single","run_id":"1568e7a0-c160-11ea-be4e-04d4c45522e8","event":{"type":"message","message":"io closed"}}
