{"ts":1593817449544038117,"type":"gauge","name":"runtime.MemStats.MSpanSys","measures":{"value":49152}}
{"ts":1593817449544381863,"type":"histogram","name":"runtime.MemStats.PauseNs","measures":{"count":0,"max":0,"mean":0,"min":0,"p50":0,"p75":0,"p95":0,"p99":0,"p999":0,"p9999":0,"stddev":0,"variance":0}}
{"ts":1593817449544709708,"type":"gauge","name":"runtime.MemStats.Sys","measures":{"value":71911432}}
{"ts":1593817449544755998,"type":"gauge","name":"runtime.MemStats.HeapInuse","measures":{"value":1818624}}
{"ts":1593817449544790774,"type":"gauge","name":"runtime.MemStats.StackSys","measures":{"value":557056}}
{"ts":1593817449544823487,"type":"gauge","name":"runtime.MemStats.HeapObjects","measures":{"value":2788}}
{"ts":1593817449544854675,"type":"gauge","name":"runtime.MemStats.HeapSys","measures":{"value":66551808}}
{"ts":1593817449544887741,"type":"gauge","name":"runtime.MemStats.Mallocs","measures":{"value":2920}}
{"ts":1593817449544919562,"type":"gauge","name":"runtime.NumThread","measures":{"value":10}}
{"ts":1593817449544950985,"type":"gauge","name":"runtime.MemStats.HeapIdle","measures":{"value":64733184}}
{"ts":1593817449544977352,"type":"gauge","name":"runtime.MemStats.EnableGC","measures":{"value":1}}
{"ts":1593817449545006715,"type":"gauge","name":"runtime.MemStats.Frees","measures":{"value":132}}
{"ts":1593817449545032723,"type":"gauge","name":"runtime.MemStats.HeapReleased","measures":{"value":64667648}}
{"ts":1593817449545061509,"type":"gauge","name":"runtime.MemStats.GCCPUFraction","measures":{"value":0}}
{"ts":1593817449545089240,"type":"gauge","name":"runtime.MemStats.StackInuse","measures":{"value":557056}}
{"ts":1593817449545119259,"type":"gauge","name":"runtime.MemStats.TotalAlloc","measures":{"value":659032}}
{"ts":1593817449545150634,"type":"gauge","name":"runtime.NumGoroutine","measures":{"value":13}}
{"ts":1593817449545181345,"type":"gauge","name":"runtime.MemStats.Alloc","measures":{"value":659032}}
{"ts":1593817449545206504,"type":"gauge","name":"runtime.MemStats.NumGC","measures":{"value":0}}
{"ts":1593817449545234514,"type":"gauge","name":"runtime.MemStats.NextGC","measures":{"value":4473924}}
{"ts":1593817449545259826,"type":"gauge","name":"runtime.MemStats.PauseTotalNs","measures":{"value":0}}
{"ts":1593817449545287174,"type":"timer","name":"runtime.ReadMemStats","measures":{"count":1,"m1":0,"m15":0,"m5":0,"max":146945,"mean":146945,"meanrate":0.19998750670046142,"min":146945,"p50":146945,"p75":146945,"p95":146945,"p99":146945,"p999":146945,"p9999":146945,"stddev":0,"variance":0}}
{"ts":1593817449545762796,"type":"gauge","name":"runtime.MemStats.MCacheInuse","measures":{"value":10416}}
{"ts":1593817449545795596,"type":"gauge","name":"runtime.MemStats.HeapAlloc","measures":{"value":659032}}
{"ts":1593817449545825810,"type":"gauge","name":"runtime.MemStats.LastGC","measures":{"value":0}}
{"ts":1593817449545850692,"type":"gauge","name":"runtime.MemStats.Lookups","measures":{"value":0}}
{"ts":1593817449545878593,"type":"gauge","name":"runtime.MemStats.MSpanInuse","measures":{"value":45696}}
{"ts":1593817449545903299,"type":"gauge","name":"runtime.MemStats.BuckHashSys","measures":{"value":3902}}
{"ts":1593817449545931724,"type":"gauge","name":"runtime.MemStats.MCacheSys","measures":{"value":16384}}
{"ts":1593817449545955297,"type":"gauge","name":"runtime.NumCgoCall","measures":{"value":5}}
{"ts":1593817449545989734,"type":"gauge","name":"runtime.MemStats.DebugGC","measures":{"value":0}}
{"ts":1593817454544175349,"type":"gauge","name":"runtime.NumCgoCall","measures":{"value":0}}
{"ts":1593817454544276311,"type":"gauge","name":"runtime.MemStats.DebugGC","measures":{"value":0}}
{"ts":1593817454544327645,"type":"gauge","name":"runtime.MemStats.MCacheSys","measures":{"value":16384}}
{"ts":1593817454544358552,"type":"histogram","name":"runtime.MemStats.PauseNs","measures":{"count":0,"max":0,"mean":0,"min":0,"p50":0,"p75":0,"p95":0,"p99":0,"p999":0,"p9999":0,"stddev":0,"variance":0}}
{"ts":1593817454544755385,"type":"gauge","name":"runtime.MemStats.Sys","measures":{"value":71911432}}
{"ts":1593817454544798401,"type":"gauge","name":"runtime.MemStats.HeapInuse","measures":{"value":1933312}}
{"ts":1593817454544848164,"type":"gauge","name":"runtime.MemStats.MSpanSys","measures":{"value":49152}}
{"ts":1593817454544881552,"type":"gauge","name":"runtime.MemStats.HeapObjects","measures":{"value":4787}}
{"ts":1593817454544907885,"type":"gauge","name":"runtime.MemStats.StackSys","measures":{"value":589824}}
{"ts":1593817454544937482,"type":"gauge","name":"runtime.MemStats.Mallocs","measures":{"value":2320}}
{"ts":1593817454544962003,"type":"gauge","name":"runtime.NumThread","measures":{"value":10}}
{"ts":1593817454544990877,"type":"gauge","name":"runtime.MemStats.HeapIdle","measures":{"value":64585728}}
{"ts":1593817454545030388,"type":"gauge","name":"runtime.MemStats.HeapSys","measures":{"value":66519040}}
{"ts":1593817454545062719,"type":"gauge","name":"runtime.MemStats.Frees","measures":{"value":321}}
{"ts":1593817454545087384,"type":"gauge","name":"runtime.MemStats.HeapReleased","measures":{"value":64585728}}
{"ts":1593817454545115868,"type":"gauge","name":"runtime.MemStats.GCCPUFraction","measures":{"value":0}}
{"ts":1593817454545147144,"type":"gauge","name":"runtime.MemStats.StackInuse","measures":{"value":589824}}
{"ts":1593817454545178344,"type":"gauge","name":"runtime.MemStats.TotalAlloc","measures":{"value":809744}}
{"ts":1593817454545202767,"type":"gauge","name":"runtime.NumGoroutine","measures":{"value":13}}
{"ts":1593817454545231969,"type":"gauge","name":"runtime.MemStats.Alloc","measures":{"value":809744}}
{"ts":1593817454545256575,"type":"gauge","name":"runtime.MemStats.EnableGC","measures":{"value":1}}
{"ts":1593817454545292314,"type":"gauge","name":"runtime.MemStats.NextGC","measures":{"value":4473924}}
{"ts":1593817454545318785,"type":"gauge","name":"runtime.MemStats.NumGC","measures":{"value":0}}
{"ts":1593817454545346117,"type":"timer","name":"runtime.ReadMemStats","measures":{"count":2,"m1":0.015991117074135343,"m15":0.0011080303990206543,"m5":0.0033057092356765017,"max":208594,"mean":177769.5,"meanrate":0.19999051033029053,"min":146945,"p50":177769.5,"p75":208594,"p95":208594,"p99":208594,"p999":208594,"p9999":208594,"stddev":30824.5,"variance":950149800.25}}
{"ts":1593817454545830108,"type":"gauge","name":"runtime.MemStats.MCacheInuse","measures":{"value":10416}}
{"ts":1593817454545871056,"type":"gauge","name":"runtime.MemStats.PauseTotalNs","measures":{"value":0}}
{"ts":1593817454545902070,"type":"gauge","name":"runtime.MemStats.LastGC","measures":{"value":0}}
{"ts":1593817454545926523,"type":"gauge","name":"runtime.MemStats.Lookups","measures":{"value":0}}
{"ts":1593817454545953231,"type":"gauge","name":"runtime.MemStats.MSpanInuse","measures":{"value":45696}}
{"ts":1593817454545979030,"type":"gauge","name":"runtime.MemStats.BuckHashSys","measures":{"value":3902}}
{"ts":1593817454546006852,"type":"gauge","name":"runtime.MemStats.HeapAlloc","measures":{"value":809744}}
