{"ts":1594242917086913206,"msg":"","group_id":"single","run_id":"1568e7a0-c160-11ea-be4e-04d4c45522e8","event":{"type":"message","message":"registering default http handler at: http://[::]:6060/ (pprof: http://[::]:6060/debug/pprof/)"}}
{"ts":1594242917086952287,"msg":"","group_id":"single","run_id":"1568e7a0-c160-11ea-be4e-04d4c45522e8","event":{"type":"start","runenv":{"plan":"bitswap-tuning","case":"transfer","params":{"bandwidth_mb":"1024","bstore_delay_ms":"5","file_size":"4194304","jitter_pct":"10","latency_ms":"5","leech_count":"1","parallel_gen_mb":"100","passive_count":"0","request_stagger":"0","run_count":"1","run_timeout_secs":"90","timeout_secs":"300"},"instances":4,"outputs_path":"/outputs","network":"ip+net","group":"single","group_instances":4}}}
{"ts":1594242917172035211,"msg":"","group_id":"single","run_id":"1568e7a0-c160-11ea-be4e-04d4c45522e8","event":{"type":"message","message":"I am QmVs2oPuSjgu9cTDPMGcjPaiW7sY1GBXEomaC6a7NFSXgr with addrs: [/ip4/127.0.0.1/tcp/44615 /ip4/192.18.0.7/tcp/44615 /ip4/16.0.0.5/tcp/44615]"}}
{"ts":1594242917172401165,"msg":"","group_id":"single","run_id":"1568e7a0-c160-11ea-be4e-04d4c45522e8","event":{"type":"message","message":"I am Seed 0 - seq 2 / 4"}}
{"ts":1594242917389351748,"msg":"","group_id":"single","run_id":"1568e7a0-c160-11ea-be4e-04d4c45522e8","event":{"type":"message","message":"network initialisation successful"}}
{"ts":1594242917389396202,"msg":"","group_id":"single","run_id":"1568e7a0-c160-11ea-be4e-04d4c45522e8","event":{"type":"message","message":"Seed 0 has 5ms latency (10% jitter) and 1024MB bandwidth"}}
{"ts":1594242919390956481,"msg":"","group_id":"single","run_id":"1568e7a0-c160-11ea-be4e-04d4c45522e8","event":{"type":"message","message":"Starting run 1 / 1 (4194304 bytes)"}}
{"ts":1594242919393982826,"msg":"","group_id":"single","run_id":"1568e7a0-c160-11ea-be4e-04d4c45522e8","event":{"type":"message","message":"Generating seed data of 4194304 bytes"}}
{"ts":1594242919655374080,"msg":"","group_id":"single","run_id":"1568e7a0-c160-11ea-be4e-04d4c45522e8","event":{"type":"message","message":"Done generating seed data of 4194304 bytes (261.372066ms)"}}
{"ts":1594242921736775267,"msg":"","group_id":"single","run_id":"1568e7a0-c160-11ea-be4e-04d4c45522e8","event":{"type":"message","message":"Dialed 1 other nodes"}}
{"ts":1594242923738627823,"msg":"","group_id":"single","run_id":"1568e7a0-c160-11ea-be4e-04d4c45522e8","event":{"type":"metric","metric":{"name":"latencyMS:5/bandwidthMB:1024/run:1/seq:2/groupName:single/groupSeq:2/fileSize:4194304/nodeType:Seed/nodeTypeIndex:0/name:msgs_rcvd","unit":"messages","dir":-1,"value":19}}}
{"ts":1594242923738705742,"msg":"","group_id":"single","run_id":"1568e7a0-c160-11ea-be4e-04d4c45522e8","event":{"type":"metric","metric":{"name":"latencyMS:5/bandwidthMB:1024/run:1/seq:2/groupName:single/groupSeq:2/fileSize:4194304/nodeType:Seed/nodeTypeIndex:0/name:data_sent","unit":"bytes","dir":-1,"value":4195337}}}
{"ts":1594242923738730413,"msg":"","group_id":"single","run_id":"1568e7a0-c160-11ea-be4e-04d4c45522e8","event":{"type":"metric","metric":{"name":"latencyMS:5/bandwidthMB:1024/run:1/seq:2/groupName:single/groupSeq:2/fileSize:4194304/nodeType:Seed/nodeTypeIndex:0/name:data_rcvd","unit":"bytes","dir":-1,"value":0}}}
{"ts":1594242923738752997,"msg":"","group_id":"single","run_id":"1568e7a0-c160-11ea-be4e-04d4c45522e8","event":{"type":"metric","metric":{"name":"latencyMS:5/bandwidthMB:1024/run:1/seq:2/groupName:single/groupSeq:2/fileSize:4194304/nodeType:Seed/nodeTypeIndex:0/name:dup_data_rcvd","unit":"bytes","dir":-1,"value":0}}}
{"ts":1594242923738782843,"msg":"","group_id":"single","run_id":"1568e7a0-c160-11ea-be4e-04d4c45522e8","event":{"type":"metric","metric":{"name":"latencyMS:5/bandwidthMB:1024/run:1/seq:2/groupName:single/groupSeq:2/fileSize:4194304/nodeType:Seed/nodeTypeIndex:0/name:blks_sent","unit":"blocks","dir":-1,"value":17}}}
{"ts":1594242923738804528,"msg":"","group_id":"single","run_id":"1568e7a0-c160-11ea-be4e-04d4c45522e8","event":{"type":"metric","metric":{"name":"latencyMS:5/bandwidthMB:1024/run:1/seq:2/groupName:single/groupSeq:2/fileSize:4194304/nodeType:Seed/nodeTypeIndex:0/name:blks_rcvd","unit":"blocks","dir":-1,"value":0}}}
{"ts":1594242923738876291,"msg":"","group_id":"single","run_id":"1568e7a0-c160-11ea-be4e-04d4c45522e8","event":{"type":"metric","metric":{"name":"latencyMS:5/bandwidthMB:1024/run:1/seq:2/groupName:single/groupSeq:2/fileSize:4194304/nodeType:Seed/nodeTypeIndex:0/name:dup_blks_rcvd","unit":"blocks","dir":-1,"value":0}}}
{"ts":1594242924833889230,"msg":"","group_id":"single","run_id":"1568e7a0-c160-11ea-be4e-04d4c45522e8","event":{"type":"finish","outcome":"ok"}}
{"ts":1594242924833992263,"msg":"","group_id":"single","run_id":"1568e7a0-c160-11ea-be4e-04d4c45522e8","event":{"type":"finish","outcome":"ok"}}
{"ts":1594242924834553340,"msg":"","group_id":"single","run_id":"1568e7a0-c160-11ea-be4e-04d4c45522e8","event":{"type":"message","message":"io closed"}}
