{"ts":1593817449546217290,"type":"gauge","name":"runtime.MemStats.MCacheSys","measures":{"value":16384}}
{"ts":1593817449546553851,"type":"gauge","name":"runtime.MemStats.NumGC","measures":{"value":0}}
{"ts":1593817449546596836,"type":"gauge","name":"runtime.MemStats.StackInuse","measures":{"value":491520}}
{"ts":1593817449546633488,"type":"gauge","name":"runtime.MemStats.Frees","measures":{"value":132}}
{"ts":1593817449546666769,"type":"gauge","name":"runtime.MemStats.HeapObjects","measures":{"value":2773}}
{"ts":1593817449546692766,"type":"gauge","name":"runtime.MemStats.HeapSys","measures":{"value":66617344}}
{"ts":1593817449546721991,"type":"gauge","name":"runtime.MemStats.Lookups","measures":{"value":0}}
{"ts":1593817449546752490,"type":"gauge","name":"runtime.MemStats.Alloc","measures":{"value":660800}}
{"ts":1593817449546778251,"type":"gauge","name":"runtime.MemStats.HeapAlloc","measures":{"value":660800}}
{"ts":1593817449546817234,"type":"gauge","name":"runtime.MemStats.LastGC","measures":{"value":0}}
{"ts":1593817449546849635,"type":"gauge","name":"runtime.MemStats.MSpanInuse","measures":{"value":54400}}
{"ts":1593817449546875782,"type":"gauge","name":"runtime.MemStats.HeapReleased","measures":{"value":64618496}}
{"ts":1593817449546907552,"type":"gauge","name":"runtime.MemStats.MSpanSys","measures":{"value":65536}}
{"ts":1593817449546936954,"type":"gauge","name":"runtime.MemStats.StackSys","measures":{"value":491520}}
{"ts":1593817449546961062,"type":"gauge","name":"runtime.MemStats.Sys","measures":{"value":71911432}}
{"ts":1593817449546989269,"type":"gauge","name":"runtime.MemStats.EnableGC","measures":{"value":1}}
{"ts":1593817449547012867,"type":"gauge","name":"runtime.MemStats.HeapInuse","measures":{"value":1867776}}
{"ts":1593817449547052423,"type":"gauge","name":"runtime.MemStats.NextGC","measures":{"value":4473924}}
{"ts":1593817449547101271,"type":"timer","name":"runtime.ReadMemStats","measures":{"count":1,"m1":0,"m15":0,"m5":0,"max":2969610,"mean":2969610,"meanrate":0.19986796985736943,"min":2969610,"p50":2969610,"p75":2969610,"p95":2969610,"p99":2969610,"p999":2969610,"p9999":2969610,"stddev":0,"variance":0}}
{"ts":1593817449547686483,"type":"gauge","name":"runtime.MemStats.BuckHashSys","measures":{"value":3902}}
{"ts":1593817449547758164,"type":"gauge","name":"runtime.MemStats.Mallocs","measures":{"value":2905}}
{"ts":1593817449547807799,"type":"gauge","name":"runtime.MemStats.PauseTotalNs","measures":{"value":0}}
{"ts":1593817449547838632,"type":"gauge","name":"runtime.MemStats.MCacheInuse","measures":{"value":10416}}
{"ts":1593817449547878171,"type":"gauge","name":"runtime.MemStats.GCCPUFraction","measures":{"value":0}}
{"ts":1593817449547943463,"type":"gauge","name":"runtime.MemStats.DebugGC","measures":{"value":0}}
{"ts":1593817449547971481,"type":"gauge","name":"runtime.MemStats.TotalAlloc","measures":{"value":660800}}
{"ts":1593817449548001378,"type":"gauge","name":"runtime.NumCgoCall","measures":{"value":5}}
{"ts":1593817449548026262,"type":"gauge","name":"runtime.NumGoroutine","measures":{"value":13}}
{"ts":1593817449548054828,"type":"gauge","name":"runtime.NumThread","measures":{"value":11}}
{"ts":1593817449548080404,"type":"gauge","name":"runtime.MemStats.HeapIdle","measures":{"value":64749568}}
{"ts":1593817449548109081,"type":"histogram","name":"runtime.MemStats.PauseNs","measures":{"count":0,"max":0,"mean":0,"min":0,"p50":0,"p75":0,"p95":0,"p99":0,"p999":0,"p9999":0,"stddev":0,"variance":0}}
{"ts":1593817454543377550,"type":"gauge","name":"runtime.MemStats.LastGC","measures":{"value":0}}
{"ts":1593817454543474500,"type":"gauge","name":"runtime.MemStats.MSpanInuse","measures":{"value":63104}}
{"ts":1593817454543510852,"type":"gauge","name":"runtime.MemStats.StackSys","measures":{"value":524288}}
{"ts":1593817454543544974,"type":"gauge","name":"runtime.MemStats.Sys","measures":{"value":72173576}}
{"ts":1593817454543586678,"type":"gauge","name":"runtime.MemStats.EnableGC","measures":{"value":1}}
{"ts":1593817454543622477,"type":"gauge","name":"runtime.MemStats.HeapInuse","measures":{"value":2048000}}
{"ts":1593817454543672463,"type":"gauge","name":"runtime.MemStats.HeapReleased","measures":{"value":64471040}}
{"ts":1593817454543707516,"type":"gauge","name":"runtime.MemStats.MSpanSys","measures":{"value":65536}}
{"ts":1593817454543734176,"type":"gauge","name":"runtime.MemStats.BuckHashSys","measures":{"value":3902}}
{"ts":1593817454543816480,"type":"gauge","name":"runtime.MemStats.Mallocs","measures":{"value":2342}}
{"ts":1593817454543846311,"type":"gauge","name":"runtime.MemStats.NextGC","measures":{"value":4473924}}
{"ts":1593817454543898603,"type":"timer","name":"runtime.ReadMemStats","measures":{"count":2,"m1":0.015991117074135343,"m15":0.0011080303990206543,"m5":0.0033057092356765017,"max":2969610,"mean":1555202.5,"meanrate":0.19999044679634032,"min":140795,"p50":1555202.5,"p75":2969610,"p95":2969610,"p99":2969610,"p999":2969610,"p9999":2969610,"stddev":1414407.5,"variance":2000548576056.25}}
{"ts":1593817454544570794,"type":"gauge","name":"runtime.MemStats.MCacheInuse","measures":{"value":10416}}
{"ts":1593817454544672812,"type":"gauge","name":"runtime.MemStats.GCCPUFraction","measures":{"value":0}}
{"ts":1593817454544738003,"type":"gauge","name":"runtime.MemStats.PauseTotalNs","measures":{"value":0}}
{"ts":1593817454544771249,"type":"gauge","name":"runtime.MemStats.DebugGC","measures":{"value":0}}
{"ts":1593817454544802677,"type":"gauge","name":"runtime.MemStats.TotalAlloc","measures":{"value":815600}}
{"ts":1593817454544831260,"type":"gauge","name":"runtime.NumThread","measures":{"value":11}}
{"ts":1593817454544861631,"type":"gauge","name":"runtime.MemStats.HeapIdle","measures":{"value":64536576}}
{"ts":1593817454544889232,"type":"histogram","name":"runtime.MemStats.PauseNs","measures":{"count":0,"max":0,"mean":0,"min":0,"p50":0,"p75":0,"p95":0,"p99":0,"p999":0,"p9999":0,"stddev":0,"variance":0}}
{"ts":1593817454545178136,"type":"gauge","name":"runtime.NumCgoCall","measures":{"value":0}}
{"ts":1593817454545213139,"type":"gauge","name":"runtime.NumGoroutine","measures":{"value":13}}
{"ts":1593817454545241101,"type":"gauge","name":"runtime.MemStats.StackInuse","measures":{"value":524288}}
{"ts":1593817454545272180,"type":"gauge","name":"runtime.MemStats.Frees","measures":{"value":319}}
{"ts":1593817454545298938,"type":"gauge","name":"runtime.MemStats.HeapObjects","measures":{"value":4796}}
{"ts":1593817454545329787,"type":"gauge","name":"runtime.MemStats.MCacheSys","measures":{"value":16384}}
{"ts":1593817454545355933,"type":"gauge","name":"runtime.MemStats.NumGC","measures":{"value":0}}
{"ts":1593817454545384556,"type":"gauge","name":"runtime.MemStats.Alloc","measures":{"value":815600}}
{"ts":1593817454545410453,"type":"gauge","name":"runtime.MemStats.HeapAlloc","measures":{"value":815600}}
{"ts":1593817454545456090,"type":"gauge","name":"runtime.MemStats.HeapSys","measures":{"value":66584576}}
{"ts":1593817454545482159,"type":"gauge","name":"runtime.MemStats.Lookups","measures":{"value":0}}
