{"ts":1593200035375551820,"type":"gauge","name":"runtime.MemStats.Frees","measures":{"value":241}}
{"ts":1593200035375664810,"type":"gauge","name":"runtime.MemStats.NumGC","measures":{"value":0}}
{"ts":1593200035375678023,"type":"histogram","name":"runtime.MemStats.PauseNs","measures":{"count":0,"max":0,"mean":0,"min":0,"p50":0,"p75":0,"p95":0,"p99":0,"p999":0,"p9999":0,"stddev":0,"variance":0}}
{"ts":1593200035375747157,"type":"gauge","name":"runtime.NumGoroutine","measures":{"value":13}}
{"ts":1593200035375755526,"type":"gauge","name":"runtime.MemStats.Alloc","measures":{"value":826744}}
{"ts":1593200035375763178,"type":"gauge","name":"runtime.MemStats.EnableGC","measures":{"value":1}}
{"ts":1593200035375769477,"type":"gauge","name":"runtime.MemStats.MSpanSys","measures":{"value":65536}}
{"ts":1593200035375777169,"type":"gauge","name":"runtime.NumThread","measures":{"value":9}}
{"ts":1593200035375783516,"type":"gauge","name":"runtime.MemStats.DebugGC","measures":{"value":0}}
{"ts":1593200035375790825,"type":"gauge","name":"runtime.MemStats.MCacheInuse","measures":{"value":10416}}
{"ts":1593200035375797265,"type":"timer","name":"runtime.ReadMemStats","measures":{"count":1,"m1":0,"m15":0,"m5":0,"max":68125,"mean":68125,"meanrate":0.19997742594822668,"min":68125,"p50":68125,"p75":68125,"p95":68125,"p99":68125,"p999":68125,"p9999":68125,"stddev":0,"variance":0}}
{"ts":1593200035375974007,"type":"gauge","name":"runtime.MemStats.HeapObjects","measures":{"value":3732}}
{"ts":1593200035376004335,"type":"gauge","name":"runtime.MemStats.Sys","measures":{"value":73351424}}
{"ts":1593200035376020137,"type":"gauge","name":"runtime.NumCgoCall","measures":{"value":1}}
{"ts":1593200035376027449,"type":"gauge","name":"runtime.MemStats.LastGC","measures":{"value":0}}
{"ts":1593200035376035186,"type":"gauge","name":"runtime.MemStats.Lookups","measures":{"value":0}}
{"ts":1593200035376041577,"type":"gauge","name":"runtime.MemStats.Mallocs","measures":{"value":3973}}
{"ts":1593200035376048835,"type":"gauge","name":"runtime.MemStats.MCacheSys","measures":{"value":16384}}
{"ts":1593200035376055531,"type":"gauge","name":"runtime.MemStats.BuckHashSys","measures":{"value":1444254}}
{"ts":1593200035376062811,"type":"gauge","name":"runtime.MemStats.HeapInuse","measures":{"value":2170880}}
{"ts":1593200035376071510,"type":"gauge","name":"runtime.MemStats.PauseTotalNs","measures":{"value":0}}
{"ts":1593200035376079541,"type":"gauge","name":"runtime.MemStats.StackSys","measures":{"value":524288}}
{"ts":1593200035376085821,"type":"gauge","name":"runtime.MemStats.HeapReleased","measures":{"value":64315392}}
{"ts":1593200035376097022,"type":"gauge","name":"runtime.MemStats.NextGC","measures":{"value":4473924}}
{"ts":1593200035376116842,"type":"gauge","name":"runtime.MemStats.MSpanInuse","measures":{"value":54400}}
{"ts":1593200035376128622,"type":"gauge","name":"runtime.MemStats.GCCPUFraction","measures":{"value":0}}
{"ts":1593200035376137456,"type":"gauge","name":"runtime.MemStats.HeapAlloc","measures":{"value":826744}}
{"ts":1593200035376146461,"type":"gauge","name":"runtime.MemStats.HeapIdle","measures":{"value":64413696}}
{"ts":1593200035376167823,"type":"gauge","name":"runtime.MemStats.TotalAlloc","measures":{"value":826744}}
{"ts":1593200035376178813,"type":"gauge","name":"runtime.MemStats.HeapSys","measures":{"value":66584576}}
{"ts":1593200035376185995,"type":"gauge","name":"runtime.MemStats.StackInuse","measures":{"value":524288}}
