{"ts":1594319958084073938,"type":"gauge","name":"runtime.MemStats.Frees","measures":{"value":253}}
{"ts":1594319958084414962,"type":"gauge","name":"runtime.MemStats.Sys","measures":{"value":73351424}}
{"ts":1594319958084479162,"type":"timer","name":"runtime.ReadMemStats","measures":{"count":1,"m1":0,"m15":0,"m5":0,"max":169884,"mean":169884,"meanrate":0.19998267490092533,"min":169884,"p50":169884,"p75":169884,"p95":169884,"p99":169884,"p999":169884,"p9999":169884,"stddev":0,"variance":0}}
{"ts":1594319958085126579,"type":"gauge","name":"runtime.MemStats.DebugGC","measures":{"value":0}}
{"ts":1594319958085299621,"type":"gauge","name":"runtime.MemStats.MSpanInuse","measures":{"value":45696}}
{"ts":1594319958085361384,"type":"gauge","name":"runtime.MemStats.GCCPUFraction","measures":{"value":0}}
{"ts":1594319958085399818,"type":"gauge","name":"runtime.MemStats.StackInuse","measures":{"value":557056}}
{"ts":1594319958085450063,"type":"gauge","name":"runtime.MemStats.HeapReleased","measures":{"value":64077824}}
{"ts":1594319958085540196,"type":"gauge","name":"runtime.NumGoroutine","measures":{"value":14}}
{"ts":1594319958085585141,"type":"gauge","name":"runtime.MemStats.HeapAlloc","measures":{"value":843624}}
{"ts":1594319958085622163,"type":"gauge","name":"runtime.MemStats.HeapIdle","measures":{"value":64143360}}
{"ts":1594319958085658405,"type":"gauge","name":"runtime.MemStats.LastGC","measures":{"value":0}}
{"ts":1594319958085685742,"type":"gauge","name":"runtime.MemStats.MSpanSys","measures":{"value":49152}}
{"ts":1594319958085718413,"type":"gauge","name":"runtime.MemStats.NumGC","measures":{"value":0}}
{"ts":1594319958085752147,"type":"gauge","name":"runtime.MemStats.TotalAlloc","measures":{"value":843624}}
{"ts":1594319958085786690,"type":"gauge","name":"runtime.NumCgoCall","measures":{"value":1}}
{"ts":1594319958085813071,"type":"gauge","name":"runtime.MemStats.BuckHashSys","measures":{"value":1444134}}
{"ts":1594319958085845973,"type":"gauge","name":"runtime.NumThread","measures":{"value":8}}
{"ts":1594319958085888458,"type":"gauge","name":"runtime.MemStats.HeapSys","measures":{"value":66551808}}
{"ts":1594319958085931351,"type":"gauge","name":"runtime.MemStats.Lookups","measures":{"value":0}}
{"ts":1594319958086030305,"type":"gauge","name":"runtime.MemStats.MCacheInuse","measures":{"value":10416}}
{"ts":1594319958086122711,"type":"gauge","name":"runtime.MemStats.MCacheSys","measures":{"value":16384}}
{"ts":1594319958086163325,"type":"gauge","name":"runtime.MemStats.EnableGC","measures":{"value":1}}
{"ts":1594319958086198107,"type":"gauge","name":"runtime.MemStats.Mallocs","measures":{"value":4231}}
{"ts":1594319958086232589,"type":"gauge","name":"runtime.MemStats.NextGC","measures":{"value":4473924}}
{"ts":1594319958086277731,"type":"gauge","name":"runtime.MemStats.PauseTotalNs","measures":{"value":0}}
{"ts":1594319958086313739,"type":"gauge","name":"runtime.MemStats.StackSys","measures":{"value":557056}}
{"ts":1594319958086354089,"type":"gauge","name":"runtime.MemStats.HeapInuse","measures":{"value":2408448}}
{"ts":1594319958086382455,"type":"gauge","name":"runtime.MemStats.HeapObjects","measures":{"value":3978}}
{"ts":1594319958086419122,"type":"histogram","name":"runtime.MemStats.PauseNs","measures":{"count":0,"max":0,"mean":0,"min":0,"p50":0,"p75":0,"p95":0,"p99":0,"p999":0,"p9999":0,"stddev":0,"variance":0}}
{"ts":1594319958086884664,"type":"gauge","name":"runtime.MemStats.Alloc","measures":{"value":843624}}
