{"ts":1594319953083815056,"msg":"","group_id":"single","run_id":"137b7c536fee","event":{"type":"message","message":"registering default http handler at: http://[::]:6060/ (pprof: http://[::]:6060/debug/pprof/)"}}
{"ts":1594319953083850991,"msg":"","group_id":"single","run_id":"137b7c536fee","event":{"type":"start","runenv":{"plan":"network","case":"ping-pong","run":"137b7c536fee","params":{},"instances":2,"outputs_path":"/outputs","network":"16.1.0.0/16","group":"single","group_instances":2}}}
{"ts":1594319953083936389,"msg":"","group_id":"single","run_id":"137b7c536fee","event":{"type":"message","message":"before sync.MustBoundClient"}}
{"ts":1594319953084815539,"msg":"","group_id":"single","run_id":"137b7c536fee","event":{"type":"message","message":"before netclient.MustWaitNetworkInitialized"}}
{"ts":1594319954085507229,"msg":"","group_id":"single","run_id":"137b7c536fee","event":{"type":"message","message":"network initialisation successful"}}
{"ts":1594319954086012572,"msg":"","group_id":"single","run_id":"137b7c536fee","event":{"type":"message","message":"before netclient.MustConfigureNetwork"}}
{"ts":1594319954086856674,"msg":"","group_id":"single","run_id":"137b7c536fee","event":{"type":"message","message":"failed to send batch to InfluxDB; attempt 0; err: {\"error\":\"database not found: \\\"testground\\\"\"}\n"}}
{"ts":1594319954675333305,"msg":"","group_id":"single","run_id":"137b7c536fee","event":{"type":"message","message":"failed to send batch to InfluxDB; attempt 1; err: {\"error\":\"database not found: \\\"testground\\\"\"}\n"}}
{"ts":1594319955725693340,"msg":"","group_id":"single","run_id":"137b7c536fee","event":{"type":"message","message":"failed to send batch to InfluxDB; attempt 2; err: {\"error\":\"database not found: \\\"testground\\\"\"}\n"}}
{"ts":1594319956089652351,"msg":"","group_id":"single","run_id":"137b7c536fee","event":{"type":"message","message":"I am 1"}}
{"ts":1594319956089796107,"msg":"","group_id":"single","run_id":"137b7c536fee","event":{"type":"message","message":"before reconfiguring network"}}
{"ts":1594319957593738064,"msg":"","group_id":"single","run_id":"137b7c536fee","event":{"type":"message","message":"waiting until ready"}}
{"ts":1594319957593853833,"msg":"","group_id":"single","run_id":"137b7c536fee","event":{"type":"message","message":"writing my id"}}
{"ts":1594319957593890919,"msg":"","group_id":"single","run_id":"137b7c536fee","event":{"type":"message","message":"reading their id"}}
{"ts":1594319957759940664,"msg":"","group_id":"single","run_id":"137b7c536fee","event":{"type":"message","message":"failed to send batch to InfluxDB; attempt 3; err: {\"error\":\"database not found: \\\"testground\\\"\"}\n"}}
{"ts":1594319957794231679,"msg":"","group_id":"single","run_id":"137b7c536fee","event":{"type":"message","message":"returning their id"}}
{"ts":1594319957794326845,"msg":"","group_id":"single","run_id":"137b7c536fee","event":{"type":"message","message":"reading my id"}}
{"ts":1594319957794351666,"msg":"","group_id":"single","run_id":"137b7c536fee","event":{"type":"message","message":"done"}}
{"ts":1594319957794387005,"msg":"","group_id":"single","run_id":"137b7c536fee","event":{"type":"message","message":"ping RTT was 200.514639ms [200ms, 215ms]"}}
{"ts":1594319959796563379,"msg":"","group_id":"single","run_id":"137b7c536fee","event":{"type":"message","message":"ping pong"}}
{"ts":1594319959796601560,"msg":"","group_id":"single","run_id":"137b7c536fee","event":{"type":"message","message":"waiting until ready"}}
{"ts":1594319959796631610,"msg":"","group_id":"single","run_id":"137b7c536fee","event":{"type":"message","message":"writing my id"}}
{"ts":1594319959796646028,"msg":"","group_id":"single","run_id":"137b7c536fee","event":{"type":"message","message":"reading their id"}}
{"ts":1594319959816797303,"msg":"","group_id":"single","run_id":"137b7c536fee","event":{"type":"message","message":"returning their id"}}
{"ts":1594319959816822651,"msg":"","group_id":"single","run_id":"137b7c536fee","event":{"type":"message","message":"reading my id"}}
{"ts":1594319959816834173,"msg":"","group_id":"single","run_id":"137b7c536fee","event":{"type":"message","message":"done"}}
{"ts":1594319959816860108,"msg":"","group_id":"single","run_id":"137b7c536fee","event":{"type":"message","message":"ping RTT was 20.2236ms [20ms, 35ms]"}}
{"ts":1594319960817971145,"msg":"","group_id":"single","run_id":"137b7c536fee","event":{"type":"finish","outcome":"ok"}}
{"ts":1594319960831436947,"msg":"","group_id":"single","run_id":"137b7c536fee","event":{"type":"message","message":"io closed"}}
{"ts":1594319961792418015,"msg":"","group_id":"single","run_id":"137b7c536fee","event":{"type":"message","message":"failed to send batch to InfluxDB; attempt 4; err: {\"error\":\"database not found: \\\"testground\\\"\"}\n"}}
{"ts":1594319961792467755,"msg":"","group_id":"single","run_id":"137b7c536fee","event":{"type":"message","message":"influxdb: failed to upload 1 points; err: All attempts fail:\n#1: {\"error\":\"database not found: \\\"testground\\\"\"}\n\n#2: {\"error\":\"database not found: \\\"testground\\\"\"}\n\n#3: {\"error\":\"database not found: \\\"testground\\\"\"}\n\n#4: {\"error\":\"database not found: \\\"testground\\\"\"}\n\n#5: {\"error\":\"database not found: \\\"testground\\\"\"}\n"}}
{"ts":1594319961792979737,"msg":"","group_id":"single","run_id":"137b7c536fee","event":{"type":"message","message":"failed to send batch to InfluxDB; attempt 0; err: {\"error\":\"database not found: \\\"testground\\\"\"}\n"}}
{"ts":1594319962374702808,"msg":"","group_id":"single","run_id":"137b7c536fee","event":{"type":"message","message":"failed to send batch to InfluxDB; attempt 1; err: {\"error\":\"database not found: \\\"testground\\\"\"}\n"}}
{"ts":1594319963436549788,"msg":"","group_id":"single","run_id":"137b7c536fee","event":{"type":"message","message":"failed to send batch to InfluxDB; attempt 2; err: {\"error\":\"database not found: \\\"testground\\\"\"}\n"}}
{"ts":1594319965501538478,"msg":"","group_id":"single","run_id":"137b7c536fee","event":{"type":"message","message":"failed to send batch to InfluxDB; attempt 3; err: {\"error\":\"database not found: \\\"testground\\\"\"}\n"}}
{"ts":1594319969587443320,"msg":"","group_id":"single","run_id":"137b7c536fee","event":{"type":"message","message":"failed to send batch to InfluxDB; attempt 4; err: {\"error\":\"database not found: \\\"testground\\\"\"}\n"}}
{"ts":1594319969587565076,"msg":"","group_id":"single","run_id":"137b7c536fee","event":{"type":"message","message":"influxdb: failed to upload 59 points; err: All attempts fail:\n#1: {\"error\":\"database not found: \\\"testground\\\"\"}\n\n#2: {\"error\":\"database not found: \\\"testground\\\"\"}\n\n#3: {\"error\":\"database not found: \\\"testground\\\"\"}\n\n#4: {\"error\":\"database not found: \\\"testground\\\"\"}\n\n#5: {\"error\":\"database not found: \\\"testground\\\"\"}\n"}}
