{"ts":1593817449543096276,"type":"gauge","name":"runtime.MemStats.HeapInuse","measures":{"value":1867776}}
{"ts":1593817449543420364,"type":"gauge","name":"runtime.MemStats.LastGC","measures":{"value":0}}
{"ts":1593817449543464174,"type":"gauge","name":"runtime.MemStats.NumGC","measures":{"value":0}}
{"ts":1593817449543490760,"type":"histogram","name":"runtime.MemStats.PauseNs","measures":{"count":0,"max":0,"mean":0,"min":0,"p50":0,"p75":0,"p95":0,"p99":0,"p999":0,"p9999":0,"stddev":0,"variance":0}}
{"ts":1593817449543777027,"type":"gauge","name":"runtime.MemStats.DebugGC","measures":{"value":0}}
{"ts":1593817449543817382,"type":"gauge","name":"runtime.MemStats.Lookups","measures":{"value":0}}
{"ts":1593817449543843332,"type":"gauge","name":"runtime.MemStats.MCacheInuse","measures":{"value":10416}}
{"ts":1593817449543890704,"type":"gauge","name":"runtime.MemStats.StackInuse","measures":{"value":622592}}
{"ts":1593817449543917319,"type":"gauge","name":"runtime.MemStats.HeapObjects","measures":{"value":2823}}
{"ts":1593817449543946516,"type":"gauge","name":"runtime.MemStats.HeapSys","measures":{"value":66486272}}
{"ts":1593817449543981226,"type":"gauge","name":"runtime.MemStats.NextGC","measures":{"value":4473924}}
{"ts":1593817449544012734,"type":"timer","name":"runtime.ReadMemStats","measures":{"count":1,"m1":0,"m15":0,"m5":0,"max":175484,"mean":175484,"meanrate":0.1999827801227485,"min":175484,"p50":175484,"p75":175484,"p95":175484,"p99":175484,"p999":175484,"p9999":175484,"stddev":0,"variance":0}}
{"ts":1593817449544764300,"type":"gauge","name":"runtime.MemStats.Frees","measures":{"value":131}}
{"ts":1593817449544830416,"type":"gauge","name":"runtime.MemStats.HeapIdle","measures":{"value":64618496}}
{"ts":1593817449544867080,"type":"gauge","name":"runtime.MemStats.MCacheSys","measures":{"value":16384}}
{"ts":1593817449544895018,"type":"gauge","name":"runtime.MemStats.MSpanInuse","measures":{"value":63104}}
{"ts":1593817449544924307,"type":"gauge","name":"runtime.MemStats.TotalAlloc","measures":{"value":667232}}
{"ts":1593817449544950580,"type":"gauge","name":"runtime.MemStats.BuckHashSys","measures":{"value":1444750}}
{"ts":1593817449544980401,"type":"gauge","name":"runtime.MemStats.HeapAlloc","measures":{"value":667232}}
{"ts":1593817449545006134,"type":"gauge","name":"runtime.MemStats.Mallocs","measures":{"value":2954}}
{"ts":1593817449545035192,"type":"gauge","name":"runtime.MemStats.Sys","measures":{"value":73351424}}
{"ts":1593817449545060786,"type":"gauge","name":"runtime.NumGoroutine","measures":{"value":13}}
{"ts":1593817449545088769,"type":"gauge","name":"runtime.NumThread","measures":{"value":12}}
{"ts":1593817449545113539,"type":"gauge","name":"runtime.MemStats.EnableGC","measures":{"value":1}}
{"ts":1593817449545147842,"type":"gauge","name":"runtime.MemStats.GCCPUFraction","measures":{"value":0}}
{"ts":1593817449545179126,"type":"gauge","name":"runtime.MemStats.PauseTotalNs","measures":{"value":0}}
{"ts":1593817449545208566,"type":"gauge","name":"runtime.MemStats.StackSys","measures":{"value":622592}}
{"ts":1593817449545234088,"type":"gauge","name":"runtime.MemStats.Alloc","measures":{"value":667232}}
{"ts":1593817449545263509,"type":"gauge","name":"runtime.MemStats.HeapReleased","measures":{"value":64552960}}
{"ts":1593817449545289076,"type":"gauge","name":"runtime.MemStats.MSpanSys","measures":{"value":65536}}
{"ts":1593817449545317727,"type":"gauge","name":"runtime.NumCgoCall","measures":{"value":5}}
{"ts":1593817454542972083,"type":"gauge","name":"runtime.MemStats.StackInuse","measures":{"value":655360}}
{"ts":1593817454543081995,"type":"timer","name":"runtime.ReadMemStats","measures":{"count":2,"m1":0.015991117074135343,"m15":0.0011080303990206543,"m5":0.0033057092356765017,"max":175484,"mean":131149,"meanrate":0.1999932704264434,"min":86814,"p50":131149,"p75":175484,"p95":175484,"p99":175484,"p999":175484,"p9999":175484,"stddev":44335,"variance":1965592225}}
{"ts":1593817454543800468,"type":"gauge","name":"runtime.MemStats.HeapObjects","measures":{"value":4813}}
{"ts":1593817454543911733,"type":"gauge","name":"runtime.MemStats.HeapSys","measures":{"value":66453504}}
{"ts":1593817454544061708,"type":"gauge","name":"runtime.MemStats.NextGC","measures":{"value":4473924}}
{"ts":1593817454544109460,"type":"gauge","name":"runtime.MemStats.MSpanInuse","measures":{"value":63104}}
{"ts":1593817454544150788,"type":"gauge","name":"runtime.MemStats.TotalAlloc","measures":{"value":816608}}
{"ts":1593817454544184183,"type":"gauge","name":"runtime.MemStats.Frees","measures":{"value":321}}
{"ts":1593817454544210307,"type":"gauge","name":"runtime.MemStats.HeapIdle","measures":{"value":64454656}}
{"ts":1593817454544240593,"type":"gauge","name":"runtime.MemStats.MCacheSys","measures":{"value":16384}}
{"ts":1593817454544285145,"type":"gauge","name":"runtime.MemStats.Sys","measures":{"value":73351424}}
{"ts":1593817454544339909,"type":"gauge","name":"runtime.NumGoroutine","measures":{"value":13}}
{"ts":1593817454544368001,"type":"gauge","name":"runtime.NumThread","measures":{"value":12}}
{"ts":1593817454544397638,"type":"gauge","name":"runtime.MemStats.BuckHashSys","measures":{"value":1444750}}
{"ts":1593817454544439526,"type":"gauge","name":"runtime.MemStats.HeapAlloc","measures":{"value":816608}}
{"ts":1593817454544471744,"type":"gauge","name":"runtime.MemStats.Mallocs","measures":{"value":2311}}
{"ts":1593817454544521481,"type":"gauge","name":"runtime.MemStats.StackSys","measures":{"value":655360}}
{"ts":1593817454544549606,"type":"gauge","name":"runtime.MemStats.EnableGC","measures":{"value":1}}
{"ts":1593817454544578210,"type":"gauge","name":"runtime.MemStats.GCCPUFraction","measures":{"value":0}}
{"ts":1593817454544609224,"type":"gauge","name":"runtime.MemStats.PauseTotalNs","measures":{"value":0}}
{"ts":1593817454544640000,"type":"gauge","name":"runtime.NumCgoCall","measures":{"value":0}}
{"ts":1593817454544664474,"type":"gauge","name":"runtime.MemStats.Alloc","measures":{"value":816608}}
{"ts":1593817454544693044,"type":"gauge","name":"runtime.MemStats.HeapReleased","measures":{"value":64389120}}
{"ts":1593817454544717385,"type":"gauge","name":"runtime.MemStats.MSpanSys","measures":{"value":65536}}
{"ts":1593817454544745419,"type":"histogram","name":"runtime.MemStats.PauseNs","measures":{"count":0,"max":0,"mean":0,"min":0,"p50":0,"p75":0,"p95":0,"p99":0,"p999":0,"p9999":0,"stddev":0,"variance":0}}
{"ts":1593817454545020884,"type":"gauge","name":"runtime.MemStats.HeapInuse","measures":{"value":1998848}}
{"ts":1593817454545052822,"type":"gauge","name":"runtime.MemStats.LastGC","measures":{"value":0}}
{"ts":1593817454545082203,"type":"gauge","name":"runtime.MemStats.NumGC","measures":{"value":0}}
{"ts":1593817454545106085,"type":"gauge","name":"runtime.MemStats.DebugGC","measures":{"value":0}}
{"ts":1593817454545133886,"type":"gauge","name":"runtime.MemStats.Lookups","measures":{"value":0}}
{"ts":1593817454545157486,"type":"gauge","name":"runtime.MemStats.MCacheInuse","measures":{"value":10416}}
