{"ts":1595279582188428075,"msg":"","group_id":"single","run_id":"be8630c8d0c3","event":{"type":"message","message":"registering default http handler at: http://[::]:6060/ (pprof: http://[::]:6060/debug/pprof/)"}}
{"ts":1595279582188484803,"msg":"","group_id":"single","run_id":"be8630c8d0c3","event":{"type":"start","runenv":{"plan":"bitswap","case":"transfer","params":{"bandwidth_mb":"1024","bstore_delay_ms":"5","file_size":"4194304","jitter_pct":"10","latency_ms":"5","leech_count":"1","parallel_gen_mb":"100","passive_count":"0","request_stagger":"0","run_count":"1","run_timeout_secs":"90","timeout_secs":"300"},"instances":2,"outputs_path":"/outputs","network":"ip+net","group":"single","group_instances":2}}}
{"ts":1595279582376271690,"msg":"","group_id":"single","run_id":"be8630c8d0c3","event":{"type":"message","message":"I am QmcKz7R3G784Zw4djA9xWynAQdkqf1Du2XnVVAx3J2k1wc with addrs: [/ip4/127.0.0.1/tcp/35349 /ip4/16.1.0.3/tcp/35349 /ip4/192.18.0.7/tcp/35349]"}}
{"ts":1595279582376533501,"msg":"","group_id":"single","run_id":"be8630c8d0c3","event":{"type":"message","message":"I am Seed 0 - seq 2 / 2"}}
{"ts":1595279582376985061,"msg":"","group_id":"single","run_id":"be8630c8d0c3","event":{"type":"message","message":"network initialisation successful"}}
{"ts":1595279582377072536,"msg":"","group_id":"single","run_id":"be8630c8d0c3","event":{"type":"message","message":"Seed 0 has 5ms latency (10% jitter) and 1024MB bandwidth"}}
{"ts":1595279583377719653,"msg":"","group_id":"single","run_id":"be8630c8d0c3","event":{"type":"message","message":"Starting run 1 / 1 (4194304 bytes)"}}
{"ts":1595279583378513952,"msg":"","group_id":"single","run_id":"be8630c8d0c3","event":{"type":"message","message":"Generating seed data of 4194304 bytes"}}
{"ts":1595279583580692701,"msg":"","group_id":"single","run_id":"be8630c8d0c3","event":{"type":"message","message":"Done generating seed data of 4194304 bytes (202.171474ms)"}}
{"ts":1595279584581382602,"msg":"","group_id":"single","run_id":"be8630c8d0c3","event":{"type":"message","message":"Dialed 0 other nodes"}}
{"ts":1595279586582123071,"msg":"","group_id":"single","run_id":"be8630c8d0c3","event":{"type":"metric","metric":{"name":"latencyMS:5/bandwidthMB:1024/run:1/seq:2/groupName:single/groupSeq:2/fileSize:4194304/nodeType:Seed/nodeTypeIndex:0/name:msgs_rcvd","unit":"messages","dir":-1,"value":18}}}
{"ts":1595279586582172612,"msg":"","group_id":"single","run_id":"be8630c8d0c3","event":{"type":"metric","metric":{"name":"latencyMS:5/bandwidthMB:1024/run:1/seq:2/groupName:single/groupSeq:2/fileSize:4194304/nodeType:Seed/nodeTypeIndex:0/name:data_sent","unit":"bytes","dir":-1,"value":4195337}}}
{"ts":1595279586582179268,"msg":"","group_id":"single","run_id":"be8630c8d0c3","event":{"type":"metric","metric":{"name":"latencyMS:5/bandwidthMB:1024/run:1/seq:2/groupName:single/groupSeq:2/fileSize:4194304/nodeType:Seed/nodeTypeIndex:0/name:data_rcvd","unit":"bytes","dir":-1,"value":0}}}
{"ts":1595279586582184781,"msg":"","group_id":"single","run_id":"be8630c8d0c3","event":{"type":"metric","metric":{"name":"latencyMS:5/bandwidthMB:1024/run:1/seq:2/groupName:single/groupSeq:2/fileSize:4194304/nodeType:Seed/nodeTypeIndex:0/name:dup_data_rcvd","unit":"bytes","dir":-1,"value":0}}}
{"ts":1595279586582189779,"msg":"","group_id":"single","run_id":"be8630c8d0c3","event":{"type":"metric","metric":{"name":"latencyMS:5/bandwidthMB:1024/run:1/seq:2/groupName:single/groupSeq:2/fileSize:4194304/nodeType:Seed/nodeTypeIndex:0/name:blks_sent","unit":"blocks","dir":-1,"value":17}}}
{"ts":1595279586582195183,"msg":"","group_id":"single","run_id":"be8630c8d0c3","event":{"type":"metric","metric":{"name":"latencyMS:5/bandwidthMB:1024/run:1/seq:2/groupName:single/groupSeq:2/fileSize:4194304/nodeType:Seed/nodeTypeIndex:0/name:blks_rcvd","unit":"blocks","dir":-1,"value":0}}}
{"ts":1595279586582200450,"msg":"","group_id":"single","run_id":"be8630c8d0c3","event":{"type":"metric","metric":{"name":"latencyMS:5/bandwidthMB:1024/run:1/seq:2/groupName:single/groupSeq:2/fileSize:4194304/nodeType:Seed/nodeTypeIndex:0/name:dup_blks_rcvd","unit":"blocks","dir":-1,"value":0}}}
{"ts":1595279586675715475,"msg":"","group_id":"single","run_id":"be8630c8d0c3","event":{"type":"finish","outcome":"ok"}}
{"ts":1595279586675924530,"msg":"","group_id":"single","run_id":"be8630c8d0c3","event":{"type":"finish","outcome":"ok"}}
{"ts":1595279586689187629,"msg":"","group_id":"single","run_id":"be8630c8d0c3","event":{"type":"message","message":"io closed"}}
